#-----------------------------------------------------------
# Vivado v2018.3 (64-bit)
# SW Build 2405991 on Thu Dec  6 23:38:27 MST 2018
# IP Build 2404404 on Fri Dec  7 01:43:56 MST 2018
# Start of session at: Wed May 11 10:58:59 2022
# Process ID: 15068
# Current directory: C:/Users/berke/Desktop/OKUL/SoC/SoC_Project_Final/pazar_24.04.2022
# Command line: vivado.exe -gui_launcher_event rodinguilauncherevent10552 C:\Users\berke\Desktop\OKUL\SoC\SoC_Project_Final\pazar_24.04.2022\pazar_24.04.2022.xpr
# Log file: C:/Users/berke/Desktop/OKUL/SoC/SoC_Project_Final/pazar_24.04.2022/vivado.log
# Journal file: C:/Users/berke/Desktop/OKUL/SoC/SoC_Project_Final/pazar_24.04.2022\vivado.jou
#-----------------------------------------------------------
start_gui
open_project C:/Users/berke/Desktop/OKUL/SoC/SoC_Project_Final/pazar_24.04.2022/pazar_24.04.2022.xpr
INFO: [Project 1-313] Project file moved from 'C:/Users/zeyne/hw/pazar_24.04.2022' since last save.
CRITICAL WARNING: [Project 1-311] Could not find the file 'C:/Users/berke/Desktop/OKUL/SoC/Downloads/error_drc_23_20_suppress.tcl', nor could it be found using path 'C:/Users/zeyne/Downloads/error_drc_23_20_suppress.tcl'.
Scanning sources...
Finished scanning sources
WARNING: [filemgmt 56-2] impl_1 strategy "Vivado Implementation Defaults," step write_bitstream, attribute : Could not find the file 'C:/Users/berke/Desktop/OKUL/SoC/Downloads/error_drc_23_20_suppress.tcl', nor could it be found using path 'C:/Users/zeyne/Downloads/error_drc_23_20_suppress.tcl'.
INFO: [IP_Flow 19-234] Refreshing IP repositories
INFO: [IP_Flow 19-1704] No user IP repositories specified
INFO: [IP_Flow 19-2313] Loaded Vivado IP repository 'C:/Xilinx_2018/Vivado/2018.3/data/ip'.
open_project: Time (s): cpu = 00:00:19 ; elapsed = 00:00:14 . Memory (MB): peak = 826.660 ; gain = 243.586
update_compile_order -fileset sources_1
open_bd_design {C:/Users/berke/Desktop/OKUL/SoC/SoC_Project_Final/pazar_24.04.2022/pazar_24.04.2022.srcs/sources_1/bd/design_1/design_1.bd}
Adding cell -- xilinx.com:ip:xlconcat:2.1 - microblaze_0_xlconcat
Adding cell -- xilinx.com:ip:proc_sys_reset:5.0 - rst_ps7_0_100M
Adding cell -- xilinx.com:ip:processing_system7:5.5 - processing_system7_0
Adding cell -- xilinx.com:ip:axi_interconnect:2.1 - ps7_0_axi_periph
Adding cell -- xilinx.com:ip:axi_crossbar:2.1 - xbar
Adding cell -- xilinx.com:ip:axi_protocol_converter:2.1 - auto_pc
Adding cell -- xilinx.com:ip:microblaze:11.0 - microblaze_0
Adding cell -- xilinx.com:ip:lmb_v10:3.0 - dlmb_v10
Adding cell -- xilinx.com:ip:lmb_v10:3.0 - ilmb_v10
Adding cell -- xilinx.com:ip:lmb_bram_if_cntlr:4.0 - dlmb_bram_if_cntlr
Adding cell -- xilinx.com:ip:lmb_bram_if_cntlr:4.0 - ilmb_bram_if_cntlr
Adding cell -- xilinx.com:ip:blk_mem_gen:8.4 - lmb_bram
Adding cell -- xilinx.com:ip:axi_interconnect:2.1 - microblaze_0_axi_periph
Adding cell -- xilinx.com:ip:axi_crossbar:2.1 - xbar
Adding cell -- xilinx.com:ip:axi_protocol_converter:2.1 - auto_pc
Adding cell -- xilinx.com:ip:axi_protocol_converter:2.1 - auto_pc
Adding cell -- xilinx.com:ip:axi_intc:4.1 - microblaze_0_axi_intc
Adding cell -- xilinx.com:ip:mdm:3.2 - mdm_1
Adding cell -- xilinx.com:ip:mailbox:2.1 - mailbox_0
Adding cell -- xilinx.com:ip:mutex:2.1 - mutex_0
Adding cell -- xilinx.com:ip:axi_gpio:2.0 - axi_gpio_1
Adding cell -- xilinx.com:ip:xlconcat:2.1 - xlconcat_0
Adding cell -- xilinx.com:ip:microblaze:11.0 - microblaze_1
Adding cell -- xilinx.com:ip:lmb_v10:3.0 - dlmb_v10
Adding cell -- xilinx.com:ip:lmb_v10:3.0 - ilmb_v10
Adding cell -- xilinx.com:ip:lmb_bram_if_cntlr:4.0 - dlmb_bram_if_cntlr
Adding cell -- xilinx.com:ip:lmb_bram_if_cntlr:4.0 - ilmb_bram_if_cntlr
Adding cell -- xilinx.com:ip:blk_mem_gen:8.4 - lmb_bram
Adding cell -- xilinx.com:ip:axi_interconnect:2.1 - microblaze_1_axi_periph
Adding cell -- xilinx.com:ip:axi_crossbar:2.1 - xbar
Adding cell -- xilinx.com:ip:axi_protocol_converter:2.1 - auto_pc
Adding cell -- xilinx.com:ip:axi_protocol_converter:2.1 - auto_pc
Successfully read diagram <design_1> from BD file <C:/Users/berke/Desktop/OKUL/SoC/SoC_Project_Final/pazar_24.04.2022/pazar_24.04.2022.srcs/sources_1/bd/design_1/design_1.bd>
open_bd_design: Time (s): cpu = 00:00:07 ; elapsed = 00:00:07 . Memory (MB): peak = 1515.441 ; gain = 0.000
import_files -fileset utils_1 C:/Users/berke/Desktop/OKUL/SoC/error_drc_23_20_suppress.tcl
set_property STEPS.WRITE_BITSTREAM.TCL.PRE [ get_files C:/Users/berke/Desktop/OKUL/SoC/SoC_Project_Final/pazar_24.04.2022/pazar_24.04.2022.srcs/utils_1/imports/SoC/error_drc_23_20_suppress.tcl -of [get_fileset utils_1] ] [get_runs impl_1]
set_property STEPS.WRITE_BITSTREAM.TCL.PRE [ get_files C:/Users/berke/Desktop/OKUL/SoC/SoC_Project_Final/pazar_24.04.2022/pazar_24.04.2022.srcs/utils_1/imports/SoC/error_drc_23_20_suppress.tcl -of [get_fileset utils_1] ] [get_runs impl_1]
exit
INFO: [Common 17-206] Exiting Vivado at Wed May 11 11:09:36 2022...
