#-----------------------------------------------------------
# Vivado v2018.3 (64-bit)
# SW Build 2405991 on Thu Dec  6 23:38:27 MST 2018
# IP Build 2404404 on Fri Dec  7 01:43:56 MST 2018
# Start of session at: Wed Jun 15 01:10:25 2022
# Process ID: 8880
# Current directory: C:/Users/berke/Desktop/OKUL/SoC/Haziran_16/Haziran_14_microBlaze
# Command line: vivado.exe -gui_launcher_event rodinguilauncherevent17416 C:\Users\berke\Desktop\OKUL\SoC\Haziran_16\Haziran_14_microBlaze\Haziran_14_microBlaze.xpr
# Log file: C:/Users/berke/Desktop/OKUL/SoC/Haziran_16/Haziran_14_microBlaze/vivado.log
# Journal file: C:/Users/berke/Desktop/OKUL/SoC/Haziran_16/Haziran_14_microBlaze\vivado.jou
#-----------------------------------------------------------
start_gui
open_project C:/Users/berke/Desktop/OKUL/SoC/Haziran_16/Haziran_14_microBlaze/Haziran_14_microBlaze.xpr
Scanning sources...
Finished scanning sources
INFO: [IP_Flow 19-234] Refreshing IP repositories
INFO: [IP_Flow 19-1704] No user IP repositories specified
INFO: [IP_Flow 19-2313] Loaded Vivado IP repository 'C:/Xilinx_2018/Vivado/2018.3/data/ip'.
open_project: Time (s): cpu = 00:00:30 ; elapsed = 00:00:20 . Memory (MB): peak = 813.594 ; gain = 189.535
update_compile_order -fileset sources_1
launch_sdk -workspace C:/Users/berke/Desktop/OKUL/SoC/Haziran_16/Haziran_14_microBlaze/Haziran_14_microBlaze.sdk -hwspec C:/Users/berke/Desktop/OKUL/SoC/Haziran_16/Haziran_14_microBlaze/Haziran_14_microBlaze.sdk/design_1_wrapper.hdf
INFO: [Vivado 12-393] Launching SDK...
INFO: [Vivado 12-417] Running xsdk -workspace C:/Users/berke/Desktop/OKUL/SoC/Haziran_16/Haziran_14_microBlaze/Haziran_14_microBlaze.sdk -hwspec C:/Users/berke/Desktop/OKUL/SoC/Haziran_16/Haziran_14_microBlaze/Haziran_14_microBlaze.sdk/design_1_wrapper.hdf
INFO: [Vivado 12-3157] SDK launch initiated. Please check console for any further messages.
exit
INFO: [Common 17-206] Exiting Vivado at Wed Jun 15 04:07:50 2022...
