#-----------------------------------------------------------
# Webtalk v2018.3 (64-bit)
# SW Build 2405991 on Thu Dec  6 23:38:27 MST 2018
# 
# Start of session at: Mon Apr 25 02:44:53 2022
# Process ID: 26812
# Current directory: C:/Users/zeyne/hw/pazar_24.04.2022/pazar_24.04.2022.sdk/webtalk
# Command line: wbtcv.exe -mode batch -source sdk_webtalk.tcl
# Log file: C:/Users/zeyne/hw/pazar_24.04.2022/pazar_24.04.2022.sdk/webtalk/webtalk.log
# Journal file: C:/Users/zeyne/hw/pazar_24.04.2022/pazar_24.04.2022.sdk/webtalk\webtalk.jou
#-----------------------------------------------------------
source sdk_webtalk.tcl
# webtalk_init -webtalk_dir C:\\Users\\zeyne\\hw\\pazar_24.04.2022\\pazar_24.04.2022.sdk\\webtalk
# webtalk_register_client -client project
# webtalk_add_data -client project -key date_generated -value "2022-04-25 02:44:49" -context "software_version_and_target_device"
# webtalk_add_data -client project -key product_version -value "SDK v2018.3" -context "software_version_and_target_device"
# webtalk_add_data -client project -key build_version -value "2018.3" -context "software_version_and_target_device"
# webtalk_add_data -client project -key os_platform -value "amd64" -context "software_version_and_target_device"
# webtalk_add_data -client project -key registration_id -value "212323375_0_0_345" -context "software_version_and_target_device"
# webtalk_add_data -client project -key tool_flow -value "SDK" -context "software_version_and_target_device"
# webtalk_add_data -client project -key beta -value "false" -context "software_version_and_target_device"
# webtalk_add_data -client project -key route_design -value "NA" -context "software_version_and_target_device"
# webtalk_add_data -client project -key target_family -value "NA" -context "software_version_and_target_device"
# webtalk_add_data -client project -key target_device -value "NA" -context "software_version_and_target_device"
# webtalk_add_data -client project -key target_package -value "NA" -context "software_version_and_target_device"
# webtalk_add_data -client project -key target_speed -value "NA" -context "software_version_and_target_device"
# webtalk_add_data -client project -key random_id -value "8tmvm1sqjhqce2v60n5ufq7beu" -context "software_version_and_target_device"
# webtalk_add_data -client project -key project_id -value "2018.3_3" -context "software_version_and_target_device"
# webtalk_add_data -client project -key project_iteration -value "3" -context "software_version_and_target_device"
# webtalk_add_data -client project -key os_name -value "Microsoft Windows 8 or later , 64-bit" -context "user_environment"
# webtalk_add_data -client project -key os_release -value "major release  (build 9200)" -context "user_environment"
# webtalk_add_data -client project -key cpu_name -value "Intel(R) Core(TM) i7-7700HQ CPU @ 2.80GHz" -context "user_environment"
# webtalk_add_data -client project -key cpu_speed -value "2808 MHz" -context "user_environment"
# webtalk_add_data -client project -key total_processors -value "1" -context "user_environment"
# webtalk_add_data -client project -key system_ram -value "12.760 GB" -context "user_environment"
# webtalk_register_client -client sdk
# webtalk_add_data -client sdk -key uid -value "1650818282110" -context "sdk\\\\hardware/1650818282110"
# webtalk_add_data -client sdk -key isZynq -value "true" -context "sdk\\\\hardware/1650818282110"
# webtalk_add_data -client sdk -key isZynqMP -value "false" -context "sdk\\\\hardware/1650818282110"
# webtalk_add_data -client sdk -key Processors -value "4" -context "sdk\\\\hardware/1650818282110"
# webtalk_add_data -client sdk -key VivadoVersion -value "2018.3" -context "sdk\\\\hardware/1650818282110"
# webtalk_add_data -client sdk -key Arch -value "zynq" -context "sdk\\\\hardware/1650818282110"
# webtalk_add_data -client sdk -key Device -value "7z020" -context "sdk\\\\hardware/1650818282110"
# webtalk_add_data -client sdk -key IsHandoff -value "true" -context "sdk\\\\hardware/1650818282110"
# webtalk_add_data -client sdk -key os -value "NA" -context "sdk\\\\hardware/1650818282110"
# webtalk_add_data -client sdk -key apptemplate -value "NA" -context "sdk\\\\hardware/1650818282110"
# webtalk_add_data -client sdk -key RecordType -value "HWCreation" -context "sdk\\\\hardware/1650818282110"
# webtalk_add_data -client sdk -key uid -value "1650823874515" -context "sdk\\\\bsp/1650823874515"
# webtalk_add_data -client sdk -key hwid -value "1650818282110" -context "sdk\\\\bsp/1650823874515"
# webtalk_add_data -client sdk -key os -value "standalone" -context "sdk\\\\bsp/1650823874515"
# webtalk_add_data -client sdk -key apptemplate -value "empty_application" -context "sdk\\\\bsp/1650823874515"
# webtalk_add_data -client sdk -key RecordType -value "BSPCreation" -context "sdk\\\\bsp/1650823874515"
# webtalk_add_data -client sdk -key uid -value "1650823884144" -context "sdk\\\\application/1650823884144"
# webtalk_add_data -client sdk -key hwid -value "1650818282110" -context "sdk\\\\application/1650823884144"
# webtalk_add_data -client sdk -key bspid -value "1650823874515" -context "sdk\\\\application/1650823884144"
# webtalk_add_data -client sdk -key newbsp -value "true" -context "sdk\\\\application/1650823884144"
# webtalk_add_data -client sdk -key os -value "standalone" -context "sdk\\\\application/1650823884144"
# webtalk_add_data -client sdk -key apptemplate -value "empty_application" -context "sdk\\\\application/1650823884144"
# webtalk_add_data -client sdk -key RecordType -value "APPCreation" -context "sdk\\\\application/1650823884144"
# webtalk_add_data -client sdk -key LangUsed -value "C" -context "sdk\\\\application/1650823884144"
# webtalk_add_data -client sdk -key Procused -value "microblaze" -context "sdk\\\\application/1650823884144"
# webtalk_add_data -client sdk -key projSize -value "88.7734375" -context "sdk\\\\application/1650823884144"
# webtalk_add_data -client sdk -key uid -value "1650824178228" -context "sdk\\\\bsp/1650824178228"
# webtalk_add_data -client sdk -key hwid -value "1650818282110" -context "sdk\\\\bsp/1650824178228"
# webtalk_add_data -client sdk -key os -value "standalone" -context "sdk\\\\bsp/1650824178228"
# webtalk_add_data -client sdk -key apptemplate -value "empty_application" -context "sdk\\\\bsp/1650824178228"
# webtalk_add_data -client sdk -key RecordType -value "BSPCreation" -context "sdk\\\\bsp/1650824178228"
# webtalk_add_data -client sdk -key uid -value "1650824179331" -context "sdk\\\\application/1650824179331"
# webtalk_add_data -client sdk -key hwid -value "1650818282110" -context "sdk\\\\application/1650824179331"
# webtalk_add_data -client sdk -key bspid -value "1650824178228" -context "sdk\\\\application/1650824179331"
# webtalk_add_data -client sdk -key newbsp -value "true" -context "sdk\\\\application/1650824179331"
# webtalk_add_data -client sdk -key os -value "standalone" -context "sdk\\\\application/1650824179331"
# webtalk_add_data -client sdk -key apptemplate -value "empty_application" -context "sdk\\\\application/1650824179331"
# webtalk_add_data -client sdk -key RecordType -value "APPCreation" -context "sdk\\\\application/1650824179331"
# webtalk_add_data -client sdk -key LangUsed -value "C" -context "sdk\\\\application/1650824179331"
# webtalk_add_data -client sdk -key Procused -value "microblaze" -context "sdk\\\\application/1650824179331"
# webtalk_add_data -client sdk -key projSize -value "84.26171875" -context "sdk\\\\application/1650824179331"
# webtalk_add_data -client sdk -key uid -value "1650824301489" -context "sdk\\\\bsp/1650824301489"
# webtalk_add_data -client sdk -key hwid -value "1650818282110" -context "sdk\\\\bsp/1650824301489"
# webtalk_add_data -client sdk -key os -value "standalone" -context "sdk\\\\bsp/1650824301489"
# webtalk_add_data -client sdk -key apptemplate -value "hello_world" -context "sdk\\\\bsp/1650824301489"
# webtalk_add_data -client sdk -key RecordType -value "BSPCreation" -context "sdk\\\\bsp/1650824301489"
# webtalk_add_data -client sdk -key uid -value "1650824306066" -context "sdk\\\\application/1650824306066"
# webtalk_add_data -client sdk -key hwid -value "1650818282110" -context "sdk\\\\application/1650824306066"
# webtalk_add_data -client sdk -key bspid -value "1650824301489" -context "sdk\\\\application/1650824306066"
# webtalk_add_data -client sdk -key newbsp -value "true" -context "sdk\\\\application/1650824306066"
# webtalk_add_data -client sdk -key os -value "standalone" -context "sdk\\\\application/1650824306066"
# webtalk_add_data -client sdk -key apptemplate -value "hello_world" -context "sdk\\\\application/1650824306066"
# webtalk_add_data -client sdk -key RecordType -value "APPCreation" -context "sdk\\\\application/1650824306066"
# webtalk_add_data -client sdk -key LangUsed -value "C" -context "sdk\\\\application/1650824306066"
# webtalk_add_data -client sdk -key Procused -value "ps7_cortexa9" -context "sdk\\\\application/1650824306066"
# webtalk_add_data -client sdk -key projSize -value "188.46875" -context "sdk\\\\application/1650824306066"
# webtalk_add_data -client sdk -key uid -value "NA" -context "sdk\\\\bsp/1650843889366"
# webtalk_add_data -client sdk -key RecordType -value "ToolUsage" -context "sdk\\\\bsp/1650843889366"
# webtalk_add_data -client sdk -key BootgenCount -value "0" -context "sdk\\\\bsp/1650843889366"
# webtalk_add_data -client sdk -key DebugCount -value "0" -context "sdk\\\\bsp/1650843889366"
# webtalk_add_data -client sdk -key PerfCount -value "0" -context "sdk\\\\bsp/1650843889366"
# webtalk_add_data -client sdk -key FlashCount -value "0" -context "sdk\\\\bsp/1650843889366"
# webtalk_add_data -client sdk -key CrossTriggCount -value "0" -context "sdk\\\\bsp/1650843889366"
# webtalk_add_data -client sdk -key QemuDebugCount -value "0" -context "sdk\\\\bsp/1650843889366"
# webtalk_transmit -clientid 2651705337 -regid "212323375_0_0_345" -xml C:\\Users\\zeyne\\hw\\pazar_24.04.2022\\pazar_24.04.2022.sdk\\webtalk\\usage_statistics_ext_sdk.xml -html C:\\Users\\zeyne\\hw\\pazar_24.04.2022\\pazar_24.04.2022.sdk\\webtalk\\usage_statistics_ext_sdk.html -wdm C:\\Users\\zeyne\\hw\\pazar_24.04.2022\\pazar_24.04.2022.sdk\\webtalk\\sdk_webtalk.wdm -intro "<H3>SDK Usage Report</H3><BR>"
# webtalk_terminate
INFO: [Common 17-206] Exiting Webtalk at Mon Apr 25 02:45:03 2022...
