15:32:53 INFO  : Registering command handlers for SDK TCF services
15:32:54 INFO  : Launching XSCT server: xsct.bat -interactive C:\Users\berke\Desktop\OKUL\SoC\Haziran_16\Haziran_14_microBlaze\Haziran_14_microBlaze.sdk\temp_xsdb_launch_script.tcl
15:32:57 INFO  : XSCT server has started successfully.
15:32:57 INFO  : Successfully done setting XSCT server connection channel  
15:32:59 INFO  : Successfully done setting SDK workspace  
15:32:59 INFO  : Processing command line option -hwspec C:/Users/berke/Desktop/OKUL/SoC/Haziran_16/Haziran_14_microBlaze/Haziran_14_microBlaze.sdk/design_1_wrapper.hdf.
15:35:13 INFO  : Connected to target on host '127.0.0.1' and port '3121'.
15:35:13 INFO  : 'targets -set -filter {jtag_cable_name =~ "Digilent Zed 210248A39B00" && level==0} -index 1' command is executed.
15:35:16 INFO  : FPGA configured successfully with bitstream "C:/Users/berke/Desktop/OKUL/SoC/Haziran_16/Haziran_14_microBlaze/Haziran_14_microBlaze.sdk/design_1_wrapper_hw_platform_0/download.bit"
15:35:44 INFO  : 'targets -set -filter {jtag_cable_name =~ "Digilent Zed 210248A39B00" && level==0} -index 1' command is executed.
15:35:44 INFO  : 'fpga -state' command is executed.
15:35:44 INFO  : Connected to target on host '127.0.0.1' and port '3121'.
15:35:44 INFO  : Jtag cable 'Digilent Zed 210248A39B00' is selected.
15:35:44 INFO  : 'jtag frequency' command is executed.
15:35:44 INFO  : Sourcing of 'C:/Users/berke/Desktop/OKUL/SoC/Haziran_16/Haziran_14_microBlaze/Haziran_14_microBlaze.sdk/design_1_wrapper_hw_platform_0/ps7_init.tcl' is done.
15:35:44 INFO  : Context for 'APU' is selected.
15:35:44 INFO  : Hardware design information is loaded from 'C:/Users/berke/Desktop/OKUL/SoC/Haziran_16/Haziran_14_microBlaze/Haziran_14_microBlaze.sdk/design_1_wrapper_hw_platform_0/system.hdf'.
15:35:44 INFO  : 'configparams force-mem-access 1' command is executed.
15:35:44 INFO  : Context for 'APU' is selected.
15:35:44 INFO  : 'stop' command is executed.
15:35:44 INFO  : 'ps7_init' command is executed.
15:35:44 INFO  : 'ps7_post_config' command is executed.
15:35:44 INFO  : 'configparams mdm-detect-bscan-mask 2' command is executed.
15:35:44 INFO  : Context for processor 'microblaze_0' is selected.
15:35:44 INFO  : Processor reset is completed for 'microblaze_0'.
15:35:45 INFO  : Context for processor 'microblaze_0' is selected.
15:35:45 INFO  : The application 'C:/Users/berke/Desktop/OKUL/SoC/Haziran_16/Haziran_14_microBlaze/Haziran_14_microBlaze.sdk/monteCarlo_single_core/Debug/monteCarlo_single_core.elf' is downloaded to processor 'microblaze_0'.
15:35:45 INFO  : 'configparams force-mem-access 0' command is executed.
15:35:45 INFO  : ----------------XSDB Script----------------
connect -url tcp:127.0.0.1:3121
source C:/Users/berke/Desktop/OKUL/SoC/Haziran_16/Haziran_14_microBlaze/Haziran_14_microBlaze.sdk/design_1_wrapper_hw_platform_0/ps7_init.tcl
targets -set -nocase -filter {name =~"APU*" && jtag_cable_name =~ "Digilent Zed 210248A39B00"} -index 0
loadhw -hw C:/Users/berke/Desktop/OKUL/SoC/Haziran_16/Haziran_14_microBlaze/Haziran_14_microBlaze.sdk/design_1_wrapper_hw_platform_0/system.hdf -mem-ranges [list {0x40000000 0xbfffffff}]
configparams force-mem-access 1
targets -set -nocase -filter {name =~"APU*" && jtag_cable_name =~ "Digilent Zed 210248A39B00"} -index 0
stop
ps7_init
ps7_post_config
configparams mdm-detect-bscan-mask 2
targets -set -nocase -filter {name =~ "microblaze*#0" && bscan=="USER2"  && jtag_cable_name =~ "Digilent Zed 210248A39B00"} -index 1
rst -processor
targets -set -nocase -filter {name =~ "microblaze*#0" && bscan=="USER2"  && jtag_cable_name =~ "Digilent Zed 210248A39B00"} -index 1
dow C:/Users/berke/Desktop/OKUL/SoC/Haziran_16/Haziran_14_microBlaze/Haziran_14_microBlaze.sdk/monteCarlo_single_core/Debug/monteCarlo_single_core.elf
configparams force-mem-access 0
----------------End of Script----------------

15:35:45 INFO  : Memory regions updated for context APU
15:35:45 INFO  : Memory regions updated for context MicroBlaze #0
15:35:45 INFO  : Memory regions updated for context MicroBlaze #1
15:35:45 INFO  : Memory regions updated for context MicroBlaze #1
15:35:45 INFO  : Context for processor 'microblaze_0' is selected.
15:35:45 INFO  : 'con' command is executed.
15:35:45 INFO  : ----------------XSDB Script (After Launch)----------------
targets -set -nocase -filter {name =~ "microblaze*#0" && bscan=="USER2"  && jtag_cable_name =~ "Digilent Zed 210248A39B00"} -index 1
con
----------------End of Script----------------

15:35:45 INFO  : Launch script is exported to file 'C:\Users\berke\Desktop\OKUL\SoC\Haziran_16\Haziran_14_microBlaze\Haziran_14_microBlaze.sdk\.sdk\launch_scripts\xilinx_c-c++_application_(system_debugger)\system_debugger_using_debug_montecarlo_single_core.elf_on_local.tcl'
15:38:56 INFO  : Disconnected from the channel tcfchan#1.
15:38:57 INFO  : 'targets -set -filter {jtag_cable_name =~ "Digilent Zed 210248A39B00" && level==0} -index 1' command is executed.
15:38:57 INFO  : 'fpga -state' command is executed.
15:38:57 INFO  : Connected to target on host '127.0.0.1' and port '3121'.
15:38:58 INFO  : Jtag cable 'Digilent Zed 210248A39B00' is selected.
15:38:58 INFO  : 'jtag frequency' command is executed.
15:38:58 INFO  : Sourcing of 'C:/Users/berke/Desktop/OKUL/SoC/Haziran_16/Haziran_14_microBlaze/Haziran_14_microBlaze.sdk/design_1_wrapper_hw_platform_0/ps7_init.tcl' is done.
15:38:58 INFO  : Context for 'APU' is selected.
15:38:59 INFO  : Hardware design information is loaded from 'C:/Users/berke/Desktop/OKUL/SoC/Haziran_16/Haziran_14_microBlaze/Haziran_14_microBlaze.sdk/design_1_wrapper_hw_platform_0/system.hdf'.
15:38:59 INFO  : 'configparams force-mem-access 1' command is executed.
15:38:59 INFO  : Context for 'APU' is selected.
15:38:59 INFO  : 'stop' command is executed.
15:38:59 INFO  : 'ps7_init' command is executed.
15:38:59 INFO  : 'ps7_post_config' command is executed.
15:38:59 INFO  : 'configparams mdm-detect-bscan-mask 2' command is executed.
15:38:59 INFO  : Context for processor 'microblaze_0' is selected.
15:38:59 INFO  : Processor reset is completed for 'microblaze_0'.
15:38:59 INFO  : Context for processor 'microblaze_0' is selected.
15:38:59 INFO  : The application 'C:/Users/berke/Desktop/OKUL/SoC/Haziran_16/Haziran_14_microBlaze/Haziran_14_microBlaze.sdk/monteCarlo_single_core/Debug/monteCarlo_single_core.elf' is downloaded to processor 'microblaze_0'.
15:38:59 INFO  : 'configparams force-mem-access 0' command is executed.
15:38:59 INFO  : ----------------XSDB Script----------------
connect -url tcp:127.0.0.1:3121
source C:/Users/berke/Desktop/OKUL/SoC/Haziran_16/Haziran_14_microBlaze/Haziran_14_microBlaze.sdk/design_1_wrapper_hw_platform_0/ps7_init.tcl
targets -set -nocase -filter {name =~"APU*" && jtag_cable_name =~ "Digilent Zed 210248A39B00"} -index 0
loadhw -hw C:/Users/berke/Desktop/OKUL/SoC/Haziran_16/Haziran_14_microBlaze/Haziran_14_microBlaze.sdk/design_1_wrapper_hw_platform_0/system.hdf -mem-ranges [list {0x40000000 0xbfffffff}]
configparams force-mem-access 1
targets -set -nocase -filter {name =~"APU*" && jtag_cable_name =~ "Digilent Zed 210248A39B00"} -index 0
stop
ps7_init
ps7_post_config
configparams mdm-detect-bscan-mask 2
targets -set -nocase -filter {name =~ "microblaze*#0" && bscan=="USER2"  && jtag_cable_name =~ "Digilent Zed 210248A39B00"} -index 1
rst -processor
targets -set -nocase -filter {name =~ "microblaze*#0" && bscan=="USER2"  && jtag_cable_name =~ "Digilent Zed 210248A39B00"} -index 1
dow C:/Users/berke/Desktop/OKUL/SoC/Haziran_16/Haziran_14_microBlaze/Haziran_14_microBlaze.sdk/monteCarlo_single_core/Debug/monteCarlo_single_core.elf
configparams force-mem-access 0
----------------End of Script----------------

15:38:59 INFO  : Memory regions updated for context APU
15:38:59 INFO  : Memory regions updated for context MicroBlaze #0
15:38:59 INFO  : Memory regions updated for context MicroBlaze #1
15:38:59 INFO  : Memory regions updated for context MicroBlaze #1
15:39:00 INFO  : Context for processor 'microblaze_0' is selected.
15:39:00 INFO  : 'con' command is executed.
15:39:00 INFO  : ----------------XSDB Script (After Launch)----------------
targets -set -nocase -filter {name =~ "microblaze*#0" && bscan=="USER2"  && jtag_cable_name =~ "Digilent Zed 210248A39B00"} -index 1
con
----------------End of Script----------------

15:39:00 INFO  : Launch script is exported to file 'C:\Users\berke\Desktop\OKUL\SoC\Haziran_16\Haziran_14_microBlaze\Haziran_14_microBlaze.sdk\.sdk\launch_scripts\xilinx_c-c++_application_(system_debugger)\system_debugger_using_debug_montecarlo_single_core.elf_on_local.tcl'
15:41:00 INFO  : Disconnected from the channel tcfchan#2.
15:41:01 INFO  : 'targets -set -filter {jtag_cable_name =~ "Digilent Zed 210248A39B00" && level==0} -index 1' command is executed.
15:41:01 INFO  : 'fpga -state' command is executed.
15:41:01 INFO  : Connected to target on host '127.0.0.1' and port '3121'.
15:41:01 INFO  : Jtag cable 'Digilent Zed 210248A39B00' is selected.
15:41:01 INFO  : 'jtag frequency' command is executed.
15:41:01 INFO  : Sourcing of 'C:/Users/berke/Desktop/OKUL/SoC/Haziran_16/Haziran_14_microBlaze/Haziran_14_microBlaze.sdk/design_1_wrapper_hw_platform_0/ps7_init.tcl' is done.
15:41:01 INFO  : Context for 'APU' is selected.
15:41:03 INFO  : Hardware design information is loaded from 'C:/Users/berke/Desktop/OKUL/SoC/Haziran_16/Haziran_14_microBlaze/Haziran_14_microBlaze.sdk/design_1_wrapper_hw_platform_0/system.hdf'.
15:41:03 INFO  : 'configparams force-mem-access 1' command is executed.
15:41:03 INFO  : Context for 'APU' is selected.
15:41:03 INFO  : 'stop' command is executed.
15:41:03 INFO  : 'ps7_init' command is executed.
15:41:03 INFO  : 'ps7_post_config' command is executed.
15:41:03 INFO  : 'configparams mdm-detect-bscan-mask 2' command is executed.
15:41:03 INFO  : Context for processor 'microblaze_0' is selected.
15:41:03 INFO  : Processor reset is completed for 'microblaze_0'.
15:41:03 INFO  : Context for processor 'microblaze_0' is selected.
15:41:03 INFO  : The application 'C:/Users/berke/Desktop/OKUL/SoC/Haziran_16/Haziran_14_microBlaze/Haziran_14_microBlaze.sdk/monteCarlo_single_core/Debug/monteCarlo_single_core.elf' is downloaded to processor 'microblaze_0'.
15:41:03 INFO  : 'configparams force-mem-access 0' command is executed.
15:41:03 INFO  : ----------------XSDB Script----------------
connect -url tcp:127.0.0.1:3121
source C:/Users/berke/Desktop/OKUL/SoC/Haziran_16/Haziran_14_microBlaze/Haziran_14_microBlaze.sdk/design_1_wrapper_hw_platform_0/ps7_init.tcl
targets -set -nocase -filter {name =~"APU*" && jtag_cable_name =~ "Digilent Zed 210248A39B00"} -index 0
loadhw -hw C:/Users/berke/Desktop/OKUL/SoC/Haziran_16/Haziran_14_microBlaze/Haziran_14_microBlaze.sdk/design_1_wrapper_hw_platform_0/system.hdf -mem-ranges [list {0x40000000 0xbfffffff}]
configparams force-mem-access 1
targets -set -nocase -filter {name =~"APU*" && jtag_cable_name =~ "Digilent Zed 210248A39B00"} -index 0
stop
ps7_init
ps7_post_config
configparams mdm-detect-bscan-mask 2
targets -set -nocase -filter {name =~ "microblaze*#0" && bscan=="USER2"  && jtag_cable_name =~ "Digilent Zed 210248A39B00"} -index 1
rst -processor
targets -set -nocase -filter {name =~ "microblaze*#0" && bscan=="USER2"  && jtag_cable_name =~ "Digilent Zed 210248A39B00"} -index 1
dow C:/Users/berke/Desktop/OKUL/SoC/Haziran_16/Haziran_14_microBlaze/Haziran_14_microBlaze.sdk/monteCarlo_single_core/Debug/monteCarlo_single_core.elf
configparams force-mem-access 0
----------------End of Script----------------

15:41:03 INFO  : Memory regions updated for context APU
15:41:03 INFO  : Memory regions updated for context MicroBlaze #0
15:41:03 INFO  : Memory regions updated for context MicroBlaze #1
15:41:03 INFO  : Memory regions updated for context MicroBlaze #1
15:41:03 INFO  : Context for processor 'microblaze_0' is selected.
15:41:03 INFO  : 'con' command is executed.
15:41:03 INFO  : ----------------XSDB Script (After Launch)----------------
targets -set -nocase -filter {name =~ "microblaze*#0" && bscan=="USER2"  && jtag_cable_name =~ "Digilent Zed 210248A39B00"} -index 1
con
----------------End of Script----------------

15:41:03 INFO  : Launch script is exported to file 'C:\Users\berke\Desktop\OKUL\SoC\Haziran_16\Haziran_14_microBlaze\Haziran_14_microBlaze.sdk\.sdk\launch_scripts\xilinx_c-c++_application_(system_debugger)\system_debugger_using_debug_montecarlo_single_core.elf_on_local.tcl'
16:20:04 INFO  : Disconnected from the channel tcfchan#3.
16:20:05 INFO  : 'targets -set -filter {jtag_cable_name =~ "Digilent Zed 210248A39B00" && level==0} -index 1' command is executed.
16:20:05 INFO  : 'fpga -state' command is executed.
16:20:05 INFO  : Connected to target on host '127.0.0.1' and port '3121'.
16:20:05 INFO  : Jtag cable 'Digilent Zed 210248A39B00' is selected.
16:20:05 INFO  : 'jtag frequency' command is executed.
16:20:05 INFO  : Sourcing of 'C:/Users/berke/Desktop/OKUL/SoC/Haziran_16/Haziran_14_microBlaze/Haziran_14_microBlaze.sdk/design_1_wrapper_hw_platform_0/ps7_init.tcl' is done.
16:20:05 INFO  : Context for 'APU' is selected.
16:20:06 INFO  : Hardware design information is loaded from 'C:/Users/berke/Desktop/OKUL/SoC/Haziran_16/Haziran_14_microBlaze/Haziran_14_microBlaze.sdk/design_1_wrapper_hw_platform_0/system.hdf'.
16:20:06 INFO  : 'configparams force-mem-access 1' command is executed.
16:20:06 INFO  : Context for 'APU' is selected.
16:20:06 INFO  : 'stop' command is executed.
16:20:07 INFO  : 'ps7_init' command is executed.
16:20:07 INFO  : 'ps7_post_config' command is executed.
16:20:07 INFO  : 'configparams mdm-detect-bscan-mask 2' command is executed.
16:20:07 INFO  : Context for processor 'microblaze_0' is selected.
16:20:07 INFO  : Processor reset is completed for 'microblaze_0'.
16:20:07 INFO  : Context for processor 'microblaze_0' is selected.
16:20:07 INFO  : The application 'C:/Users/berke/Desktop/OKUL/SoC/Haziran_16/Haziran_14_microBlaze/Haziran_14_microBlaze.sdk/monteCarlo_single_core/Debug/monteCarlo_single_core.elf' is downloaded to processor 'microblaze_0'.
16:20:07 INFO  : 'configparams force-mem-access 0' command is executed.
16:20:07 INFO  : ----------------XSDB Script----------------
connect -url tcp:127.0.0.1:3121
source C:/Users/berke/Desktop/OKUL/SoC/Haziran_16/Haziran_14_microBlaze/Haziran_14_microBlaze.sdk/design_1_wrapper_hw_platform_0/ps7_init.tcl
targets -set -nocase -filter {name =~"APU*" && jtag_cable_name =~ "Digilent Zed 210248A39B00"} -index 0
loadhw -hw C:/Users/berke/Desktop/OKUL/SoC/Haziran_16/Haziran_14_microBlaze/Haziran_14_microBlaze.sdk/design_1_wrapper_hw_platform_0/system.hdf -mem-ranges [list {0x40000000 0xbfffffff}]
configparams force-mem-access 1
targets -set -nocase -filter {name =~"APU*" && jtag_cable_name =~ "Digilent Zed 210248A39B00"} -index 0
stop
ps7_init
ps7_post_config
configparams mdm-detect-bscan-mask 2
targets -set -nocase -filter {name =~ "microblaze*#0" && bscan=="USER2"  && jtag_cable_name =~ "Digilent Zed 210248A39B00"} -index 1
rst -processor
targets -set -nocase -filter {name =~ "microblaze*#0" && bscan=="USER2"  && jtag_cable_name =~ "Digilent Zed 210248A39B00"} -index 1
dow C:/Users/berke/Desktop/OKUL/SoC/Haziran_16/Haziran_14_microBlaze/Haziran_14_microBlaze.sdk/monteCarlo_single_core/Debug/monteCarlo_single_core.elf
configparams force-mem-access 0
----------------End of Script----------------

16:20:07 INFO  : Memory regions updated for context APU
16:20:07 INFO  : Memory regions updated for context MicroBlaze #0
16:20:07 INFO  : Memory regions updated for context MicroBlaze #1
16:20:07 INFO  : Memory regions updated for context MicroBlaze #1
16:20:07 INFO  : Context for processor 'microblaze_0' is selected.
16:20:07 INFO  : 'con' command is executed.
16:20:07 INFO  : ----------------XSDB Script (After Launch)----------------
targets -set -nocase -filter {name =~ "microblaze*#0" && bscan=="USER2"  && jtag_cable_name =~ "Digilent Zed 210248A39B00"} -index 1
con
----------------End of Script----------------

16:20:07 INFO  : Launch script is exported to file 'C:\Users\berke\Desktop\OKUL\SoC\Haziran_16\Haziran_14_microBlaze\Haziran_14_microBlaze.sdk\.sdk\launch_scripts\xilinx_c-c++_application_(system_debugger)\system_debugger_using_debug_montecarlo_single_core.elf_on_local.tcl'
16:21:44 INFO  : Disconnected from the channel tcfchan#4.
16:21:45 INFO  : 'targets -set -filter {jtag_cable_name =~ "Digilent Zed 210248A39B00" && level==0} -index 1' command is executed.
16:21:45 INFO  : 'fpga -state' command is executed.
16:21:45 INFO  : Connected to target on host '127.0.0.1' and port '3121'.
16:21:45 INFO  : Jtag cable 'Digilent Zed 210248A39B00' is selected.
16:21:45 INFO  : 'jtag frequency' command is executed.
16:21:45 INFO  : Sourcing of 'C:/Users/berke/Desktop/OKUL/SoC/Haziran_16/Haziran_14_microBlaze/Haziran_14_microBlaze.sdk/design_1_wrapper_hw_platform_0/ps7_init.tcl' is done.
16:21:45 INFO  : Context for 'APU' is selected.
16:21:47 INFO  : Hardware design information is loaded from 'C:/Users/berke/Desktop/OKUL/SoC/Haziran_16/Haziran_14_microBlaze/Haziran_14_microBlaze.sdk/design_1_wrapper_hw_platform_0/system.hdf'.
16:21:47 INFO  : 'configparams force-mem-access 1' command is executed.
16:21:47 INFO  : Context for 'APU' is selected.
16:21:47 INFO  : 'stop' command is executed.
16:21:47 INFO  : 'ps7_init' command is executed.
16:21:47 INFO  : 'ps7_post_config' command is executed.
16:21:47 INFO  : 'configparams mdm-detect-bscan-mask 2' command is executed.
16:21:47 INFO  : Context for processor 'microblaze_0' is selected.
16:21:47 INFO  : Processor reset is completed for 'microblaze_0'.
16:21:47 INFO  : Context for processor 'microblaze_0' is selected.
16:21:47 INFO  : The application 'C:/Users/berke/Desktop/OKUL/SoC/Haziran_16/Haziran_14_microBlaze/Haziran_14_microBlaze.sdk/monteCarlo_single_core/Debug/monteCarlo_single_core.elf' is downloaded to processor 'microblaze_0'.
16:21:47 INFO  : 'configparams force-mem-access 0' command is executed.
16:21:47 INFO  : ----------------XSDB Script----------------
connect -url tcp:127.0.0.1:3121
source C:/Users/berke/Desktop/OKUL/SoC/Haziran_16/Haziran_14_microBlaze/Haziran_14_microBlaze.sdk/design_1_wrapper_hw_platform_0/ps7_init.tcl
targets -set -nocase -filter {name =~"APU*" && jtag_cable_name =~ "Digilent Zed 210248A39B00"} -index 0
loadhw -hw C:/Users/berke/Desktop/OKUL/SoC/Haziran_16/Haziran_14_microBlaze/Haziran_14_microBlaze.sdk/design_1_wrapper_hw_platform_0/system.hdf -mem-ranges [list {0x40000000 0xbfffffff}]
configparams force-mem-access 1
targets -set -nocase -filter {name =~"APU*" && jtag_cable_name =~ "Digilent Zed 210248A39B00"} -index 0
stop
ps7_init
ps7_post_config
configparams mdm-detect-bscan-mask 2
targets -set -nocase -filter {name =~ "microblaze*#0" && bscan=="USER2"  && jtag_cable_name =~ "Digilent Zed 210248A39B00"} -index 1
rst -processor
targets -set -nocase -filter {name =~ "microblaze*#0" && bscan=="USER2"  && jtag_cable_name =~ "Digilent Zed 210248A39B00"} -index 1
dow C:/Users/berke/Desktop/OKUL/SoC/Haziran_16/Haziran_14_microBlaze/Haziran_14_microBlaze.sdk/monteCarlo_single_core/Debug/monteCarlo_single_core.elf
configparams force-mem-access 0
----------------End of Script----------------

16:21:47 INFO  : Memory regions updated for context APU
16:21:47 INFO  : Memory regions updated for context MicroBlaze #0
16:21:47 INFO  : Memory regions updated for context MicroBlaze #1
16:21:47 INFO  : Memory regions updated for context MicroBlaze #1
16:21:48 INFO  : Context for processor 'microblaze_0' is selected.
16:21:48 INFO  : 'con' command is executed.
16:21:48 INFO  : ----------------XSDB Script (After Launch)----------------
targets -set -nocase -filter {name =~ "microblaze*#0" && bscan=="USER2"  && jtag_cable_name =~ "Digilent Zed 210248A39B00"} -index 1
con
----------------End of Script----------------

16:21:48 INFO  : Launch script is exported to file 'C:\Users\berke\Desktop\OKUL\SoC\Haziran_16\Haziran_14_microBlaze\Haziran_14_microBlaze.sdk\.sdk\launch_scripts\xilinx_c-c++_application_(system_debugger)\system_debugger_using_debug_montecarlo_single_core.elf_on_local.tcl'
16:23:25 INFO  : Disconnected from the channel tcfchan#5.
16:23:26 INFO  : 'targets -set -filter {jtag_cable_name =~ "Digilent Zed 210248A39B00" && level==0} -index 1' command is executed.
16:23:26 INFO  : 'fpga -state' command is executed.
16:23:26 INFO  : Connected to target on host '127.0.0.1' and port '3121'.
16:23:26 INFO  : Jtag cable 'Digilent Zed 210248A39B00' is selected.
16:23:26 INFO  : 'jtag frequency' command is executed.
16:23:26 INFO  : Sourcing of 'C:/Users/berke/Desktop/OKUL/SoC/Haziran_16/Haziran_14_microBlaze/Haziran_14_microBlaze.sdk/design_1_wrapper_hw_platform_0/ps7_init.tcl' is done.
16:23:26 INFO  : Context for 'APU' is selected.
16:23:28 INFO  : Hardware design information is loaded from 'C:/Users/berke/Desktop/OKUL/SoC/Haziran_16/Haziran_14_microBlaze/Haziran_14_microBlaze.sdk/design_1_wrapper_hw_platform_0/system.hdf'.
16:23:28 INFO  : 'configparams force-mem-access 1' command is executed.
16:23:28 INFO  : Context for 'APU' is selected.
16:23:28 INFO  : 'stop' command is executed.
16:23:28 INFO  : 'ps7_init' command is executed.
16:23:28 INFO  : 'ps7_post_config' command is executed.
16:23:28 INFO  : 'configparams mdm-detect-bscan-mask 2' command is executed.
16:23:28 INFO  : Context for processor 'microblaze_0' is selected.
16:23:28 INFO  : Processor reset is completed for 'microblaze_0'.
16:23:28 INFO  : Context for processor 'microblaze_0' is selected.
16:23:28 INFO  : The application 'C:/Users/berke/Desktop/OKUL/SoC/Haziran_16/Haziran_14_microBlaze/Haziran_14_microBlaze.sdk/monteCarlo_single_core/Debug/monteCarlo_single_core.elf' is downloaded to processor 'microblaze_0'.
16:23:28 INFO  : 'configparams force-mem-access 0' command is executed.
16:23:28 INFO  : ----------------XSDB Script----------------
connect -url tcp:127.0.0.1:3121
source C:/Users/berke/Desktop/OKUL/SoC/Haziran_16/Haziran_14_microBlaze/Haziran_14_microBlaze.sdk/design_1_wrapper_hw_platform_0/ps7_init.tcl
targets -set -nocase -filter {name =~"APU*" && jtag_cable_name =~ "Digilent Zed 210248A39B00"} -index 0
loadhw -hw C:/Users/berke/Desktop/OKUL/SoC/Haziran_16/Haziran_14_microBlaze/Haziran_14_microBlaze.sdk/design_1_wrapper_hw_platform_0/system.hdf -mem-ranges [list {0x40000000 0xbfffffff}]
configparams force-mem-access 1
targets -set -nocase -filter {name =~"APU*" && jtag_cable_name =~ "Digilent Zed 210248A39B00"} -index 0
stop
ps7_init
ps7_post_config
configparams mdm-detect-bscan-mask 2
targets -set -nocase -filter {name =~ "microblaze*#0" && bscan=="USER2"  && jtag_cable_name =~ "Digilent Zed 210248A39B00"} -index 1
rst -processor
targets -set -nocase -filter {name =~ "microblaze*#0" && bscan=="USER2"  && jtag_cable_name =~ "Digilent Zed 210248A39B00"} -index 1
dow C:/Users/berke/Desktop/OKUL/SoC/Haziran_16/Haziran_14_microBlaze/Haziran_14_microBlaze.sdk/monteCarlo_single_core/Debug/monteCarlo_single_core.elf
configparams force-mem-access 0
----------------End of Script----------------

16:23:28 INFO  : Memory regions updated for context APU
16:23:28 INFO  : Memory regions updated for context MicroBlaze #0
16:23:28 INFO  : Memory regions updated for context MicroBlaze #1
16:23:28 INFO  : Memory regions updated for context MicroBlaze #1
16:23:28 INFO  : Context for processor 'microblaze_0' is selected.
16:23:28 INFO  : 'con' command is executed.
16:23:28 INFO  : ----------------XSDB Script (After Launch)----------------
targets -set -nocase -filter {name =~ "microblaze*#0" && bscan=="USER2"  && jtag_cable_name =~ "Digilent Zed 210248A39B00"} -index 1
con
----------------End of Script----------------

16:23:28 INFO  : Launch script is exported to file 'C:\Users\berke\Desktop\OKUL\SoC\Haziran_16\Haziran_14_microBlaze\Haziran_14_microBlaze.sdk\.sdk\launch_scripts\xilinx_c-c++_application_(system_debugger)\system_debugger_using_debug_montecarlo_single_core.elf_on_local.tcl'
16:35:08 INFO  : Disconnected from the channel tcfchan#6.
16:35:09 INFO  : 'targets -set -filter {jtag_cable_name =~ "Digilent Zed 210248A39B00" && level==0} -index 1' command is executed.
16:35:09 INFO  : 'fpga -state' command is executed.
16:35:09 INFO  : Connected to target on host '127.0.0.1' and port '3121'.
16:35:09 INFO  : Jtag cable 'Digilent Zed 210248A39B00' is selected.
16:35:09 INFO  : 'jtag frequency' command is executed.
16:35:09 INFO  : Sourcing of 'C:/Users/berke/Desktop/OKUL/SoC/Haziran_16/Haziran_14_microBlaze/Haziran_14_microBlaze.sdk/design_1_wrapper_hw_platform_0/ps7_init.tcl' is done.
16:35:09 INFO  : Context for 'APU' is selected.
16:35:10 INFO  : Hardware design information is loaded from 'C:/Users/berke/Desktop/OKUL/SoC/Haziran_16/Haziran_14_microBlaze/Haziran_14_microBlaze.sdk/design_1_wrapper_hw_platform_0/system.hdf'.
16:35:10 INFO  : 'configparams force-mem-access 1' command is executed.
16:35:11 INFO  : Context for 'APU' is selected.
16:35:11 INFO  : 'stop' command is executed.
16:35:11 INFO  : 'ps7_init' command is executed.
16:35:11 INFO  : 'ps7_post_config' command is executed.
16:35:11 INFO  : 'configparams mdm-detect-bscan-mask 2' command is executed.
16:35:11 INFO  : Context for processor 'microblaze_0' is selected.
16:35:11 INFO  : Processor reset is completed for 'microblaze_0'.
16:35:11 INFO  : Context for processor 'microblaze_0' is selected.
16:35:11 INFO  : The application 'C:/Users/berke/Desktop/OKUL/SoC/Haziran_16/Haziran_14_microBlaze/Haziran_14_microBlaze.sdk/monteCarlo_single_core/Debug/monteCarlo_single_core.elf' is downloaded to processor 'microblaze_0'.
16:35:11 INFO  : 'configparams force-mem-access 0' command is executed.
16:35:11 INFO  : ----------------XSDB Script----------------
connect -url tcp:127.0.0.1:3121
source C:/Users/berke/Desktop/OKUL/SoC/Haziran_16/Haziran_14_microBlaze/Haziran_14_microBlaze.sdk/design_1_wrapper_hw_platform_0/ps7_init.tcl
targets -set -nocase -filter {name =~"APU*" && jtag_cable_name =~ "Digilent Zed 210248A39B00"} -index 0
loadhw -hw C:/Users/berke/Desktop/OKUL/SoC/Haziran_16/Haziran_14_microBlaze/Haziran_14_microBlaze.sdk/design_1_wrapper_hw_platform_0/system.hdf -mem-ranges [list {0x40000000 0xbfffffff}]
configparams force-mem-access 1
targets -set -nocase -filter {name =~"APU*" && jtag_cable_name =~ "Digilent Zed 210248A39B00"} -index 0
stop
ps7_init
ps7_post_config
configparams mdm-detect-bscan-mask 2
targets -set -nocase -filter {name =~ "microblaze*#0" && bscan=="USER2"  && jtag_cable_name =~ "Digilent Zed 210248A39B00"} -index 1
rst -processor
targets -set -nocase -filter {name =~ "microblaze*#0" && bscan=="USER2"  && jtag_cable_name =~ "Digilent Zed 210248A39B00"} -index 1
dow C:/Users/berke/Desktop/OKUL/SoC/Haziran_16/Haziran_14_microBlaze/Haziran_14_microBlaze.sdk/monteCarlo_single_core/Debug/monteCarlo_single_core.elf
configparams force-mem-access 0
----------------End of Script----------------

16:35:11 INFO  : Memory regions updated for context APU
16:35:11 INFO  : Memory regions updated for context MicroBlaze #0
16:35:11 INFO  : Memory regions updated for context MicroBlaze #1
16:35:11 INFO  : Memory regions updated for context MicroBlaze #1
16:35:11 INFO  : Context for processor 'microblaze_0' is selected.
16:35:11 INFO  : 'con' command is executed.
16:35:11 INFO  : ----------------XSDB Script (After Launch)----------------
targets -set -nocase -filter {name =~ "microblaze*#0" && bscan=="USER2"  && jtag_cable_name =~ "Digilent Zed 210248A39B00"} -index 1
con
----------------End of Script----------------

16:35:11 INFO  : Launch script is exported to file 'C:\Users\berke\Desktop\OKUL\SoC\Haziran_16\Haziran_14_microBlaze\Haziran_14_microBlaze.sdk\.sdk\launch_scripts\xilinx_c-c++_application_(system_debugger)\system_debugger_using_debug_montecarlo_single_core.elf_on_local.tcl'
16:36:17 INFO  : Disconnected from the channel tcfchan#7.
16:36:19 INFO  : 'targets -set -filter {jtag_cable_name =~ "Digilent Zed 210248A39B00" && level==0} -index 1' command is executed.
16:36:19 INFO  : 'fpga -state' command is executed.
16:36:19 INFO  : Connected to target on host '127.0.0.1' and port '3121'.
16:36:19 INFO  : Jtag cable 'Digilent Zed 210248A39B00' is selected.
16:36:19 INFO  : 'jtag frequency' command is executed.
16:36:19 INFO  : Sourcing of 'C:/Users/berke/Desktop/OKUL/SoC/Haziran_16/Haziran_14_microBlaze/Haziran_14_microBlaze.sdk/design_1_wrapper_hw_platform_0/ps7_init.tcl' is done.
16:36:19 INFO  : Context for 'APU' is selected.
16:36:20 INFO  : Hardware design information is loaded from 'C:/Users/berke/Desktop/OKUL/SoC/Haziran_16/Haziran_14_microBlaze/Haziran_14_microBlaze.sdk/design_1_wrapper_hw_platform_0/system.hdf'.
16:36:20 INFO  : 'configparams force-mem-access 1' command is executed.
16:36:20 INFO  : Context for 'APU' is selected.
16:36:20 INFO  : 'stop' command is executed.
16:36:20 INFO  : 'ps7_init' command is executed.
16:36:20 INFO  : 'ps7_post_config' command is executed.
16:36:20 INFO  : 'configparams mdm-detect-bscan-mask 2' command is executed.
16:36:20 INFO  : Context for processor 'microblaze_0' is selected.
16:36:20 INFO  : Processor reset is completed for 'microblaze_0'.
16:36:20 INFO  : Context for processor 'microblaze_0' is selected.
16:36:20 INFO  : The application 'C:/Users/berke/Desktop/OKUL/SoC/Haziran_16/Haziran_14_microBlaze/Haziran_14_microBlaze.sdk/monteCarlo_single_core/Debug/monteCarlo_single_core.elf' is downloaded to processor 'microblaze_0'.
16:36:20 INFO  : 'configparams force-mem-access 0' command is executed.
16:36:20 INFO  : ----------------XSDB Script----------------
connect -url tcp:127.0.0.1:3121
source C:/Users/berke/Desktop/OKUL/SoC/Haziran_16/Haziran_14_microBlaze/Haziran_14_microBlaze.sdk/design_1_wrapper_hw_platform_0/ps7_init.tcl
targets -set -nocase -filter {name =~"APU*" && jtag_cable_name =~ "Digilent Zed 210248A39B00"} -index 0
loadhw -hw C:/Users/berke/Desktop/OKUL/SoC/Haziran_16/Haziran_14_microBlaze/Haziran_14_microBlaze.sdk/design_1_wrapper_hw_platform_0/system.hdf -mem-ranges [list {0x40000000 0xbfffffff}]
configparams force-mem-access 1
targets -set -nocase -filter {name =~"APU*" && jtag_cable_name =~ "Digilent Zed 210248A39B00"} -index 0
stop
ps7_init
ps7_post_config
configparams mdm-detect-bscan-mask 2
targets -set -nocase -filter {name =~ "microblaze*#0" && bscan=="USER2"  && jtag_cable_name =~ "Digilent Zed 210248A39B00"} -index 1
rst -processor
targets -set -nocase -filter {name =~ "microblaze*#0" && bscan=="USER2"  && jtag_cable_name =~ "Digilent Zed 210248A39B00"} -index 1
dow C:/Users/berke/Desktop/OKUL/SoC/Haziran_16/Haziran_14_microBlaze/Haziran_14_microBlaze.sdk/monteCarlo_single_core/Debug/monteCarlo_single_core.elf
configparams force-mem-access 0
----------------End of Script----------------

16:36:20 INFO  : Memory regions updated for context APU
16:36:20 INFO  : Memory regions updated for context MicroBlaze #0
16:36:20 INFO  : Memory regions updated for context MicroBlaze #1
16:36:20 INFO  : Memory regions updated for context MicroBlaze #1
16:36:20 INFO  : Context for processor 'microblaze_0' is selected.
16:36:21 INFO  : 'con' command is executed.
16:36:21 INFO  : ----------------XSDB Script (After Launch)----------------
targets -set -nocase -filter {name =~ "microblaze*#0" && bscan=="USER2"  && jtag_cable_name =~ "Digilent Zed 210248A39B00"} -index 1
con
----------------End of Script----------------

16:36:21 INFO  : Launch script is exported to file 'C:\Users\berke\Desktop\OKUL\SoC\Haziran_16\Haziran_14_microBlaze\Haziran_14_microBlaze.sdk\.sdk\launch_scripts\xilinx_c-c++_application_(system_debugger)\system_debugger_using_debug_montecarlo_single_core.elf_on_local.tcl'
16:52:46 INFO  : Disconnected from the channel tcfchan#8.
16:52:47 INFO  : 'targets -set -filter {jtag_cable_name =~ "Digilent Zed 210248A39B00" && level==0} -index 1' command is executed.
16:52:47 INFO  : 'fpga -state' command is executed.
16:52:47 INFO  : Connected to target on host '127.0.0.1' and port '3121'.
16:52:47 INFO  : Jtag cable 'Digilent Zed 210248A39B00' is selected.
16:52:47 INFO  : 'jtag frequency' command is executed.
16:52:47 INFO  : Sourcing of 'C:/Users/berke/Desktop/OKUL/SoC/Haziran_16/Haziran_14_microBlaze/Haziran_14_microBlaze.sdk/design_1_wrapper_hw_platform_0/ps7_init.tcl' is done.
16:52:47 INFO  : Context for 'APU' is selected.
16:52:49 INFO  : Hardware design information is loaded from 'C:/Users/berke/Desktop/OKUL/SoC/Haziran_16/Haziran_14_microBlaze/Haziran_14_microBlaze.sdk/design_1_wrapper_hw_platform_0/system.hdf'.
16:52:49 INFO  : 'configparams force-mem-access 1' command is executed.
16:52:49 INFO  : Context for 'APU' is selected.
16:52:49 INFO  : 'stop' command is executed.
16:52:49 INFO  : 'ps7_init' command is executed.
16:52:49 INFO  : 'ps7_post_config' command is executed.
16:52:49 INFO  : 'configparams mdm-detect-bscan-mask 2' command is executed.
16:52:49 INFO  : Context for processor 'microblaze_0' is selected.
16:52:49 INFO  : Processor reset is completed for 'microblaze_0'.
16:52:49 INFO  : Context for processor 'microblaze_0' is selected.
16:52:49 INFO  : The application 'C:/Users/berke/Desktop/OKUL/SoC/Haziran_16/Haziran_14_microBlaze/Haziran_14_microBlaze.sdk/monteCarlo_single_core/Debug/monteCarlo_single_core.elf' is downloaded to processor 'microblaze_0'.
16:52:49 INFO  : 'configparams force-mem-access 0' command is executed.
16:52:49 INFO  : ----------------XSDB Script----------------
connect -url tcp:127.0.0.1:3121
source C:/Users/berke/Desktop/OKUL/SoC/Haziran_16/Haziran_14_microBlaze/Haziran_14_microBlaze.sdk/design_1_wrapper_hw_platform_0/ps7_init.tcl
targets -set -nocase -filter {name =~"APU*" && jtag_cable_name =~ "Digilent Zed 210248A39B00"} -index 0
loadhw -hw C:/Users/berke/Desktop/OKUL/SoC/Haziran_16/Haziran_14_microBlaze/Haziran_14_microBlaze.sdk/design_1_wrapper_hw_platform_0/system.hdf -mem-ranges [list {0x40000000 0xbfffffff}]
configparams force-mem-access 1
targets -set -nocase -filter {name =~"APU*" && jtag_cable_name =~ "Digilent Zed 210248A39B00"} -index 0
stop
ps7_init
ps7_post_config
configparams mdm-detect-bscan-mask 2
targets -set -nocase -filter {name =~ "microblaze*#0" && bscan=="USER2"  && jtag_cable_name =~ "Digilent Zed 210248A39B00"} -index 1
rst -processor
targets -set -nocase -filter {name =~ "microblaze*#0" && bscan=="USER2"  && jtag_cable_name =~ "Digilent Zed 210248A39B00"} -index 1
dow C:/Users/berke/Desktop/OKUL/SoC/Haziran_16/Haziran_14_microBlaze/Haziran_14_microBlaze.sdk/monteCarlo_single_core/Debug/monteCarlo_single_core.elf
configparams force-mem-access 0
----------------End of Script----------------

16:52:49 INFO  : Memory regions updated for context APU
16:52:49 INFO  : Memory regions updated for context MicroBlaze #0
16:52:49 INFO  : Memory regions updated for context MicroBlaze #1
16:52:49 INFO  : Memory regions updated for context MicroBlaze #1
16:52:49 INFO  : Context for processor 'microblaze_0' is selected.
16:52:49 INFO  : 'con' command is executed.
16:52:49 INFO  : ----------------XSDB Script (After Launch)----------------
targets -set -nocase -filter {name =~ "microblaze*#0" && bscan=="USER2"  && jtag_cable_name =~ "Digilent Zed 210248A39B00"} -index 1
con
----------------End of Script----------------

16:52:49 INFO  : Launch script is exported to file 'C:\Users\berke\Desktop\OKUL\SoC\Haziran_16\Haziran_14_microBlaze\Haziran_14_microBlaze.sdk\.sdk\launch_scripts\xilinx_c-c++_application_(system_debugger)\system_debugger_using_debug_montecarlo_single_core.elf_on_local.tcl'
17:18:27 INFO  : Disconnected from the channel tcfchan#9.
17:18:28 INFO  : 'targets -set -filter {jtag_cable_name =~ "Digilent Zed 210248A39B00" && level==0} -index 1' command is executed.
17:18:28 INFO  : 'fpga -state' command is executed.
17:18:28 INFO  : Connected to target on host '127.0.0.1' and port '3121'.
17:18:28 INFO  : Jtag cable 'Digilent Zed 210248A39B00' is selected.
17:18:28 INFO  : 'jtag frequency' command is executed.
17:18:28 INFO  : Sourcing of 'C:/Users/berke/Desktop/OKUL/SoC/Haziran_16/Haziran_14_microBlaze/Haziran_14_microBlaze.sdk/design_1_wrapper_hw_platform_0/ps7_init.tcl' is done.
17:18:28 INFO  : Context for 'APU' is selected.
17:18:30 INFO  : Hardware design information is loaded from 'C:/Users/berke/Desktop/OKUL/SoC/Haziran_16/Haziran_14_microBlaze/Haziran_14_microBlaze.sdk/design_1_wrapper_hw_platform_0/system.hdf'.
17:18:30 INFO  : 'configparams force-mem-access 1' command is executed.
17:18:30 INFO  : Context for 'APU' is selected.
17:18:30 INFO  : 'stop' command is executed.
17:18:30 INFO  : 'ps7_init' command is executed.
17:18:30 INFO  : 'ps7_post_config' command is executed.
17:18:30 INFO  : 'configparams mdm-detect-bscan-mask 2' command is executed.
17:18:30 INFO  : Context for processor 'microblaze_0' is selected.
17:18:30 INFO  : Processor reset is completed for 'microblaze_0'.
17:18:30 INFO  : Context for processor 'microblaze_1' is selected.
17:18:30 INFO  : Processor reset is completed for 'microblaze_1'.
17:18:30 INFO  : Context for processor 'microblaze_0' is selected.
17:18:30 INFO  : The application 'C:/Users/berke/Desktop/OKUL/SoC/Haziran_16/Haziran_14_microBlaze/Haziran_14_microBlaze.sdk/monteCarlo_uBlaze0/Debug/monteCarlo_uBlaze0.elf' is downloaded to processor 'microblaze_0'.
17:18:30 INFO  : Context for processor 'microblaze_1' is selected.
17:18:30 INFO  : The application 'C:/Users/berke/Desktop/OKUL/SoC/Haziran_16/Haziran_14_microBlaze/Haziran_14_microBlaze.sdk/monteCarlo_uBlaze1/Debug/monteCarlo_uBlaze1.elf' is downloaded to processor 'microblaze_1'.
17:18:30 INFO  : 'configparams force-mem-access 0' command is executed.
17:18:30 INFO  : ----------------XSDB Script----------------
connect -url tcp:127.0.0.1:3121
source C:/Users/berke/Desktop/OKUL/SoC/Haziran_16/Haziran_14_microBlaze/Haziran_14_microBlaze.sdk/design_1_wrapper_hw_platform_0/ps7_init.tcl
targets -set -nocase -filter {name =~"APU*" && jtag_cable_name =~ "Digilent Zed 210248A39B00"} -index 0
loadhw -hw C:/Users/berke/Desktop/OKUL/SoC/Haziran_16/Haziran_14_microBlaze/Haziran_14_microBlaze.sdk/design_1_wrapper_hw_platform_0/system.hdf -mem-ranges [list {0x40000000 0xbfffffff}]
configparams force-mem-access 1
targets -set -nocase -filter {name =~"APU*" && jtag_cable_name =~ "Digilent Zed 210248A39B00"} -index 0
stop
ps7_init
ps7_post_config
configparams mdm-detect-bscan-mask 2
targets -set -nocase -filter {name =~ "microblaze*#0" && bscan=="USER2"  && jtag_cable_name =~ "Digilent Zed 210248A39B00"} -index 1
rst -processor
targets -set -nocase -filter {name =~ "microblaze*#1" && bscan=="USER2"  && jtag_cable_name =~ "Digilent Zed 210248A39B00"} -index 1
rst -processor
targets -set -nocase -filter {name =~ "microblaze*#0" && bscan=="USER2"  && jtag_cable_name =~ "Digilent Zed 210248A39B00"} -index 1
dow C:/Users/berke/Desktop/OKUL/SoC/Haziran_16/Haziran_14_microBlaze/Haziran_14_microBlaze.sdk/monteCarlo_uBlaze0/Debug/monteCarlo_uBlaze0.elf
targets -set -nocase -filter {name =~ "microblaze*#1" && bscan=="USER2"  && jtag_cable_name =~ "Digilent Zed 210248A39B00"} -index 1
dow C:/Users/berke/Desktop/OKUL/SoC/Haziran_16/Haziran_14_microBlaze/Haziran_14_microBlaze.sdk/monteCarlo_uBlaze1/Debug/monteCarlo_uBlaze1.elf
configparams force-mem-access 0
----------------End of Script----------------

17:18:30 INFO  : Memory regions updated for context APU
17:18:30 INFO  : Memory regions updated for context MicroBlaze #0
17:18:30 INFO  : Memory regions updated for context MicroBlaze #1
17:18:30 INFO  : Memory regions updated for context MicroBlaze #1
17:18:30 INFO  : Context for processor 'microblaze_0' is selected.
17:18:30 INFO  : 'con' command is executed.
17:18:30 INFO  : Context for processor 'microblaze_1' is selected.
17:18:30 INFO  : 'con' command is executed.
17:18:30 INFO  : ----------------XSDB Script (After Launch)----------------
targets -set -nocase -filter {name =~ "microblaze*#0" && bscan=="USER2"  && jtag_cable_name =~ "Digilent Zed 210248A39B00"} -index 1
con
targets -set -nocase -filter {name =~ "microblaze*#1" && bscan=="USER2"  && jtag_cable_name =~ "Digilent Zed 210248A39B00"} -index 1
con
----------------End of Script----------------

17:18:30 INFO  : Launch script is exported to file 'C:\Users\berke\Desktop\OKUL\SoC\Haziran_16\Haziran_14_microBlaze\Haziran_14_microBlaze.sdk\.sdk\launch_scripts\xilinx_c-c++_application_(system_debugger)\system_debugger_using_debug_montecarlo_ublaze0.elf_on_local.tcl'
17:39:25 INFO  : Disconnected from the channel tcfchan#10.
17:39:26 INFO  : 'targets -set -filter {jtag_cable_name =~ "Digilent Zed 210248A39B00" && level==0} -index 1' command is executed.
17:39:26 INFO  : 'fpga -state' command is executed.
17:39:26 INFO  : Connected to target on host '127.0.0.1' and port '3121'.
17:39:26 INFO  : Jtag cable 'Digilent Zed 210248A39B00' is selected.
17:39:26 INFO  : 'jtag frequency' command is executed.
17:39:26 INFO  : Sourcing of 'C:/Users/berke/Desktop/OKUL/SoC/Haziran_16/Haziran_14_microBlaze/Haziran_14_microBlaze.sdk/design_1_wrapper_hw_platform_0/ps7_init.tcl' is done.
17:39:26 INFO  : Context for 'APU' is selected.
17:39:28 INFO  : Hardware design information is loaded from 'C:/Users/berke/Desktop/OKUL/SoC/Haziran_16/Haziran_14_microBlaze/Haziran_14_microBlaze.sdk/design_1_wrapper_hw_platform_0/system.hdf'.
17:39:28 INFO  : 'configparams force-mem-access 1' command is executed.
17:39:28 INFO  : Context for 'APU' is selected.
17:39:28 INFO  : 'stop' command is executed.
17:39:28 INFO  : 'ps7_init' command is executed.
17:39:28 INFO  : 'ps7_post_config' command is executed.
17:39:28 INFO  : 'configparams mdm-detect-bscan-mask 2' command is executed.
17:39:28 INFO  : Context for processor 'microblaze_0' is selected.
17:39:28 INFO  : Processor reset is completed for 'microblaze_0'.
17:39:28 INFO  : Context for processor 'microblaze_1' is selected.
17:39:28 INFO  : Processor reset is completed for 'microblaze_1'.
17:39:28 INFO  : Context for processor 'microblaze_0' is selected.
17:39:28 INFO  : The application 'C:/Users/berke/Desktop/OKUL/SoC/Haziran_16/Haziran_14_microBlaze/Haziran_14_microBlaze.sdk/monteCarlo_uBlaze0/Debug/monteCarlo_uBlaze0.elf' is downloaded to processor 'microblaze_0'.
17:39:28 INFO  : Context for processor 'microblaze_1' is selected.
17:39:28 INFO  : The application 'C:/Users/berke/Desktop/OKUL/SoC/Haziran_16/Haziran_14_microBlaze/Haziran_14_microBlaze.sdk/monteCarlo_uBlaze1/Debug/monteCarlo_uBlaze1.elf' is downloaded to processor 'microblaze_1'.
17:39:28 INFO  : 'configparams force-mem-access 0' command is executed.
17:39:28 INFO  : ----------------XSDB Script----------------
connect -url tcp:127.0.0.1:3121
source C:/Users/berke/Desktop/OKUL/SoC/Haziran_16/Haziran_14_microBlaze/Haziran_14_microBlaze.sdk/design_1_wrapper_hw_platform_0/ps7_init.tcl
targets -set -nocase -filter {name =~"APU*" && jtag_cable_name =~ "Digilent Zed 210248A39B00"} -index 0
loadhw -hw C:/Users/berke/Desktop/OKUL/SoC/Haziran_16/Haziran_14_microBlaze/Haziran_14_microBlaze.sdk/design_1_wrapper_hw_platform_0/system.hdf -mem-ranges [list {0x40000000 0xbfffffff}]
configparams force-mem-access 1
targets -set -nocase -filter {name =~"APU*" && jtag_cable_name =~ "Digilent Zed 210248A39B00"} -index 0
stop
ps7_init
ps7_post_config
configparams mdm-detect-bscan-mask 2
targets -set -nocase -filter {name =~ "microblaze*#0" && bscan=="USER2"  && jtag_cable_name =~ "Digilent Zed 210248A39B00"} -index 1
rst -processor
targets -set -nocase -filter {name =~ "microblaze*#1" && bscan=="USER2"  && jtag_cable_name =~ "Digilent Zed 210248A39B00"} -index 1
rst -processor
targets -set -nocase -filter {name =~ "microblaze*#0" && bscan=="USER2"  && jtag_cable_name =~ "Digilent Zed 210248A39B00"} -index 1
dow C:/Users/berke/Desktop/OKUL/SoC/Haziran_16/Haziran_14_microBlaze/Haziran_14_microBlaze.sdk/monteCarlo_uBlaze0/Debug/monteCarlo_uBlaze0.elf
targets -set -nocase -filter {name =~ "microblaze*#1" && bscan=="USER2"  && jtag_cable_name =~ "Digilent Zed 210248A39B00"} -index 1
dow C:/Users/berke/Desktop/OKUL/SoC/Haziran_16/Haziran_14_microBlaze/Haziran_14_microBlaze.sdk/monteCarlo_uBlaze1/Debug/monteCarlo_uBlaze1.elf
configparams force-mem-access 0
----------------End of Script----------------

17:39:28 INFO  : Memory regions updated for context APU
17:39:28 INFO  : Memory regions updated for context MicroBlaze #0
17:39:28 INFO  : Memory regions updated for context MicroBlaze #1
17:39:28 INFO  : Memory regions updated for context MicroBlaze #1
17:39:28 INFO  : Context for processor 'microblaze_0' is selected.
17:39:29 INFO  : 'con' command is executed.
17:39:29 INFO  : Context for processor 'microblaze_1' is selected.
17:39:29 INFO  : 'con' command is executed.
17:39:29 INFO  : ----------------XSDB Script (After Launch)----------------
targets -set -nocase -filter {name =~ "microblaze*#0" && bscan=="USER2"  && jtag_cable_name =~ "Digilent Zed 210248A39B00"} -index 1
con
targets -set -nocase -filter {name =~ "microblaze*#1" && bscan=="USER2"  && jtag_cable_name =~ "Digilent Zed 210248A39B00"} -index 1
con
----------------End of Script----------------

17:39:29 INFO  : Launch script is exported to file 'C:\Users\berke\Desktop\OKUL\SoC\Haziran_16\Haziran_14_microBlaze\Haziran_14_microBlaze.sdk\.sdk\launch_scripts\xilinx_c-c++_application_(system_debugger)\system_debugger_using_debug_montecarlo_ublaze0.elf_on_local.tcl'
17:50:11 INFO  : Disconnected from the channel tcfchan#11.
17:50:12 INFO  : 'targets -set -filter {jtag_cable_name =~ "Digilent Zed 210248A39B00" && level==0} -index 1' command is executed.
17:50:12 INFO  : 'fpga -state' command is executed.
17:50:12 INFO  : Connected to target on host '127.0.0.1' and port '3121'.
17:50:13 INFO  : Jtag cable 'Digilent Zed 210248A39B00' is selected.
17:50:13 INFO  : 'jtag frequency' command is executed.
17:50:13 INFO  : Sourcing of 'C:/Users/berke/Desktop/OKUL/SoC/Haziran_16/Haziran_14_microBlaze/Haziran_14_microBlaze.sdk/design_1_wrapper_hw_platform_0/ps7_init.tcl' is done.
17:50:13 INFO  : Context for 'APU' is selected.
17:50:14 INFO  : Hardware design information is loaded from 'C:/Users/berke/Desktop/OKUL/SoC/Haziran_16/Haziran_14_microBlaze/Haziran_14_microBlaze.sdk/design_1_wrapper_hw_platform_0/system.hdf'.
17:50:14 INFO  : 'configparams force-mem-access 1' command is executed.
17:50:14 INFO  : Context for 'APU' is selected.
17:50:14 INFO  : 'stop' command is executed.
17:50:15 INFO  : 'ps7_init' command is executed.
17:50:15 INFO  : 'ps7_post_config' command is executed.
17:50:15 INFO  : 'configparams mdm-detect-bscan-mask 2' command is executed.
17:50:15 INFO  : Context for processor 'microblaze_0' is selected.
17:50:15 INFO  : Processor reset is completed for 'microblaze_0'.
17:50:15 INFO  : Context for processor 'microblaze_1' is selected.
17:50:15 INFO  : Processor reset is completed for 'microblaze_1'.
17:50:15 INFO  : Context for processor 'microblaze_0' is selected.
17:50:15 INFO  : The application 'C:/Users/berke/Desktop/OKUL/SoC/Haziran_16/Haziran_14_microBlaze/Haziran_14_microBlaze.sdk/monteCarlo_uBlaze0/Debug/monteCarlo_uBlaze0.elf' is downloaded to processor 'microblaze_0'.
17:50:15 INFO  : Context for processor 'microblaze_1' is selected.
17:50:15 INFO  : The application 'C:/Users/berke/Desktop/OKUL/SoC/Haziran_16/Haziran_14_microBlaze/Haziran_14_microBlaze.sdk/monteCarlo_uBlaze1/Debug/monteCarlo_uBlaze1.elf' is downloaded to processor 'microblaze_1'.
17:50:15 INFO  : 'configparams force-mem-access 0' command is executed.
17:50:15 INFO  : ----------------XSDB Script----------------
connect -url tcp:127.0.0.1:3121
source C:/Users/berke/Desktop/OKUL/SoC/Haziran_16/Haziran_14_microBlaze/Haziran_14_microBlaze.sdk/design_1_wrapper_hw_platform_0/ps7_init.tcl
targets -set -nocase -filter {name =~"APU*" && jtag_cable_name =~ "Digilent Zed 210248A39B00"} -index 0
loadhw -hw C:/Users/berke/Desktop/OKUL/SoC/Haziran_16/Haziran_14_microBlaze/Haziran_14_microBlaze.sdk/design_1_wrapper_hw_platform_0/system.hdf -mem-ranges [list {0x40000000 0xbfffffff}]
configparams force-mem-access 1
targets -set -nocase -filter {name =~"APU*" && jtag_cable_name =~ "Digilent Zed 210248A39B00"} -index 0
stop
ps7_init
ps7_post_config
configparams mdm-detect-bscan-mask 2
targets -set -nocase -filter {name =~ "microblaze*#0" && bscan=="USER2"  && jtag_cable_name =~ "Digilent Zed 210248A39B00"} -index 1
rst -processor
targets -set -nocase -filter {name =~ "microblaze*#1" && bscan=="USER2"  && jtag_cable_name =~ "Digilent Zed 210248A39B00"} -index 1
rst -processor
targets -set -nocase -filter {name =~ "microblaze*#0" && bscan=="USER2"  && jtag_cable_name =~ "Digilent Zed 210248A39B00"} -index 1
dow C:/Users/berke/Desktop/OKUL/SoC/Haziran_16/Haziran_14_microBlaze/Haziran_14_microBlaze.sdk/monteCarlo_uBlaze0/Debug/monteCarlo_uBlaze0.elf
targets -set -nocase -filter {name =~ "microblaze*#1" && bscan=="USER2"  && jtag_cable_name =~ "Digilent Zed 210248A39B00"} -index 1
dow C:/Users/berke/Desktop/OKUL/SoC/Haziran_16/Haziran_14_microBlaze/Haziran_14_microBlaze.sdk/monteCarlo_uBlaze1/Debug/monteCarlo_uBlaze1.elf
configparams force-mem-access 0
----------------End of Script----------------

17:50:15 INFO  : Memory regions updated for context APU
17:50:15 INFO  : Memory regions updated for context MicroBlaze #0
17:50:15 INFO  : Memory regions updated for context MicroBlaze #1
17:50:15 INFO  : Memory regions updated for context MicroBlaze #1
17:50:15 INFO  : Context for processor 'microblaze_0' is selected.
17:50:15 INFO  : 'con' command is executed.
17:50:15 INFO  : Context for processor 'microblaze_1' is selected.
17:50:15 INFO  : 'con' command is executed.
17:50:15 INFO  : ----------------XSDB Script (After Launch)----------------
targets -set -nocase -filter {name =~ "microblaze*#0" && bscan=="USER2"  && jtag_cable_name =~ "Digilent Zed 210248A39B00"} -index 1
con
targets -set -nocase -filter {name =~ "microblaze*#1" && bscan=="USER2"  && jtag_cable_name =~ "Digilent Zed 210248A39B00"} -index 1
con
----------------End of Script----------------

17:50:15 INFO  : Launch script is exported to file 'C:\Users\berke\Desktop\OKUL\SoC\Haziran_16\Haziran_14_microBlaze\Haziran_14_microBlaze.sdk\.sdk\launch_scripts\xilinx_c-c++_application_(system_debugger)\system_debugger_using_debug_montecarlo_ublaze0.elf_on_local.tcl'
17:50:22 INFO  : Disconnected from the channel tcfchan#12.
17:50:23 INFO  : 'targets -set -filter {jtag_cable_name =~ "Digilent Zed 210248A39B00" && level==0} -index 1' command is executed.
17:50:23 INFO  : 'fpga -state' command is executed.
17:50:23 INFO  : Connected to target on host '127.0.0.1' and port '3121'.
17:50:24 INFO  : Jtag cable 'Digilent Zed 210248A39B00' is selected.
17:50:24 INFO  : 'jtag frequency' command is executed.
17:50:24 INFO  : Sourcing of 'C:/Users/berke/Desktop/OKUL/SoC/Haziran_16/Haziran_14_microBlaze/Haziran_14_microBlaze.sdk/design_1_wrapper_hw_platform_0/ps7_init.tcl' is done.
17:50:24 INFO  : Context for 'APU' is selected.
17:50:25 INFO  : Hardware design information is loaded from 'C:/Users/berke/Desktop/OKUL/SoC/Haziran_16/Haziran_14_microBlaze/Haziran_14_microBlaze.sdk/design_1_wrapper_hw_platform_0/system.hdf'.
17:50:25 INFO  : 'configparams force-mem-access 1' command is executed.
17:50:25 INFO  : Context for 'APU' is selected.
17:50:25 INFO  : 'stop' command is executed.
17:50:26 INFO  : 'ps7_init' command is executed.
17:50:26 INFO  : 'ps7_post_config' command is executed.
17:50:26 INFO  : 'configparams mdm-detect-bscan-mask 2' command is executed.
17:50:26 INFO  : Context for processor 'microblaze_0' is selected.
17:50:26 INFO  : Processor reset is completed for 'microblaze_0'.
17:50:26 INFO  : Context for processor 'microblaze_1' is selected.
17:50:26 INFO  : Processor reset is completed for 'microblaze_1'.
17:50:26 INFO  : Context for processor 'microblaze_0' is selected.
17:50:26 INFO  : The application 'C:/Users/berke/Desktop/OKUL/SoC/Haziran_16/Haziran_14_microBlaze/Haziran_14_microBlaze.sdk/monteCarlo_uBlaze0/Debug/monteCarlo_uBlaze0.elf' is downloaded to processor 'microblaze_0'.
17:50:26 INFO  : Context for processor 'microblaze_1' is selected.
17:50:26 INFO  : The application 'C:/Users/berke/Desktop/OKUL/SoC/Haziran_16/Haziran_14_microBlaze/Haziran_14_microBlaze.sdk/monteCarlo_uBlaze1/Debug/monteCarlo_uBlaze1.elf' is downloaded to processor 'microblaze_1'.
17:50:26 INFO  : 'configparams force-mem-access 0' command is executed.
17:50:26 INFO  : ----------------XSDB Script----------------
connect -url tcp:127.0.0.1:3121
source C:/Users/berke/Desktop/OKUL/SoC/Haziran_16/Haziran_14_microBlaze/Haziran_14_microBlaze.sdk/design_1_wrapper_hw_platform_0/ps7_init.tcl
targets -set -nocase -filter {name =~"APU*" && jtag_cable_name =~ "Digilent Zed 210248A39B00"} -index 0
loadhw -hw C:/Users/berke/Desktop/OKUL/SoC/Haziran_16/Haziran_14_microBlaze/Haziran_14_microBlaze.sdk/design_1_wrapper_hw_platform_0/system.hdf -mem-ranges [list {0x40000000 0xbfffffff}]
configparams force-mem-access 1
targets -set -nocase -filter {name =~"APU*" && jtag_cable_name =~ "Digilent Zed 210248A39B00"} -index 0
stop
ps7_init
ps7_post_config
configparams mdm-detect-bscan-mask 2
targets -set -nocase -filter {name =~ "microblaze*#0" && bscan=="USER2"  && jtag_cable_name =~ "Digilent Zed 210248A39B00"} -index 1
rst -processor
targets -set -nocase -filter {name =~ "microblaze*#1" && bscan=="USER2"  && jtag_cable_name =~ "Digilent Zed 210248A39B00"} -index 1
rst -processor
targets -set -nocase -filter {name =~ "microblaze*#0" && bscan=="USER2"  && jtag_cable_name =~ "Digilent Zed 210248A39B00"} -index 1
dow C:/Users/berke/Desktop/OKUL/SoC/Haziran_16/Haziran_14_microBlaze/Haziran_14_microBlaze.sdk/monteCarlo_uBlaze0/Debug/monteCarlo_uBlaze0.elf
targets -set -nocase -filter {name =~ "microblaze*#1" && bscan=="USER2"  && jtag_cable_name =~ "Digilent Zed 210248A39B00"} -index 1
dow C:/Users/berke/Desktop/OKUL/SoC/Haziran_16/Haziran_14_microBlaze/Haziran_14_microBlaze.sdk/monteCarlo_uBlaze1/Debug/monteCarlo_uBlaze1.elf
configparams force-mem-access 0
----------------End of Script----------------

17:50:26 INFO  : Memory regions updated for context APU
17:50:26 INFO  : Memory regions updated for context MicroBlaze #0
17:50:26 INFO  : Memory regions updated for context MicroBlaze #1
17:50:26 INFO  : Memory regions updated for context MicroBlaze #1
17:50:26 INFO  : Context for processor 'microblaze_0' is selected.
17:50:26 INFO  : 'con' command is executed.
17:50:26 INFO  : Context for processor 'microblaze_1' is selected.
17:50:26 INFO  : 'con' command is executed.
17:50:26 INFO  : ----------------XSDB Script (After Launch)----------------
targets -set -nocase -filter {name =~ "microblaze*#0" && bscan=="USER2"  && jtag_cable_name =~ "Digilent Zed 210248A39B00"} -index 1
con
targets -set -nocase -filter {name =~ "microblaze*#1" && bscan=="USER2"  && jtag_cable_name =~ "Digilent Zed 210248A39B00"} -index 1
con
----------------End of Script----------------

17:50:26 INFO  : Launch script is exported to file 'C:\Users\berke\Desktop\OKUL\SoC\Haziran_16\Haziran_14_microBlaze\Haziran_14_microBlaze.sdk\.sdk\launch_scripts\xilinx_c-c++_application_(system_debugger)\system_debugger_using_debug_montecarlo_ublaze0.elf_on_local.tcl'
17:51:04 INFO  : Disconnected from the channel tcfchan#13.
17:51:05 INFO  : 'targets -set -filter {jtag_cable_name =~ "Digilent Zed 210248A39B00" && level==0} -index 1' command is executed.
17:51:05 INFO  : 'fpga -state' command is executed.
17:51:05 INFO  : Connected to target on host '127.0.0.1' and port '3121'.
17:51:06 INFO  : Jtag cable 'Digilent Zed 210248A39B00' is selected.
17:51:06 INFO  : 'jtag frequency' command is executed.
17:51:06 INFO  : Sourcing of 'C:/Users/berke/Desktop/OKUL/SoC/Haziran_16/Haziran_14_microBlaze/Haziran_14_microBlaze.sdk/design_1_wrapper_hw_platform_0/ps7_init.tcl' is done.
17:51:06 INFO  : Context for 'APU' is selected.
17:51:07 INFO  : Hardware design information is loaded from 'C:/Users/berke/Desktop/OKUL/SoC/Haziran_16/Haziran_14_microBlaze/Haziran_14_microBlaze.sdk/design_1_wrapper_hw_platform_0/system.hdf'.
17:51:07 INFO  : 'configparams force-mem-access 1' command is executed.
17:51:08 INFO  : Context for 'APU' is selected.
17:51:08 INFO  : 'stop' command is executed.
17:51:08 INFO  : 'ps7_init' command is executed.
17:51:08 INFO  : 'ps7_post_config' command is executed.
17:51:08 INFO  : 'configparams mdm-detect-bscan-mask 2' command is executed.
17:51:08 INFO  : Context for processor 'microblaze_0' is selected.
17:51:08 INFO  : Processor reset is completed for 'microblaze_0'.
17:51:08 INFO  : Context for processor 'microblaze_1' is selected.
17:51:08 INFO  : Processor reset is completed for 'microblaze_1'.
17:51:08 INFO  : Context for processor 'microblaze_0' is selected.
17:51:08 INFO  : The application 'C:/Users/berke/Desktop/OKUL/SoC/Haziran_16/Haziran_14_microBlaze/Haziran_14_microBlaze.sdk/monteCarlo_uBlaze0/Debug/monteCarlo_uBlaze0.elf' is downloaded to processor 'microblaze_0'.
17:51:08 INFO  : Context for processor 'microblaze_1' is selected.
17:51:08 INFO  : The application 'C:/Users/berke/Desktop/OKUL/SoC/Haziran_16/Haziran_14_microBlaze/Haziran_14_microBlaze.sdk/monteCarlo_uBlaze1/Debug/monteCarlo_uBlaze1.elf' is downloaded to processor 'microblaze_1'.
17:51:08 INFO  : 'configparams force-mem-access 0' command is executed.
17:51:08 INFO  : ----------------XSDB Script----------------
connect -url tcp:127.0.0.1:3121
source C:/Users/berke/Desktop/OKUL/SoC/Haziran_16/Haziran_14_microBlaze/Haziran_14_microBlaze.sdk/design_1_wrapper_hw_platform_0/ps7_init.tcl
targets -set -nocase -filter {name =~"APU*" && jtag_cable_name =~ "Digilent Zed 210248A39B00"} -index 0
loadhw -hw C:/Users/berke/Desktop/OKUL/SoC/Haziran_16/Haziran_14_microBlaze/Haziran_14_microBlaze.sdk/design_1_wrapper_hw_platform_0/system.hdf -mem-ranges [list {0x40000000 0xbfffffff}]
configparams force-mem-access 1
targets -set -nocase -filter {name =~"APU*" && jtag_cable_name =~ "Digilent Zed 210248A39B00"} -index 0
stop
ps7_init
ps7_post_config
configparams mdm-detect-bscan-mask 2
targets -set -nocase -filter {name =~ "microblaze*#0" && bscan=="USER2"  && jtag_cable_name =~ "Digilent Zed 210248A39B00"} -index 1
rst -processor
targets -set -nocase -filter {name =~ "microblaze*#1" && bscan=="USER2"  && jtag_cable_name =~ "Digilent Zed 210248A39B00"} -index 1
rst -processor
targets -set -nocase -filter {name =~ "microblaze*#0" && bscan=="USER2"  && jtag_cable_name =~ "Digilent Zed 210248A39B00"} -index 1
dow C:/Users/berke/Desktop/OKUL/SoC/Haziran_16/Haziran_14_microBlaze/Haziran_14_microBlaze.sdk/monteCarlo_uBlaze0/Debug/monteCarlo_uBlaze0.elf
targets -set -nocase -filter {name =~ "microblaze*#1" && bscan=="USER2"  && jtag_cable_name =~ "Digilent Zed 210248A39B00"} -index 1
dow C:/Users/berke/Desktop/OKUL/SoC/Haziran_16/Haziran_14_microBlaze/Haziran_14_microBlaze.sdk/monteCarlo_uBlaze1/Debug/monteCarlo_uBlaze1.elf
configparams force-mem-access 0
----------------End of Script----------------

17:51:08 INFO  : Memory regions updated for context APU
17:51:08 INFO  : Memory regions updated for context MicroBlaze #0
17:51:08 INFO  : Memory regions updated for context MicroBlaze #1
17:51:08 INFO  : Memory regions updated for context MicroBlaze #1
17:51:08 INFO  : Context for processor 'microblaze_0' is selected.
17:51:08 INFO  : 'con' command is executed.
17:51:08 INFO  : Context for processor 'microblaze_1' is selected.
17:51:08 INFO  : 'con' command is executed.
17:51:08 INFO  : ----------------XSDB Script (After Launch)----------------
targets -set -nocase -filter {name =~ "microblaze*#0" && bscan=="USER2"  && jtag_cable_name =~ "Digilent Zed 210248A39B00"} -index 1
con
targets -set -nocase -filter {name =~ "microblaze*#1" && bscan=="USER2"  && jtag_cable_name =~ "Digilent Zed 210248A39B00"} -index 1
con
----------------End of Script----------------

17:51:08 INFO  : Launch script is exported to file 'C:\Users\berke\Desktop\OKUL\SoC\Haziran_16\Haziran_14_microBlaze\Haziran_14_microBlaze.sdk\.sdk\launch_scripts\xilinx_c-c++_application_(system_debugger)\system_debugger_using_debug_montecarlo_ublaze0.elf_on_local.tcl'
17:53:10 INFO  : Disconnected from the channel tcfchan#14.
17:53:11 INFO  : 'targets -set -filter {jtag_cable_name =~ "Digilent Zed 210248A39B00" && level==0} -index 1' command is executed.
17:53:11 INFO  : 'fpga -state' command is executed.
17:53:11 INFO  : Connected to target on host '127.0.0.1' and port '3121'.
17:53:12 INFO  : Jtag cable 'Digilent Zed 210248A39B00' is selected.
17:53:12 INFO  : 'jtag frequency' command is executed.
17:53:12 INFO  : Sourcing of 'C:/Users/berke/Desktop/OKUL/SoC/Haziran_16/Haziran_14_microBlaze/Haziran_14_microBlaze.sdk/design_1_wrapper_hw_platform_0/ps7_init.tcl' is done.
17:53:12 INFO  : Context for 'APU' is selected.
17:53:14 INFO  : Hardware design information is loaded from 'C:/Users/berke/Desktop/OKUL/SoC/Haziran_16/Haziran_14_microBlaze/Haziran_14_microBlaze.sdk/design_1_wrapper_hw_platform_0/system.hdf'.
17:53:14 INFO  : 'configparams force-mem-access 1' command is executed.
17:53:14 INFO  : Context for 'APU' is selected.
17:53:14 INFO  : 'stop' command is executed.
17:53:14 INFO  : 'ps7_init' command is executed.
17:53:14 INFO  : 'ps7_post_config' command is executed.
17:53:14 INFO  : 'configparams mdm-detect-bscan-mask 2' command is executed.
17:53:14 INFO  : Context for processor 'microblaze_0' is selected.
17:53:14 INFO  : Processor reset is completed for 'microblaze_0'.
17:53:14 INFO  : Context for processor 'microblaze_1' is selected.
17:53:14 INFO  : Processor reset is completed for 'microblaze_1'.
17:53:14 INFO  : Context for processor 'microblaze_0' is selected.
17:53:14 INFO  : The application 'C:/Users/berke/Desktop/OKUL/SoC/Haziran_16/Haziran_14_microBlaze/Haziran_14_microBlaze.sdk/monteCarlo_uBlaze0/Debug/monteCarlo_uBlaze0.elf' is downloaded to processor 'microblaze_0'.
17:53:14 INFO  : Context for processor 'microblaze_1' is selected.
17:53:14 INFO  : The application 'C:/Users/berke/Desktop/OKUL/SoC/Haziran_16/Haziran_14_microBlaze/Haziran_14_microBlaze.sdk/monteCarlo_uBlaze1/Debug/monteCarlo_uBlaze1.elf' is downloaded to processor 'microblaze_1'.
17:53:14 INFO  : 'configparams force-mem-access 0' command is executed.
17:53:14 INFO  : ----------------XSDB Script----------------
connect -url tcp:127.0.0.1:3121
source C:/Users/berke/Desktop/OKUL/SoC/Haziran_16/Haziran_14_microBlaze/Haziran_14_microBlaze.sdk/design_1_wrapper_hw_platform_0/ps7_init.tcl
targets -set -nocase -filter {name =~"APU*" && jtag_cable_name =~ "Digilent Zed 210248A39B00"} -index 0
loadhw -hw C:/Users/berke/Desktop/OKUL/SoC/Haziran_16/Haziran_14_microBlaze/Haziran_14_microBlaze.sdk/design_1_wrapper_hw_platform_0/system.hdf -mem-ranges [list {0x40000000 0xbfffffff}]
configparams force-mem-access 1
targets -set -nocase -filter {name =~"APU*" && jtag_cable_name =~ "Digilent Zed 210248A39B00"} -index 0
stop
ps7_init
ps7_post_config
configparams mdm-detect-bscan-mask 2
targets -set -nocase -filter {name =~ "microblaze*#0" && bscan=="USER2"  && jtag_cable_name =~ "Digilent Zed 210248A39B00"} -index 1
rst -processor
targets -set -nocase -filter {name =~ "microblaze*#1" && bscan=="USER2"  && jtag_cable_name =~ "Digilent Zed 210248A39B00"} -index 1
rst -processor
targets -set -nocase -filter {name =~ "microblaze*#0" && bscan=="USER2"  && jtag_cable_name =~ "Digilent Zed 210248A39B00"} -index 1
dow C:/Users/berke/Desktop/OKUL/SoC/Haziran_16/Haziran_14_microBlaze/Haziran_14_microBlaze.sdk/monteCarlo_uBlaze0/Debug/monteCarlo_uBlaze0.elf
targets -set -nocase -filter {name =~ "microblaze*#1" && bscan=="USER2"  && jtag_cable_name =~ "Digilent Zed 210248A39B00"} -index 1
dow C:/Users/berke/Desktop/OKUL/SoC/Haziran_16/Haziran_14_microBlaze/Haziran_14_microBlaze.sdk/monteCarlo_uBlaze1/Debug/monteCarlo_uBlaze1.elf
configparams force-mem-access 0
----------------End of Script----------------

17:53:14 INFO  : Memory regions updated for context APU
17:53:14 INFO  : Memory regions updated for context MicroBlaze #0
17:53:14 INFO  : Memory regions updated for context MicroBlaze #1
17:53:14 INFO  : Memory regions updated for context MicroBlaze #1
17:53:15 INFO  : Context for processor 'microblaze_0' is selected.
17:53:15 INFO  : 'con' command is executed.
17:53:15 INFO  : Context for processor 'microblaze_1' is selected.
17:53:15 INFO  : 'con' command is executed.
17:53:15 INFO  : ----------------XSDB Script (After Launch)----------------
targets -set -nocase -filter {name =~ "microblaze*#0" && bscan=="USER2"  && jtag_cable_name =~ "Digilent Zed 210248A39B00"} -index 1
con
targets -set -nocase -filter {name =~ "microblaze*#1" && bscan=="USER2"  && jtag_cable_name =~ "Digilent Zed 210248A39B00"} -index 1
con
----------------End of Script----------------

17:53:15 INFO  : Launch script is exported to file 'C:\Users\berke\Desktop\OKUL\SoC\Haziran_16\Haziran_14_microBlaze\Haziran_14_microBlaze.sdk\.sdk\launch_scripts\xilinx_c-c++_application_(system_debugger)\system_debugger_using_debug_montecarlo_ublaze0.elf_on_local.tcl'
17:58:52 INFO  : Disconnected from the channel tcfchan#15.
17:58:53 INFO  : 'targets -set -filter {jtag_cable_name =~ "Digilent Zed 210248A39B00" && level==0} -index 1' command is executed.
17:58:53 INFO  : 'fpga -state' command is executed.
17:58:53 INFO  : Connected to target on host '127.0.0.1' and port '3121'.
17:58:53 INFO  : Jtag cable 'Digilent Zed 210248A39B00' is selected.
17:58:53 INFO  : 'jtag frequency' command is executed.
17:58:53 INFO  : Sourcing of 'C:/Users/berke/Desktop/OKUL/SoC/Haziran_16/Haziran_14_microBlaze/Haziran_14_microBlaze.sdk/design_1_wrapper_hw_platform_0/ps7_init.tcl' is done.
17:58:53 INFO  : Context for 'APU' is selected.
17:58:55 INFO  : Hardware design information is loaded from 'C:/Users/berke/Desktop/OKUL/SoC/Haziran_16/Haziran_14_microBlaze/Haziran_14_microBlaze.sdk/design_1_wrapper_hw_platform_0/system.hdf'.
17:58:55 INFO  : 'configparams force-mem-access 1' command is executed.
17:58:55 INFO  : Context for 'APU' is selected.
17:58:55 INFO  : 'stop' command is executed.
17:58:55 INFO  : 'ps7_init' command is executed.
17:58:55 INFO  : 'ps7_post_config' command is executed.
17:58:55 INFO  : 'configparams mdm-detect-bscan-mask 2' command is executed.
17:58:55 INFO  : Context for processor 'microblaze_0' is selected.
17:58:55 INFO  : Processor reset is completed for 'microblaze_0'.
17:58:55 INFO  : Context for processor 'microblaze_1' is selected.
17:58:55 INFO  : Processor reset is completed for 'microblaze_1'.
17:58:55 INFO  : Context for processor 'microblaze_0' is selected.
17:58:56 INFO  : The application 'C:/Users/berke/Desktop/OKUL/SoC/Haziran_16/Haziran_14_microBlaze/Haziran_14_microBlaze.sdk/monteCarlo_uBlaze0/Debug/monteCarlo_uBlaze0.elf' is downloaded to processor 'microblaze_0'.
17:58:56 INFO  : Context for processor 'microblaze_1' is selected.
17:58:56 INFO  : The application 'C:/Users/berke/Desktop/OKUL/SoC/Haziran_16/Haziran_14_microBlaze/Haziran_14_microBlaze.sdk/monteCarlo_uBlaze1/Debug/monteCarlo_uBlaze1.elf' is downloaded to processor 'microblaze_1'.
17:58:56 INFO  : 'configparams force-mem-access 0' command is executed.
17:58:56 INFO  : ----------------XSDB Script----------------
connect -url tcp:127.0.0.1:3121
source C:/Users/berke/Desktop/OKUL/SoC/Haziran_16/Haziran_14_microBlaze/Haziran_14_microBlaze.sdk/design_1_wrapper_hw_platform_0/ps7_init.tcl
targets -set -nocase -filter {name =~"APU*" && jtag_cable_name =~ "Digilent Zed 210248A39B00"} -index 0
loadhw -hw C:/Users/berke/Desktop/OKUL/SoC/Haziran_16/Haziran_14_microBlaze/Haziran_14_microBlaze.sdk/design_1_wrapper_hw_platform_0/system.hdf -mem-ranges [list {0x40000000 0xbfffffff}]
configparams force-mem-access 1
targets -set -nocase -filter {name =~"APU*" && jtag_cable_name =~ "Digilent Zed 210248A39B00"} -index 0
stop
ps7_init
ps7_post_config
configparams mdm-detect-bscan-mask 2
targets -set -nocase -filter {name =~ "microblaze*#0" && bscan=="USER2"  && jtag_cable_name =~ "Digilent Zed 210248A39B00"} -index 1
rst -processor
targets -set -nocase -filter {name =~ "microblaze*#1" && bscan=="USER2"  && jtag_cable_name =~ "Digilent Zed 210248A39B00"} -index 1
rst -processor
targets -set -nocase -filter {name =~ "microblaze*#0" && bscan=="USER2"  && jtag_cable_name =~ "Digilent Zed 210248A39B00"} -index 1
dow C:/Users/berke/Desktop/OKUL/SoC/Haziran_16/Haziran_14_microBlaze/Haziran_14_microBlaze.sdk/monteCarlo_uBlaze0/Debug/monteCarlo_uBlaze0.elf
targets -set -nocase -filter {name =~ "microblaze*#1" && bscan=="USER2"  && jtag_cable_name =~ "Digilent Zed 210248A39B00"} -index 1
dow C:/Users/berke/Desktop/OKUL/SoC/Haziran_16/Haziran_14_microBlaze/Haziran_14_microBlaze.sdk/monteCarlo_uBlaze1/Debug/monteCarlo_uBlaze1.elf
configparams force-mem-access 0
----------------End of Script----------------

17:58:56 INFO  : Memory regions updated for context APU
17:58:56 INFO  : Memory regions updated for context MicroBlaze #0
17:58:56 INFO  : Memory regions updated for context MicroBlaze #1
17:58:56 INFO  : Memory regions updated for context MicroBlaze #1
17:58:56 INFO  : Context for processor 'microblaze_0' is selected.
17:58:56 INFO  : 'con' command is executed.
17:58:56 INFO  : Context for processor 'microblaze_1' is selected.
17:58:56 INFO  : 'con' command is executed.
17:58:56 INFO  : ----------------XSDB Script (After Launch)----------------
targets -set -nocase -filter {name =~ "microblaze*#0" && bscan=="USER2"  && jtag_cable_name =~ "Digilent Zed 210248A39B00"} -index 1
con
targets -set -nocase -filter {name =~ "microblaze*#1" && bscan=="USER2"  && jtag_cable_name =~ "Digilent Zed 210248A39B00"} -index 1
con
----------------End of Script----------------

17:58:56 INFO  : Launch script is exported to file 'C:\Users\berke\Desktop\OKUL\SoC\Haziran_16\Haziran_14_microBlaze\Haziran_14_microBlaze.sdk\.sdk\launch_scripts\xilinx_c-c++_application_(system_debugger)\system_debugger_using_debug_montecarlo_ublaze0.elf_on_local.tcl'
18:08:28 INFO  : Disconnected from the channel tcfchan#16.
18:08:29 INFO  : 'targets -set -filter {jtag_cable_name =~ "Digilent Zed 210248A39B00" && level==0} -index 1' command is executed.
18:08:29 INFO  : 'fpga -state' command is executed.
18:08:29 INFO  : Connected to target on host '127.0.0.1' and port '3121'.
18:08:30 INFO  : Jtag cable 'Digilent Zed 210248A39B00' is selected.
18:08:30 INFO  : 'jtag frequency' command is executed.
18:08:30 INFO  : Sourcing of 'C:/Users/berke/Desktop/OKUL/SoC/Haziran_16/Haziran_14_microBlaze/Haziran_14_microBlaze.sdk/design_1_wrapper_hw_platform_0/ps7_init.tcl' is done.
18:08:30 INFO  : Context for 'APU' is selected.
18:08:31 INFO  : Hardware design information is loaded from 'C:/Users/berke/Desktop/OKUL/SoC/Haziran_16/Haziran_14_microBlaze/Haziran_14_microBlaze.sdk/design_1_wrapper_hw_platform_0/system.hdf'.
18:08:31 INFO  : 'configparams force-mem-access 1' command is executed.
18:08:31 INFO  : Context for 'APU' is selected.
18:08:31 INFO  : 'stop' command is executed.
18:08:32 INFO  : 'ps7_init' command is executed.
18:08:32 INFO  : 'ps7_post_config' command is executed.
18:08:32 INFO  : 'configparams mdm-detect-bscan-mask 2' command is executed.
18:08:32 INFO  : Context for processor 'microblaze_0' is selected.
18:08:32 INFO  : Processor reset is completed for 'microblaze_0'.
18:08:32 INFO  : Context for processor 'microblaze_1' is selected.
18:08:32 INFO  : Processor reset is completed for 'microblaze_1'.
18:08:32 INFO  : Context for processor 'microblaze_0' is selected.
18:08:32 INFO  : The application 'C:/Users/berke/Desktop/OKUL/SoC/Haziran_16/Haziran_14_microBlaze/Haziran_14_microBlaze.sdk/monteCarlo_uBlaze0/Debug/monteCarlo_uBlaze0.elf' is downloaded to processor 'microblaze_0'.
18:08:32 INFO  : Context for processor 'microblaze_1' is selected.
18:08:32 INFO  : The application 'C:/Users/berke/Desktop/OKUL/SoC/Haziran_16/Haziran_14_microBlaze/Haziran_14_microBlaze.sdk/monteCarlo_uBlaze1/Debug/monteCarlo_uBlaze1.elf' is downloaded to processor 'microblaze_1'.
18:08:32 INFO  : 'configparams force-mem-access 0' command is executed.
18:08:32 INFO  : ----------------XSDB Script----------------
connect -url tcp:127.0.0.1:3121
source C:/Users/berke/Desktop/OKUL/SoC/Haziran_16/Haziran_14_microBlaze/Haziran_14_microBlaze.sdk/design_1_wrapper_hw_platform_0/ps7_init.tcl
targets -set -nocase -filter {name =~"APU*" && jtag_cable_name =~ "Digilent Zed 210248A39B00"} -index 0
loadhw -hw C:/Users/berke/Desktop/OKUL/SoC/Haziran_16/Haziran_14_microBlaze/Haziran_14_microBlaze.sdk/design_1_wrapper_hw_platform_0/system.hdf -mem-ranges [list {0x40000000 0xbfffffff}]
configparams force-mem-access 1
targets -set -nocase -filter {name =~"APU*" && jtag_cable_name =~ "Digilent Zed 210248A39B00"} -index 0
stop
ps7_init
ps7_post_config
configparams mdm-detect-bscan-mask 2
targets -set -nocase -filter {name =~ "microblaze*#0" && bscan=="USER2"  && jtag_cable_name =~ "Digilent Zed 210248A39B00"} -index 1
rst -processor
targets -set -nocase -filter {name =~ "microblaze*#1" && bscan=="USER2"  && jtag_cable_name =~ "Digilent Zed 210248A39B00"} -index 1
rst -processor
targets -set -nocase -filter {name =~ "microblaze*#0" && bscan=="USER2"  && jtag_cable_name =~ "Digilent Zed 210248A39B00"} -index 1
dow C:/Users/berke/Desktop/OKUL/SoC/Haziran_16/Haziran_14_microBlaze/Haziran_14_microBlaze.sdk/monteCarlo_uBlaze0/Debug/monteCarlo_uBlaze0.elf
targets -set -nocase -filter {name =~ "microblaze*#1" && bscan=="USER2"  && jtag_cable_name =~ "Digilent Zed 210248A39B00"} -index 1
dow C:/Users/berke/Desktop/OKUL/SoC/Haziran_16/Haziran_14_microBlaze/Haziran_14_microBlaze.sdk/monteCarlo_uBlaze1/Debug/monteCarlo_uBlaze1.elf
configparams force-mem-access 0
----------------End of Script----------------

18:08:32 INFO  : Memory regions updated for context APU
18:08:32 INFO  : Memory regions updated for context MicroBlaze #0
18:08:32 INFO  : Memory regions updated for context MicroBlaze #1
18:08:32 INFO  : Memory regions updated for context MicroBlaze #1
18:08:32 INFO  : Context for processor 'microblaze_0' is selected.
18:08:32 INFO  : 'con' command is executed.
18:08:32 INFO  : Context for processor 'microblaze_1' is selected.
18:08:32 INFO  : 'con' command is executed.
18:08:32 INFO  : ----------------XSDB Script (After Launch)----------------
targets -set -nocase -filter {name =~ "microblaze*#0" && bscan=="USER2"  && jtag_cable_name =~ "Digilent Zed 210248A39B00"} -index 1
con
targets -set -nocase -filter {name =~ "microblaze*#1" && bscan=="USER2"  && jtag_cable_name =~ "Digilent Zed 210248A39B00"} -index 1
con
----------------End of Script----------------

18:08:32 INFO  : Launch script is exported to file 'C:\Users\berke\Desktop\OKUL\SoC\Haziran_16\Haziran_14_microBlaze\Haziran_14_microBlaze.sdk\.sdk\launch_scripts\xilinx_c-c++_application_(system_debugger)\system_debugger_using_debug_montecarlo_ublaze0.elf_on_local.tcl'
18:14:20 INFO  : Disconnected from the channel tcfchan#17.
22:31:13 INFO  : Registering command handlers for SDK TCF services
22:31:13 INFO  : Launching XSCT server: xsct.bat -interactive C:\Users\berke\Desktop\OKUL\SoC\Haziran_16\Haziran_14_microBlaze\Haziran_14_microBlaze.sdk\temp_xsdb_launch_script.tcl
22:31:15 INFO  : XSCT server has started successfully.
22:31:15 INFO  : Successfully done setting XSCT server connection channel  
22:31:16 INFO  : Successfully done setting SDK workspace  
22:31:16 INFO  : Processing command line option -hwspec C:/Users/berke/Desktop/OKUL/SoC/Haziran_16/Haziran_14_microBlaze/Haziran_14_microBlaze.sdk/design_1_wrapper.hdf.
22:31:16 INFO  : Checking for hwspec changes in the project design_1_wrapper_hw_platform_0.
01:11:39 INFO  : Registering command handlers for SDK TCF services
01:11:40 INFO  : Launching XSCT server: xsct.bat -interactive C:\Users\berke\Desktop\OKUL\SoC\Haziran_16\Haziran_14_microBlaze\Haziran_14_microBlaze.sdk\temp_xsdb_launch_script.tcl
01:11:43 INFO  : XSCT server has started successfully.
01:11:46 INFO  : Successfully done setting XSCT server connection channel  
01:11:46 INFO  : Successfully done setting SDK workspace  
01:11:46 INFO  : Processing command line option -hwspec C:/Users/berke/Desktop/OKUL/SoC/Haziran_16/Haziran_14_microBlaze/Haziran_14_microBlaze.sdk/design_1_wrapper.hdf.
01:11:46 INFO  : Checking for hwspec changes in the project design_1_wrapper_hw_platform_0.
