16:45:18 INFO  : Registering command handlers for SDK TCF services
16:45:19 INFO  : Launching XSCT server: xsct.bat -interactive C:\Users\berke\Desktop\OKUL\SoC\SoC_Project_Final\monday_16.05.2022\monday_16.05.2022.sdk\temp_xsdb_launch_script.tcl
16:45:21 INFO  : XSCT server has started successfully.
16:45:23 INFO  : Successfully done setting XSCT server connection channel  
16:45:23 INFO  : Successfully done setting SDK workspace  
16:45:23 INFO  : Processing command line option -hwspec C:/Users/berke/Desktop/OKUL/SoC/SoC_Project_Final/monday_16.05.2022/monday_16.05.2022.sdk/design_1_wrapper.hdf.
17:00:36 INFO  : Connected to target on host '127.0.0.1' and port '3121'.
17:00:36 INFO  : 'targets -set -filter {jtag_cable_name =~ "Digilent Zed 210248A39D05" && level==0} -index 1' command is executed.
17:00:38 INFO  : FPGA configured successfully with bitstream "C:/Users/berke/Desktop/OKUL/SoC/SoC_Project_Final/monday_16.05.2022/monday_16.05.2022.sdk/design_1_wrapper_hw_platform_0/download.bit"
17:01:46 INFO  : 'targets -set -filter {jtag_cable_name =~ "Digilent Zed 210248A39D05" && level==0} -index 1' command is executed.
17:01:46 INFO  : 'fpga -state' command is executed.
17:01:46 INFO  : Connected to target on host '127.0.0.1' and port '3121'.
17:01:46 INFO  : Jtag cable 'Digilent Zed 210248A39D05' is selected.
17:01:46 INFO  : 'jtag frequency' command is executed.
17:01:46 INFO  : Sourcing of 'C:/Users/berke/Desktop/OKUL/SoC/SoC_Project_Final/monday_16.05.2022/monday_16.05.2022.sdk/design_1_wrapper_hw_platform_0/ps7_init.tcl' is done.
17:01:46 INFO  : Context for 'APU' is selected.
17:01:46 INFO  : Hardware design information is loaded from 'C:/Users/berke/Desktop/OKUL/SoC/SoC_Project_Final/monday_16.05.2022/monday_16.05.2022.sdk/design_1_wrapper_hw_platform_0/system.hdf'.
17:01:46 INFO  : 'configparams force-mem-access 1' command is executed.
17:01:46 INFO  : Context for 'APU' is selected.
17:01:46 INFO  : 'stop' command is executed.
17:01:47 INFO  : 'ps7_init' command is executed.
17:01:47 INFO  : 'ps7_post_config' command is executed.
17:01:47 INFO  : 'configparams mdm-detect-bscan-mask 2' command is executed.
17:01:47 INFO  : Context for processor 'microblaze_0' is selected.
17:01:47 INFO  : Processor reset is completed for 'microblaze_0'.
17:01:47 INFO  : Context for processor 'microblaze_1' is selected.
17:01:47 INFO  : Processor reset is completed for 'microblaze_1'.
17:01:47 INFO  : Context for processor 'microblaze_0' is selected.
17:01:47 INFO  : The application 'C:/Users/berke/Desktop/OKUL/SoC/SoC_Project_Final/monday_16.05.2022/monday_16.05.2022.sdk/uBlaze0/Debug/uBlaze0.elf' is downloaded to processor 'microblaze_0'.
17:01:47 INFO  : Context for processor 'microblaze_1' is selected.
17:01:47 INFO  : The application 'C:/Users/berke/Desktop/OKUL/SoC/SoC_Project_Final/monday_16.05.2022/monday_16.05.2022.sdk/uBlaze1/Debug/uBlaze1.elf' is downloaded to processor 'microblaze_1'.
17:01:47 INFO  : 'configparams force-mem-access 0' command is executed.
17:01:47 INFO  : ----------------XSDB Script----------------
connect -url tcp:127.0.0.1:3121
source C:/Users/berke/Desktop/OKUL/SoC/SoC_Project_Final/monday_16.05.2022/monday_16.05.2022.sdk/design_1_wrapper_hw_platform_0/ps7_init.tcl
targets -set -nocase -filter {name =~"APU*" && jtag_cable_name =~ "Digilent Zed 210248A39D05"} -index 0
loadhw -hw C:/Users/berke/Desktop/OKUL/SoC/SoC_Project_Final/monday_16.05.2022/monday_16.05.2022.sdk/design_1_wrapper_hw_platform_0/system.hdf -mem-ranges [list {0x40000000 0xbfffffff}]
configparams force-mem-access 1
targets -set -nocase -filter {name =~"APU*" && jtag_cable_name =~ "Digilent Zed 210248A39D05"} -index 0
stop
ps7_init
ps7_post_config
configparams mdm-detect-bscan-mask 2
targets -set -nocase -filter {name =~ "microblaze*#0" && bscan=="USER2"  && jtag_cable_name =~ "Digilent Zed 210248A39D05"} -index 1
rst -processor
targets -set -nocase -filter {name =~ "microblaze*#1" && bscan=="USER2"  && jtag_cable_name =~ "Digilent Zed 210248A39D05"} -index 1
rst -processor
targets -set -nocase -filter {name =~ "microblaze*#0" && bscan=="USER2"  && jtag_cable_name =~ "Digilent Zed 210248A39D05"} -index 1
dow C:/Users/berke/Desktop/OKUL/SoC/SoC_Project_Final/monday_16.05.2022/monday_16.05.2022.sdk/uBlaze0/Debug/uBlaze0.elf
targets -set -nocase -filter {name =~ "microblaze*#1" && bscan=="USER2"  && jtag_cable_name =~ "Digilent Zed 210248A39D05"} -index 1
dow C:/Users/berke/Desktop/OKUL/SoC/SoC_Project_Final/monday_16.05.2022/monday_16.05.2022.sdk/uBlaze1/Debug/uBlaze1.elf
configparams force-mem-access 0
----------------End of Script----------------

17:01:47 INFO  : Memory regions updated for context APU
17:01:47 INFO  : Memory regions updated for context PA
17:01:47 INFO  : Memory regions updated for context PA
17:01:47 INFO  : Memory regions updated for context PA
17:01:47 INFO  : Context for processor 'microblaze_0' is selected.
17:01:47 INFO  : 'con' command is executed.
17:01:47 INFO  : Context for processor 'microblaze_1' is selected.
17:01:47 INFO  : 'con' command is executed.
17:01:47 INFO  : ----------------XSDB Script (After Launch)----------------
targets -set -nocase -filter {name =~ "microblaze*#0" && bscan=="USER2"  && jtag_cable_name =~ "Digilent Zed 210248A39D05"} -index 1
con
targets -set -nocase -filter {name =~ "microblaze*#1" && bscan=="USER2"  && jtag_cable_name =~ "Digilent Zed 210248A39D05"} -index 1
con
----------------End of Script----------------

17:01:47 INFO  : Launch script is exported to file 'C:\Users\berke\Desktop\OKUL\SoC\SoC_Project_Final\monday_16.05.2022\monday_16.05.2022.sdk\.sdk\launch_scripts\xilinx_c-c++_application_(system_debugger)\system_debugger_using_debug_ublaze0.elf_on_local.tcl'
17:05:06 INFO  : Disconnected from the channel tcfchan#1.
17:05:07 INFO  : 'targets -set -filter {jtag_cable_name =~ "Digilent Zed 210248A39D05" && level==0} -index 1' command is executed.
17:05:07 INFO  : 'fpga -state' command is executed.
17:05:07 INFO  : Connected to target on host '127.0.0.1' and port '3121'.
17:05:07 INFO  : Jtag cable 'Digilent Zed 210248A39D05' is selected.
17:05:07 INFO  : 'jtag frequency' command is executed.
17:05:07 INFO  : Sourcing of 'C:/Users/berke/Desktop/OKUL/SoC/SoC_Project_Final/monday_16.05.2022/monday_16.05.2022.sdk/design_1_wrapper_hw_platform_0/ps7_init.tcl' is done.
17:05:07 INFO  : Context for 'APU' is selected.
17:05:09 INFO  : Hardware design information is loaded from 'C:/Users/berke/Desktop/OKUL/SoC/SoC_Project_Final/monday_16.05.2022/monday_16.05.2022.sdk/design_1_wrapper_hw_platform_0/system.hdf'.
17:05:09 INFO  : 'configparams force-mem-access 1' command is executed.
17:05:09 INFO  : Context for 'APU' is selected.
17:05:09 INFO  : 'stop' command is executed.
17:05:09 INFO  : 'ps7_init' command is executed.
17:05:09 INFO  : 'ps7_post_config' command is executed.
17:05:09 INFO  : 'configparams mdm-detect-bscan-mask 2' command is executed.
17:05:09 INFO  : Context for processor 'microblaze_0' is selected.
17:05:09 INFO  : Processor reset is completed for 'microblaze_0'.
17:05:09 INFO  : Context for processor 'microblaze_1' is selected.
17:05:09 INFO  : Processor reset is completed for 'microblaze_1'.
17:05:09 INFO  : Context for processor 'microblaze_0' is selected.
17:05:09 INFO  : The application 'C:/Users/berke/Desktop/OKUL/SoC/SoC_Project_Final/monday_16.05.2022/monday_16.05.2022.sdk/uBlaze0/Debug/uBlaze0.elf' is downloaded to processor 'microblaze_0'.
17:05:09 INFO  : Context for processor 'microblaze_1' is selected.
17:05:09 INFO  : The application 'C:/Users/berke/Desktop/OKUL/SoC/SoC_Project_Final/monday_16.05.2022/monday_16.05.2022.sdk/uBlaze1/Debug/uBlaze1.elf' is downloaded to processor 'microblaze_1'.
17:05:09 INFO  : 'configparams force-mem-access 0' command is executed.
17:05:09 INFO  : ----------------XSDB Script----------------
connect -url tcp:127.0.0.1:3121
source C:/Users/berke/Desktop/OKUL/SoC/SoC_Project_Final/monday_16.05.2022/monday_16.05.2022.sdk/design_1_wrapper_hw_platform_0/ps7_init.tcl
targets -set -nocase -filter {name =~"APU*" && jtag_cable_name =~ "Digilent Zed 210248A39D05"} -index 0
loadhw -hw C:/Users/berke/Desktop/OKUL/SoC/SoC_Project_Final/monday_16.05.2022/monday_16.05.2022.sdk/design_1_wrapper_hw_platform_0/system.hdf -mem-ranges [list {0x40000000 0xbfffffff}]
configparams force-mem-access 1
targets -set -nocase -filter {name =~"APU*" && jtag_cable_name =~ "Digilent Zed 210248A39D05"} -index 0
stop
ps7_init
ps7_post_config
configparams mdm-detect-bscan-mask 2
targets -set -nocase -filter {name =~ "microblaze*#0" && bscan=="USER2"  && jtag_cable_name =~ "Digilent Zed 210248A39D05"} -index 1
rst -processor
targets -set -nocase -filter {name =~ "microblaze*#1" && bscan=="USER2"  && jtag_cable_name =~ "Digilent Zed 210248A39D05"} -index 1
rst -processor
targets -set -nocase -filter {name =~ "microblaze*#0" && bscan=="USER2"  && jtag_cable_name =~ "Digilent Zed 210248A39D05"} -index 1
dow C:/Users/berke/Desktop/OKUL/SoC/SoC_Project_Final/monday_16.05.2022/monday_16.05.2022.sdk/uBlaze0/Debug/uBlaze0.elf
targets -set -nocase -filter {name =~ "microblaze*#1" && bscan=="USER2"  && jtag_cable_name =~ "Digilent Zed 210248A39D05"} -index 1
dow C:/Users/berke/Desktop/OKUL/SoC/SoC_Project_Final/monday_16.05.2022/monday_16.05.2022.sdk/uBlaze1/Debug/uBlaze1.elf
configparams force-mem-access 0
----------------End of Script----------------

17:05:10 INFO  : Memory regions updated for context APU
17:05:10 INFO  : Memory regions updated for context PA
17:05:10 INFO  : Memory regions updated for context PA
17:05:10 INFO  : Memory regions updated for context PA
17:05:10 INFO  : Context for processor 'microblaze_0' is selected.
17:05:10 INFO  : 'con' command is executed.
17:05:10 INFO  : Context for processor 'microblaze_1' is selected.
17:05:10 INFO  : 'con' command is executed.
17:05:10 INFO  : ----------------XSDB Script (After Launch)----------------
targets -set -nocase -filter {name =~ "microblaze*#0" && bscan=="USER2"  && jtag_cable_name =~ "Digilent Zed 210248A39D05"} -index 1
con
targets -set -nocase -filter {name =~ "microblaze*#1" && bscan=="USER2"  && jtag_cable_name =~ "Digilent Zed 210248A39D05"} -index 1
con
----------------End of Script----------------

17:05:10 INFO  : Launch script is exported to file 'C:\Users\berke\Desktop\OKUL\SoC\SoC_Project_Final\monday_16.05.2022\monday_16.05.2022.sdk\.sdk\launch_scripts\xilinx_c-c++_application_(system_debugger)\system_debugger_using_debug_ublaze0.elf_on_local.tcl'
17:10:41 INFO  : Disconnected from the channel tcfchan#2.
14:22:36 INFO  : Registering command handlers for SDK TCF services
14:22:37 INFO  : Launching XSCT server: xsct.bat -interactive C:\Users\berke\Desktop\OKUL\SoC\SoC_Project_Final\monday_16.05.2022\monday_16.05.2022.sdk\temp_xsdb_launch_script.tcl
14:22:39 INFO  : XSCT server has started successfully.
14:22:41 INFO  : Successfully done setting XSCT server connection channel  
14:22:41 INFO  : Successfully done setting SDK workspace  
14:22:41 INFO  : Processing command line option -hwspec C:/Users/berke/Desktop/OKUL/SoC/SoC_Project_Final/monday_16.05.2022/monday_16.05.2022.sdk/design_1_wrapper.hdf.
14:22:41 INFO  : Checking for hwspec changes in the project design_1_wrapper_hw_platform_0.
14:23:11 INFO  : Connected to target on host '127.0.0.1' and port '3121'.
14:23:11 INFO  : 'targets -set -filter {jtag_cable_name =~ "Digilent Zed 210248A39D05" && level==0} -index 1' command is executed.
14:23:14 INFO  : FPGA configured successfully with bitstream "C:/Users/berke/Desktop/OKUL/SoC/SoC_Project_Final/monday_16.05.2022/monday_16.05.2022.sdk/design_1_wrapper_hw_platform_0/download.bit"
14:23:47 INFO  : 'targets -set -filter {jtag_cable_name =~ "Digilent Zed 210248A39D05" && level==0} -index 1' command is executed.
14:23:47 INFO  : 'fpga -state' command is executed.
14:23:47 INFO  : Connected to target on host '127.0.0.1' and port '3121'.
14:23:48 INFO  : Jtag cable 'Digilent Zed 210248A39D05' is selected.
14:23:48 INFO  : 'jtag frequency' command is executed.
14:23:48 INFO  : Sourcing of 'C:/Users/berke/Desktop/OKUL/SoC/SoC_Project_Final/monday_16.05.2022/monday_16.05.2022.sdk/design_1_wrapper_hw_platform_0/ps7_init.tcl' is done.
14:23:48 INFO  : Context for 'APU' is selected.
14:23:48 INFO  : Hardware design information is loaded from 'C:/Users/berke/Desktop/OKUL/SoC/SoC_Project_Final/monday_16.05.2022/monday_16.05.2022.sdk/design_1_wrapper_hw_platform_0/system.hdf'.
14:23:48 INFO  : 'configparams force-mem-access 1' command is executed.
14:23:48 INFO  : Context for 'APU' is selected.
14:23:48 INFO  : 'stop' command is executed.
14:23:48 INFO  : 'ps7_init' command is executed.
14:23:48 INFO  : 'ps7_post_config' command is executed.
14:23:48 INFO  : 'configparams mdm-detect-bscan-mask 2' command is executed.
14:23:48 INFO  : Context for processor 'microblaze_0' is selected.
14:23:48 INFO  : Processor reset is completed for 'microblaze_0'.
14:23:48 INFO  : Context for processor 'microblaze_1' is selected.
14:23:48 INFO  : Processor reset is completed for 'microblaze_1'.
14:23:48 INFO  : Context for processor 'microblaze_0' is selected.
14:23:49 INFO  : The application 'C:/Users/berke/Desktop/OKUL/SoC/SoC_Project_Final/monday_16.05.2022/monday_16.05.2022.sdk/uBlaze0/Debug/uBlaze0.elf' is downloaded to processor 'microblaze_0'.
14:23:49 INFO  : Context for processor 'microblaze_1' is selected.
14:23:49 INFO  : The application 'C:/Users/berke/Desktop/OKUL/SoC/SoC_Project_Final/monday_16.05.2022/monday_16.05.2022.sdk/uBlaze1/Debug/uBlaze1.elf' is downloaded to processor 'microblaze_1'.
14:23:49 INFO  : 'configparams force-mem-access 0' command is executed.
14:23:49 INFO  : ----------------XSDB Script----------------
connect -url tcp:127.0.0.1:3121
source C:/Users/berke/Desktop/OKUL/SoC/SoC_Project_Final/monday_16.05.2022/monday_16.05.2022.sdk/design_1_wrapper_hw_platform_0/ps7_init.tcl
targets -set -nocase -filter {name =~"APU*" && jtag_cable_name =~ "Digilent Zed 210248A39D05"} -index 0
loadhw -hw C:/Users/berke/Desktop/OKUL/SoC/SoC_Project_Final/monday_16.05.2022/monday_16.05.2022.sdk/design_1_wrapper_hw_platform_0/system.hdf -mem-ranges [list {0x40000000 0xbfffffff}]
configparams force-mem-access 1
targets -set -nocase -filter {name =~"APU*" && jtag_cable_name =~ "Digilent Zed 210248A39D05"} -index 0
stop
ps7_init
ps7_post_config
configparams mdm-detect-bscan-mask 2
targets -set -nocase -filter {name =~ "microblaze*#0" && bscan=="USER2"  && jtag_cable_name =~ "Digilent Zed 210248A39D05"} -index 1
rst -processor
targets -set -nocase -filter {name =~ "microblaze*#1" && bscan=="USER2"  && jtag_cable_name =~ "Digilent Zed 210248A39D05"} -index 1
rst -processor
targets -set -nocase -filter {name =~ "microblaze*#0" && bscan=="USER2"  && jtag_cable_name =~ "Digilent Zed 210248A39D05"} -index 1
dow C:/Users/berke/Desktop/OKUL/SoC/SoC_Project_Final/monday_16.05.2022/monday_16.05.2022.sdk/uBlaze0/Debug/uBlaze0.elf
targets -set -nocase -filter {name =~ "microblaze*#1" && bscan=="USER2"  && jtag_cable_name =~ "Digilent Zed 210248A39D05"} -index 1
dow C:/Users/berke/Desktop/OKUL/SoC/SoC_Project_Final/monday_16.05.2022/monday_16.05.2022.sdk/uBlaze1/Debug/uBlaze1.elf
configparams force-mem-access 0
----------------End of Script----------------

14:23:49 INFO  : Memory regions updated for context APU
14:23:49 INFO  : Memory regions updated for context PA
14:23:49 INFO  : Memory regions updated for context PA
14:23:49 INFO  : Memory regions updated for context PA
14:23:49 INFO  : Context for processor 'microblaze_0' is selected.
14:23:49 INFO  : 'con' command is executed.
14:23:49 INFO  : Context for processor 'microblaze_1' is selected.
14:23:49 INFO  : 'con' command is executed.
14:23:49 INFO  : ----------------XSDB Script (After Launch)----------------
targets -set -nocase -filter {name =~ "microblaze*#0" && bscan=="USER2"  && jtag_cable_name =~ "Digilent Zed 210248A39D05"} -index 1
con
targets -set -nocase -filter {name =~ "microblaze*#1" && bscan=="USER2"  && jtag_cable_name =~ "Digilent Zed 210248A39D05"} -index 1
con
----------------End of Script----------------

14:23:49 INFO  : Launch script is exported to file 'C:\Users\berke\Desktop\OKUL\SoC\SoC_Project_Final\monday_16.05.2022\monday_16.05.2022.sdk\.sdk\launch_scripts\xilinx_c-c++_application_(system_debugger)\system_debugger_using_debug_ublaze0.elf_on_local.tcl'
