17:32:56 INFO  : Registering command handlers for SDK TCF services
17:32:57 INFO  : Launching XSCT server: xsct.bat -interactive C:\Users\zeyne\hw\multi_proc_zynq_mb_v1\multi_proc_zynq_mb_v1.sdk\temp_xsdb_launch_script.tcl
17:32:59 INFO  : XSCT server has started successfully.
17:32:59 INFO  : Successfully done setting XSCT server connection channel  
17:32:59 INFO  : Successfully done setting SDK workspace  
17:32:59 INFO  : Processing command line option -hwspec C:/Users/zeyne/hw/multi_proc_zynq_mb_v1/multi_proc_zynq_mb_v1.sdk/design_1_wrapper.hdf.
17:39:56 INFO  : Connected to target on host '127.0.0.1' and port '3121'.
17:39:56 INFO  : Jtag cable 'Digilent Zed 210248A39D0B' is selected.
17:39:56 INFO  : 'jtag frequency' command is executed.
17:39:56 INFO  : Sourcing of 'C:/Users/zeyne/hw/multi_proc_zynq_mb_v1/multi_proc_zynq_mb_v1.sdk/design_1_wrapper_hw_platform_0/ps7_init.tcl' is done.
17:39:56 INFO  : Context for 'APU' is selected.
17:39:57 INFO  : System reset is completed.
17:40:00 INFO  : 'after 3000' command is executed.
17:40:00 INFO  : 'targets -set -filter {jtag_cable_name =~ "Digilent Zed 210248A39D0B" && level==0} -index 1' command is executed.
17:40:02 INFO  : FPGA configured successfully with bitstream "C:/Users/zeyne/hw/multi_proc_zynq_mb_v1/multi_proc_zynq_mb_v1.sdk/design_1_wrapper_hw_platform_0/design_1_wrapper.bit"
17:40:02 INFO  : Context for 'APU' is selected.
17:40:02 INFO  : Hardware design information is loaded from 'C:/Users/zeyne/hw/multi_proc_zynq_mb_v1/multi_proc_zynq_mb_v1.sdk/design_1_wrapper_hw_platform_0/system.hdf'.
17:40:02 INFO  : 'configparams force-mem-access 1' command is executed.
17:40:02 INFO  : Context for 'APU' is selected.
17:40:03 INFO  : 'ps7_init' command is executed.
17:40:03 INFO  : 'ps7_post_config' command is executed.
17:40:03 INFO  : 'configparams mdm-detect-bscan-mask 2' command is executed.
17:40:03 INFO  : Context for processor 'microblaze_0' is selected.
17:40:03 INFO  : The application 'C:/Users/zeyne/hw/multi_proc_zynq_mb_v1/multi_proc_zynq_mb_v1.sdk/MB_app/Debug/MB_app.elf' is downloaded to processor 'microblaze_0'.
17:40:03 INFO  : Context for processor 'ps7_cortexa9_0' is selected.
17:40:03 INFO  : The application 'C:/Users/zeyne/hw/multi_proc_zynq_mb_v1/multi_proc_zynq_mb_v1.sdk/Zynq_App/Debug/Zynq_App.elf' is downloaded to processor 'ps7_cortexa9_0'.
17:40:03 INFO  : 'configparams force-mem-access 0' command is executed.
17:40:03 INFO  : ----------------XSDB Script----------------
connect -url tcp:127.0.0.1:3121
source C:/Users/zeyne/hw/multi_proc_zynq_mb_v1/multi_proc_zynq_mb_v1.sdk/design_1_wrapper_hw_platform_0/ps7_init.tcl
targets -set -nocase -filter {name =~"APU*" && jtag_cable_name =~ "Digilent Zed 210248A39D0B"} -index 0
rst -system
after 3000
targets -set -filter {jtag_cable_name =~ "Digilent Zed 210248A39D0B" && level==0} -index 1
fpga -file C:/Users/zeyne/hw/multi_proc_zynq_mb_v1/multi_proc_zynq_mb_v1.sdk/design_1_wrapper_hw_platform_0/design_1_wrapper.bit
targets -set -nocase -filter {name =~"APU*" && jtag_cable_name =~ "Digilent Zed 210248A39D0B"} -index 0
loadhw -hw C:/Users/zeyne/hw/multi_proc_zynq_mb_v1/multi_proc_zynq_mb_v1.sdk/design_1_wrapper_hw_platform_0/system.hdf -mem-ranges [list {0x40000000 0xbfffffff}]
configparams force-mem-access 1
targets -set -nocase -filter {name =~"APU*" && jtag_cable_name =~ "Digilent Zed 210248A39D0B"} -index 0
ps7_init
ps7_post_config
configparams mdm-detect-bscan-mask 2
targets -set -nocase -filter {name =~ "microblaze*#0" && bscan=="USER2"  && jtag_cable_name =~ "Digilent Zed 210248A39D0B"} -index 1
dow C:/Users/zeyne/hw/multi_proc_zynq_mb_v1/multi_proc_zynq_mb_v1.sdk/MB_app/Debug/MB_app.elf
targets -set -nocase -filter {name =~ "ARM*#0" && jtag_cable_name =~ "Digilent Zed 210248A39D0B"} -index 0
dow C:/Users/zeyne/hw/multi_proc_zynq_mb_v1/multi_proc_zynq_mb_v1.sdk/Zynq_App/Debug/Zynq_App.elf
configparams force-mem-access 0
----------------End of Script----------------

17:40:03 INFO  : Memory regions updated for context APU
17:40:03 INFO  : Memory regions updated for context MicroBlaze #0
17:40:03 INFO  : Memory regions updated for context MicroBlaze Debug Module at USER2
17:40:03 INFO  : Context for processor 'microblaze_0' is selected.
17:40:03 INFO  : 'con' command is executed.
17:40:03 INFO  : Context for processor 'ps7_cortexa9_0' is selected.
17:40:03 INFO  : 'con' command is executed.
17:40:03 INFO  : ----------------XSDB Script (After Launch)----------------
targets -set -nocase -filter {name =~ "microblaze*#0" && bscan=="USER2"  && jtag_cable_name =~ "Digilent Zed 210248A39D0B"} -index 1
con
targets -set -nocase -filter {name =~ "ARM*#0" && jtag_cable_name =~ "Digilent Zed 210248A39D0B"} -index 0
con
----------------End of Script----------------

17:40:03 INFO  : Launch script is exported to file 'C:\Users\zeyne\hw\multi_proc_zynq_mb_v1\multi_proc_zynq_mb_v1.sdk\.sdk\launch_scripts\xilinx_c-c++_application_(system_debugger)\system_debugger_using_debug_zynq_app.elf_on_local.tcl'
17:41:46 INFO  : Disconnected from the channel tcfchan#1.
17:42:17 INFO  : Connected to target on host '127.0.0.1' and port '3121'.
17:42:18 INFO  : Jtag cable 'Digilent Zed 210248A39D0B' is selected.
17:42:18 INFO  : 'jtag frequency' command is executed.
17:42:18 INFO  : Sourcing of 'C:/Users/zeyne/hw/multi_proc_zynq_mb_v1/multi_proc_zynq_mb_v1.sdk/design_1_wrapper_hw_platform_0/ps7_init.tcl' is done.
17:42:18 INFO  : Context for 'APU' is selected.
17:42:18 INFO  : System reset is completed.
17:42:21 INFO  : 'after 3000' command is executed.
17:42:21 INFO  : 'targets -set -filter {jtag_cable_name =~ "Digilent Zed 210248A39D0B" && level==0} -index 1' command is executed.
17:42:24 INFO  : FPGA configured successfully with bitstream "C:/Users/zeyne/hw/multi_proc_zynq_mb_v1/multi_proc_zynq_mb_v1.sdk/design_1_wrapper_hw_platform_0/design_1_wrapper.bit"
17:42:24 INFO  : Context for 'APU' is selected.
17:42:24 INFO  : Hardware design information is loaded from 'C:/Users/zeyne/hw/multi_proc_zynq_mb_v1/multi_proc_zynq_mb_v1.sdk/design_1_wrapper_hw_platform_0/system.hdf'.
17:42:24 INFO  : 'configparams force-mem-access 1' command is executed.
17:42:24 INFO  : Context for 'APU' is selected.
17:42:24 INFO  : 'ps7_init' command is executed.
17:42:24 INFO  : 'ps7_post_config' command is executed.
17:42:24 INFO  : 'configparams mdm-detect-bscan-mask 2' command is executed.
17:42:24 INFO  : Context for processor 'microblaze_0' is selected.
17:42:24 INFO  : The application 'C:/Users/zeyne/hw/multi_proc_zynq_mb_v1/multi_proc_zynq_mb_v1.sdk/MB_app/Debug/MB_app.elf' is downloaded to processor 'microblaze_0'.
17:42:24 INFO  : Context for processor 'ps7_cortexa9_0' is selected.
17:42:24 INFO  : The application 'C:/Users/zeyne/hw/multi_proc_zynq_mb_v1/multi_proc_zynq_mb_v1.sdk/Zynq_App/Debug/Zynq_App.elf' is downloaded to processor 'ps7_cortexa9_0'.
17:42:24 INFO  : 'configparams force-mem-access 0' command is executed.
17:42:24 INFO  : ----------------XSDB Script----------------
connect -url tcp:127.0.0.1:3121
source C:/Users/zeyne/hw/multi_proc_zynq_mb_v1/multi_proc_zynq_mb_v1.sdk/design_1_wrapper_hw_platform_0/ps7_init.tcl
targets -set -nocase -filter {name =~"APU*" && jtag_cable_name =~ "Digilent Zed 210248A39D0B"} -index 0
rst -system
after 3000
targets -set -filter {jtag_cable_name =~ "Digilent Zed 210248A39D0B" && level==0} -index 1
fpga -file C:/Users/zeyne/hw/multi_proc_zynq_mb_v1/multi_proc_zynq_mb_v1.sdk/design_1_wrapper_hw_platform_0/design_1_wrapper.bit
targets -set -nocase -filter {name =~"APU*" && jtag_cable_name =~ "Digilent Zed 210248A39D0B"} -index 0
loadhw -hw C:/Users/zeyne/hw/multi_proc_zynq_mb_v1/multi_proc_zynq_mb_v1.sdk/design_1_wrapper_hw_platform_0/system.hdf -mem-ranges [list {0x40000000 0xbfffffff}]
configparams force-mem-access 1
targets -set -nocase -filter {name =~"APU*" && jtag_cable_name =~ "Digilent Zed 210248A39D0B"} -index 0
ps7_init
ps7_post_config
configparams mdm-detect-bscan-mask 2
targets -set -nocase -filter {name =~ "microblaze*#0" && bscan=="USER2"  && jtag_cable_name =~ "Digilent Zed 210248A39D0B"} -index 1
dow C:/Users/zeyne/hw/multi_proc_zynq_mb_v1/multi_proc_zynq_mb_v1.sdk/MB_app/Debug/MB_app.elf
targets -set -nocase -filter {name =~ "ARM*#0" && jtag_cable_name =~ "Digilent Zed 210248A39D0B"} -index 0
dow C:/Users/zeyne/hw/multi_proc_zynq_mb_v1/multi_proc_zynq_mb_v1.sdk/Zynq_App/Debug/Zynq_App.elf
configparams force-mem-access 0
----------------End of Script----------------

17:42:25 INFO  : Memory regions updated for context APU
17:42:25 INFO  : Memory regions updated for context MicroBlaze #0
17:42:25 INFO  : Memory regions updated for context MicroBlaze Debug Module at USER2
17:42:25 INFO  : Context for processor 'microblaze_0' is selected.
17:42:25 INFO  : 'con' command is executed.
17:42:25 INFO  : Context for processor 'ps7_cortexa9_0' is selected.
17:42:25 INFO  : 'con' command is executed.
17:42:25 INFO  : ----------------XSDB Script (After Launch)----------------
targets -set -nocase -filter {name =~ "microblaze*#0" && bscan=="USER2"  && jtag_cable_name =~ "Digilent Zed 210248A39D0B"} -index 1
con
targets -set -nocase -filter {name =~ "ARM*#0" && jtag_cable_name =~ "Digilent Zed 210248A39D0B"} -index 0
con
----------------End of Script----------------

17:42:25 INFO  : Launch script is exported to file 'C:\Users\zeyne\hw\multi_proc_zynq_mb_v1\multi_proc_zynq_mb_v1.sdk\.sdk\launch_scripts\xilinx_c-c++_application_(system_debugger)\system_debugger_using_debug_zynq_app.elf_on_local.tcl'
17:43:18 INFO  : Disconnected from the channel tcfchan#2.
17:43:19 INFO  : Connected to target on host '127.0.0.1' and port '3121'.
17:43:19 INFO  : Jtag cable 'Digilent Zed 210248A39D0B' is selected.
17:43:19 INFO  : 'jtag frequency' command is executed.
17:43:19 INFO  : Sourcing of 'C:/Users/zeyne/hw/multi_proc_zynq_mb_v1/multi_proc_zynq_mb_v1.sdk/design_1_wrapper_hw_platform_0/ps7_init.tcl' is done.
17:43:19 INFO  : Context for 'APU' is selected.
17:43:19 INFO  : System reset is completed.
17:43:22 INFO  : 'after 3000' command is executed.
17:43:22 INFO  : 'targets -set -filter {jtag_cable_name =~ "Digilent Zed 210248A39D0B" && level==0} -index 1' command is executed.
17:43:25 INFO  : FPGA configured successfully with bitstream "C:/Users/zeyne/hw/multi_proc_zynq_mb_v1/multi_proc_zynq_mb_v1.sdk/design_1_wrapper_hw_platform_0/design_1_wrapper.bit"
17:43:25 INFO  : Context for 'APU' is selected.
17:43:27 INFO  : Hardware design information is loaded from 'C:/Users/zeyne/hw/multi_proc_zynq_mb_v1/multi_proc_zynq_mb_v1.sdk/design_1_wrapper_hw_platform_0/system.hdf'.
17:43:27 INFO  : 'configparams force-mem-access 1' command is executed.
17:43:27 INFO  : Context for 'APU' is selected.
17:43:28 INFO  : 'ps7_init' command is executed.
17:43:28 INFO  : 'ps7_post_config' command is executed.
17:43:28 INFO  : 'configparams mdm-detect-bscan-mask 2' command is executed.
17:43:28 INFO  : Context for processor 'microblaze_0' is selected.
17:43:28 INFO  : The application 'C:/Users/zeyne/hw/multi_proc_zynq_mb_v1/multi_proc_zynq_mb_v1.sdk/MB_app/Debug/MB_app.elf' is downloaded to processor 'microblaze_0'.
17:43:28 INFO  : Context for processor 'ps7_cortexa9_0' is selected.
17:43:28 INFO  : The application 'C:/Users/zeyne/hw/multi_proc_zynq_mb_v1/multi_proc_zynq_mb_v1.sdk/Zynq_App/Debug/Zynq_App.elf' is downloaded to processor 'ps7_cortexa9_0'.
17:43:28 INFO  : 'configparams force-mem-access 0' command is executed.
17:43:28 INFO  : ----------------XSDB Script----------------
connect -url tcp:127.0.0.1:3121
source C:/Users/zeyne/hw/multi_proc_zynq_mb_v1/multi_proc_zynq_mb_v1.sdk/design_1_wrapper_hw_platform_0/ps7_init.tcl
targets -set -nocase -filter {name =~"APU*" && jtag_cable_name =~ "Digilent Zed 210248A39D0B"} -index 0
rst -system
after 3000
targets -set -filter {jtag_cable_name =~ "Digilent Zed 210248A39D0B" && level==0} -index 1
fpga -file C:/Users/zeyne/hw/multi_proc_zynq_mb_v1/multi_proc_zynq_mb_v1.sdk/design_1_wrapper_hw_platform_0/design_1_wrapper.bit
targets -set -nocase -filter {name =~"APU*" && jtag_cable_name =~ "Digilent Zed 210248A39D0B"} -index 0
loadhw -hw C:/Users/zeyne/hw/multi_proc_zynq_mb_v1/multi_proc_zynq_mb_v1.sdk/design_1_wrapper_hw_platform_0/system.hdf -mem-ranges [list {0x40000000 0xbfffffff}]
configparams force-mem-access 1
targets -set -nocase -filter {name =~"APU*" && jtag_cable_name =~ "Digilent Zed 210248A39D0B"} -index 0
ps7_init
ps7_post_config
configparams mdm-detect-bscan-mask 2
targets -set -nocase -filter {name =~ "microblaze*#0" && bscan=="USER2"  && jtag_cable_name =~ "Digilent Zed 210248A39D0B"} -index 1
dow C:/Users/zeyne/hw/multi_proc_zynq_mb_v1/multi_proc_zynq_mb_v1.sdk/MB_app/Debug/MB_app.elf
targets -set -nocase -filter {name =~ "ARM*#0" && jtag_cable_name =~ "Digilent Zed 210248A39D0B"} -index 0
dow C:/Users/zeyne/hw/multi_proc_zynq_mb_v1/multi_proc_zynq_mb_v1.sdk/Zynq_App/Debug/Zynq_App.elf
configparams force-mem-access 0
----------------End of Script----------------

17:43:28 INFO  : Memory regions updated for context APU
17:43:28 INFO  : Memory regions updated for context MicroBlaze #0
17:43:28 INFO  : Memory regions updated for context MicroBlaze Debug Module at USER2
17:43:28 INFO  : Context for processor 'microblaze_0' is selected.
17:43:28 INFO  : 'con' command is executed.
17:43:28 INFO  : Context for processor 'ps7_cortexa9_0' is selected.
17:43:28 INFO  : 'con' command is executed.
17:43:28 INFO  : ----------------XSDB Script (After Launch)----------------
targets -set -nocase -filter {name =~ "microblaze*#0" && bscan=="USER2"  && jtag_cable_name =~ "Digilent Zed 210248A39D0B"} -index 1
con
targets -set -nocase -filter {name =~ "ARM*#0" && jtag_cable_name =~ "Digilent Zed 210248A39D0B"} -index 0
con
----------------End of Script----------------

17:43:28 INFO  : Launch script is exported to file 'C:\Users\zeyne\hw\multi_proc_zynq_mb_v1\multi_proc_zynq_mb_v1.sdk\.sdk\launch_scripts\xilinx_c-c++_application_(system_debugger)\system_debugger_using_debug_zynq_app.elf_on_local.tcl'
17:44:44 INFO  : Disconnected from the channel tcfchan#3.
17:44:45 INFO  : 'targets -set -filter {jtag_cable_name =~ "Digilent Zed 210248A39D0B" && level==0} -index 1' command is executed.
17:44:45 INFO  : 'fpga -state' command is executed.
17:44:45 INFO  : Connected to target on host '127.0.0.1' and port '3121'.
17:44:45 INFO  : Jtag cable 'Digilent Zed 210248A39D0B' is selected.
17:44:45 INFO  : 'jtag frequency' command is executed.
17:44:45 INFO  : Context for 'APU' is selected.
17:44:48 INFO  : Hardware design information is loaded from 'C:/Users/zeyne/hw/multi_proc_zynq_mb_v1/multi_proc_zynq_mb_v1.sdk/design_1_wrapper_hw_platform_0/system.hdf'.
17:44:48 INFO  : 'configparams force-mem-access 1' command is executed.
17:44:48 INFO  : 'configparams mdm-detect-bscan-mask 2' command is executed.
17:44:48 INFO  : Context for processor 'microblaze_0' is selected.
17:44:48 INFO  : Processor reset is completed for 'microblaze_0'.
17:44:48 INFO  : Context for processor 'microblaze_0' is selected.
17:44:48 INFO  : The application 'C:/Users/zeyne/hw/multi_proc_zynq_mb_v1/multi_proc_zynq_mb_v1.sdk/MB_app/Debug/MB_app.elf' is downloaded to processor 'microblaze_0'.
17:44:48 INFO  : 'configparams force-mem-access 0' command is executed.
17:44:48 INFO  : ----------------XSDB Script----------------
connect -url tcp:127.0.0.1:3121
targets -set -nocase -filter {name =~"APU*" && jtag_cable_name =~ "Digilent Zed 210248A39D0B"} -index 0
loadhw -hw C:/Users/zeyne/hw/multi_proc_zynq_mb_v1/multi_proc_zynq_mb_v1.sdk/design_1_wrapper_hw_platform_0/system.hdf -mem-ranges [list {0x40000000 0xbfffffff}]
configparams force-mem-access 1
configparams mdm-detect-bscan-mask 2
targets -set -nocase -filter {name =~ "microblaze*#0" && bscan=="USER2"  && jtag_cable_name =~ "Digilent Zed 210248A39D0B"} -index 1
rst -processor
targets -set -nocase -filter {name =~ "microblaze*#0" && bscan=="USER2"  && jtag_cable_name =~ "Digilent Zed 210248A39D0B"} -index 1
dow C:/Users/zeyne/hw/multi_proc_zynq_mb_v1/multi_proc_zynq_mb_v1.sdk/MB_app/Debug/MB_app.elf
configparams force-mem-access 0
----------------End of Script----------------

17:44:48 INFO  : Memory regions updated for context APU
17:44:48 INFO  : Memory regions updated for context MicroBlaze #0
17:44:48 INFO  : Memory regions updated for context MicroBlaze Debug Module at USER2
17:44:48 INFO  : Context for processor 'microblaze_0' is selected.
17:44:48 INFO  : 'con' command is executed.
17:44:48 INFO  : ----------------XSDB Script (After Launch)----------------
targets -set -nocase -filter {name =~ "microblaze*#0" && bscan=="USER2"  && jtag_cable_name =~ "Digilent Zed 210248A39D0B"} -index 1
con
----------------End of Script----------------

17:44:48 INFO  : Launch script is exported to file 'C:\Users\zeyne\hw\multi_proc_zynq_mb_v1\multi_proc_zynq_mb_v1.sdk\.sdk\launch_scripts\xilinx_c-c++_application_(system_debugger)\system_debugger_using_debug_mb_app.elf_on_local.tcl'
17:45:04 INFO  : Disconnected from the channel tcfchan#4.
17:45:05 INFO  : Connected to target on host '127.0.0.1' and port '3121'.
17:45:06 INFO  : Jtag cable 'Digilent Zed 210248A39D0B' is selected.
17:45:06 INFO  : 'jtag frequency' command is executed.
17:45:06 INFO  : Sourcing of 'C:/Users/zeyne/hw/multi_proc_zynq_mb_v1/multi_proc_zynq_mb_v1.sdk/design_1_wrapper_hw_platform_0/ps7_init.tcl' is done.
17:45:06 INFO  : Context for 'APU' is selected.
17:45:06 INFO  : System reset is completed.
17:45:09 INFO  : 'after 3000' command is executed.
17:45:09 INFO  : 'targets -set -filter {jtag_cable_name =~ "Digilent Zed 210248A39D0B" && level==0} -index 1' command is executed.
17:45:11 INFO  : FPGA configured successfully with bitstream "C:/Users/zeyne/hw/multi_proc_zynq_mb_v1/multi_proc_zynq_mb_v1.sdk/design_1_wrapper_hw_platform_0/design_1_wrapper.bit"
17:45:11 INFO  : Context for 'APU' is selected.
17:45:14 INFO  : Hardware design information is loaded from 'C:/Users/zeyne/hw/multi_proc_zynq_mb_v1/multi_proc_zynq_mb_v1.sdk/design_1_wrapper_hw_platform_0/system.hdf'.
17:45:14 INFO  : 'configparams force-mem-access 1' command is executed.
17:45:14 INFO  : Context for 'APU' is selected.
17:45:14 INFO  : 'ps7_init' command is executed.
17:45:14 INFO  : 'ps7_post_config' command is executed.
17:45:14 INFO  : 'configparams mdm-detect-bscan-mask 2' command is executed.
17:45:14 INFO  : Context for processor 'microblaze_0' is selected.
17:45:14 INFO  : The application 'C:/Users/zeyne/hw/multi_proc_zynq_mb_v1/multi_proc_zynq_mb_v1.sdk/MB_app/Debug/MB_app.elf' is downloaded to processor 'microblaze_0'.
17:45:14 INFO  : Context for processor 'ps7_cortexa9_0' is selected.
17:45:14 INFO  : The application 'C:/Users/zeyne/hw/multi_proc_zynq_mb_v1/multi_proc_zynq_mb_v1.sdk/Zynq_App/Debug/Zynq_App.elf' is downloaded to processor 'ps7_cortexa9_0'.
17:45:14 INFO  : 'configparams force-mem-access 0' command is executed.
17:45:14 INFO  : ----------------XSDB Script----------------
connect -url tcp:127.0.0.1:3121
source C:/Users/zeyne/hw/multi_proc_zynq_mb_v1/multi_proc_zynq_mb_v1.sdk/design_1_wrapper_hw_platform_0/ps7_init.tcl
targets -set -nocase -filter {name =~"APU*" && jtag_cable_name =~ "Digilent Zed 210248A39D0B"} -index 0
rst -system
after 3000
targets -set -filter {jtag_cable_name =~ "Digilent Zed 210248A39D0B" && level==0} -index 1
fpga -file C:/Users/zeyne/hw/multi_proc_zynq_mb_v1/multi_proc_zynq_mb_v1.sdk/design_1_wrapper_hw_platform_0/design_1_wrapper.bit
targets -set -nocase -filter {name =~"APU*" && jtag_cable_name =~ "Digilent Zed 210248A39D0B"} -index 0
loadhw -hw C:/Users/zeyne/hw/multi_proc_zynq_mb_v1/multi_proc_zynq_mb_v1.sdk/design_1_wrapper_hw_platform_0/system.hdf -mem-ranges [list {0x40000000 0xbfffffff}]
configparams force-mem-access 1
targets -set -nocase -filter {name =~"APU*" && jtag_cable_name =~ "Digilent Zed 210248A39D0B"} -index 0
ps7_init
ps7_post_config
configparams mdm-detect-bscan-mask 2
targets -set -nocase -filter {name =~ "microblaze*#0" && bscan=="USER2"  && jtag_cable_name =~ "Digilent Zed 210248A39D0B"} -index 1
dow C:/Users/zeyne/hw/multi_proc_zynq_mb_v1/multi_proc_zynq_mb_v1.sdk/MB_app/Debug/MB_app.elf
targets -set -nocase -filter {name =~ "ARM*#0" && jtag_cable_name =~ "Digilent Zed 210248A39D0B"} -index 0
dow C:/Users/zeyne/hw/multi_proc_zynq_mb_v1/multi_proc_zynq_mb_v1.sdk/Zynq_App/Debug/Zynq_App.elf
configparams force-mem-access 0
----------------End of Script----------------

17:45:14 INFO  : Memory regions updated for context APU
17:45:14 INFO  : Memory regions updated for context MicroBlaze #0
17:45:14 INFO  : Memory regions updated for context MicroBlaze Debug Module at USER2
17:45:15 INFO  : Context for processor 'microblaze_0' is selected.
17:45:15 INFO  : 'con' command is executed.
17:45:15 INFO  : Context for processor 'ps7_cortexa9_0' is selected.
17:45:15 INFO  : 'con' command is executed.
17:45:15 INFO  : ----------------XSDB Script (After Launch)----------------
targets -set -nocase -filter {name =~ "microblaze*#0" && bscan=="USER2"  && jtag_cable_name =~ "Digilent Zed 210248A39D0B"} -index 1
con
targets -set -nocase -filter {name =~ "ARM*#0" && jtag_cable_name =~ "Digilent Zed 210248A39D0B"} -index 0
con
----------------End of Script----------------

17:45:15 INFO  : Launch script is exported to file 'C:\Users\zeyne\hw\multi_proc_zynq_mb_v1\multi_proc_zynq_mb_v1.sdk\.sdk\launch_scripts\xilinx_c-c++_application_(system_debugger)\system_debugger_using_debug_zynq_app.elf_on_local.tcl'
17:46:17 INFO  : Connected to target on host '127.0.0.1' and port '3121'.
17:46:17 INFO  : 'targets -set -filter {jtag_cable_name =~ "Digilent Zed 210248A39D0B" && level==0} -index 1' command is executed.
17:46:20 INFO  : FPGA configured successfully with bitstream "C:/Users/zeyne/hw/multi_proc_zynq_mb_v1/multi_proc_zynq_mb_v1.sdk/design_1_wrapper_hw_platform_0/download.bit"
17:46:47 INFO  : Disconnected from the channel tcfchan#5.
17:46:48 INFO  : 'targets -set -filter {jtag_cable_name =~ "Digilent Zed 210248A39D0B" && level==0} -index 1' command is executed.
17:46:48 INFO  : 'fpga -state' command is executed.
17:46:48 INFO  : Connected to target on host '127.0.0.1' and port '3121'.
17:46:48 INFO  : Jtag cable 'Digilent Zed 210248A39D0B' is selected.
17:46:48 INFO  : 'jtag frequency' command is executed.
17:46:48 INFO  : Context for 'APU' is selected.
17:46:50 INFO  : Hardware design information is loaded from 'C:/Users/zeyne/hw/multi_proc_zynq_mb_v1/multi_proc_zynq_mb_v1.sdk/design_1_wrapper_hw_platform_0/system.hdf'.
17:46:50 INFO  : 'configparams force-mem-access 1' command is executed.
17:46:50 INFO  : 'configparams mdm-detect-bscan-mask 2' command is executed.
17:46:50 INFO  : Context for processor 'microblaze_0' is selected.
17:46:50 INFO  : Processor reset is completed for 'microblaze_0'.
17:46:50 INFO  : Context for processor 'microblaze_0' is selected.
17:46:50 INFO  : The application 'C:/Users/zeyne/hw/multi_proc_zynq_mb_v1/multi_proc_zynq_mb_v1.sdk/MB_app/Debug/MB_app.elf' is downloaded to processor 'microblaze_0'.
17:46:50 INFO  : 'configparams force-mem-access 0' command is executed.
17:46:50 INFO  : ----------------XSDB Script----------------
connect -url tcp:127.0.0.1:3121
targets -set -nocase -filter {name =~"APU*" && jtag_cable_name =~ "Digilent Zed 210248A39D0B"} -index 0
loadhw -hw C:/Users/zeyne/hw/multi_proc_zynq_mb_v1/multi_proc_zynq_mb_v1.sdk/design_1_wrapper_hw_platform_0/system.hdf -mem-ranges [list {0x40000000 0xbfffffff}]
configparams force-mem-access 1
configparams mdm-detect-bscan-mask 2
targets -set -nocase -filter {name =~ "microblaze*#0" && bscan=="USER2"  && jtag_cable_name =~ "Digilent Zed 210248A39D0B"} -index 1
rst -processor
targets -set -nocase -filter {name =~ "microblaze*#0" && bscan=="USER2"  && jtag_cable_name =~ "Digilent Zed 210248A39D0B"} -index 1
dow C:/Users/zeyne/hw/multi_proc_zynq_mb_v1/multi_proc_zynq_mb_v1.sdk/MB_app/Debug/MB_app.elf
configparams force-mem-access 0
----------------End of Script----------------

17:46:51 INFO  : Memory regions updated for context APU
17:46:51 INFO  : Memory regions updated for context MicroBlaze #0
17:46:51 INFO  : Memory regions updated for context MicroBlaze Debug Module at USER2
17:46:51 INFO  : Context for processor 'microblaze_0' is selected.
17:46:51 INFO  : 'con' command is executed.
17:46:51 INFO  : ----------------XSDB Script (After Launch)----------------
targets -set -nocase -filter {name =~ "microblaze*#0" && bscan=="USER2"  && jtag_cable_name =~ "Digilent Zed 210248A39D0B"} -index 1
con
----------------End of Script----------------

17:46:51 INFO  : Launch script is exported to file 'C:\Users\zeyne\hw\multi_proc_zynq_mb_v1\multi_proc_zynq_mb_v1.sdk\.sdk\launch_scripts\xilinx_c-c++_application_(system_debugger)\system_debugger_using_debug_mb_app.elf_on_local.tcl'
17:47:07 INFO  : 'targets -set -filter {jtag_cable_name =~ "Digilent Zed 210248A39D0B" && level==0} -index 1' command is executed.
17:47:07 INFO  : 'fpga -state' command is executed.
17:47:07 INFO  : Connected to target on host '127.0.0.1' and port '3121'.
17:47:07 INFO  : Jtag cable 'Digilent Zed 210248A39D0B' is selected.
17:47:07 INFO  : 'jtag frequency' command is executed.
17:47:07 INFO  : Sourcing of 'C:/Users/zeyne/hw/multi_proc_zynq_mb_v1/multi_proc_zynq_mb_v1.sdk/design_1_wrapper_hw_platform_0/ps7_init.tcl' is done.
17:47:07 INFO  : Context for 'APU' is selected.
17:47:07 INFO  : Hardware design information is loaded from 'C:/Users/zeyne/hw/multi_proc_zynq_mb_v1/multi_proc_zynq_mb_v1.sdk/design_1_wrapper_hw_platform_0/system.hdf'.
17:47:07 INFO  : 'configparams force-mem-access 1' command is executed.
17:47:07 INFO  : Context for 'APU' is selected.
17:47:07 INFO  : 'stop' command is executed.
17:47:08 INFO  : 'ps7_init' command is executed.
17:47:08 INFO  : 'ps7_post_config' command is executed.
17:47:08 INFO  : 'configparams mdm-detect-bscan-mask 2' command is executed.
17:47:08 INFO  : Context for processor 'ps7_cortexa9_0' is selected.
17:47:08 INFO  : Processor reset is completed for 'ps7_cortexa9_0'.
17:47:08 INFO  : Context for processor 'ps7_cortexa9_0' is selected.
17:47:08 INFO  : The application 'C:/Users/zeyne/hw/multi_proc_zynq_mb_v1/multi_proc_zynq_mb_v1.sdk/Zynq_App/Debug/Zynq_App.elf' is downloaded to processor 'ps7_cortexa9_0'.
17:47:08 INFO  : 'configparams force-mem-access 0' command is executed.
17:47:08 INFO  : ----------------XSDB Script----------------
connect -url tcp:127.0.0.1:3121
source C:/Users/zeyne/hw/multi_proc_zynq_mb_v1/multi_proc_zynq_mb_v1.sdk/design_1_wrapper_hw_platform_0/ps7_init.tcl
targets -set -nocase -filter {name =~"APU*" && jtag_cable_name =~ "Digilent Zed 210248A39D0B"} -index 0
loadhw -hw C:/Users/zeyne/hw/multi_proc_zynq_mb_v1/multi_proc_zynq_mb_v1.sdk/design_1_wrapper_hw_platform_0/system.hdf -mem-ranges [list {0x40000000 0xbfffffff}]
configparams force-mem-access 1
targets -set -nocase -filter {name =~"APU*" && jtag_cable_name =~ "Digilent Zed 210248A39D0B"} -index 0
stop
ps7_init
ps7_post_config
configparams mdm-detect-bscan-mask 2
targets -set -nocase -filter {name =~ "ARM*#0" && jtag_cable_name =~ "Digilent Zed 210248A39D0B"} -index 0
rst -processor
targets -set -nocase -filter {name =~ "ARM*#0" && jtag_cable_name =~ "Digilent Zed 210248A39D0B"} -index 0
dow C:/Users/zeyne/hw/multi_proc_zynq_mb_v1/multi_proc_zynq_mb_v1.sdk/Zynq_App/Debug/Zynq_App.elf
configparams force-mem-access 0
----------------End of Script----------------

17:47:08 INFO  : Memory regions updated for context APU
17:47:08 INFO  : Memory regions updated for context MicroBlaze #0
17:47:08 INFO  : Memory regions updated for context MicroBlaze Debug Module at USER2
17:47:08 INFO  : Context for processor 'ps7_cortexa9_0' is selected.
17:47:08 INFO  : 'con' command is executed.
17:47:08 INFO  : ----------------XSDB Script (After Launch)----------------
targets -set -nocase -filter {name =~ "ARM*#0" && jtag_cable_name =~ "Digilent Zed 210248A39D0B"} -index 0
con
----------------End of Script----------------

17:47:08 INFO  : Launch script is exported to file 'C:\Users\zeyne\hw\multi_proc_zynq_mb_v1\multi_proc_zynq_mb_v1.sdk\.sdk\launch_scripts\xilinx_c-c++_application_(system_debugger)\system_debugger_using_debug_zynq_app.elf_on_local.tcl'
17:47:38 INFO  : Disconnected from the channel tcfchan#6.
17:47:39 INFO  : Connected to target on host '127.0.0.1' and port '3121'.
17:47:39 INFO  : Jtag cable 'Digilent Zed 210248A39D0B' is selected.
17:47:39 INFO  : 'jtag frequency' command is executed.
17:47:39 INFO  : Sourcing of 'C:/Users/zeyne/hw/multi_proc_zynq_mb_v1/multi_proc_zynq_mb_v1.sdk/design_1_wrapper_hw_platform_0/ps7_init.tcl' is done.
17:47:39 INFO  : Context for 'APU' is selected.
17:47:39 INFO  : System reset is completed.
17:47:42 INFO  : 'after 3000' command is executed.
17:47:42 INFO  : 'targets -set -filter {jtag_cable_name =~ "Digilent Zed 210248A39D0B" && level==0} -index 1' command is executed.
17:47:45 INFO  : FPGA configured successfully with bitstream "C:/Users/zeyne/hw/multi_proc_zynq_mb_v1/multi_proc_zynq_mb_v1.sdk/design_1_wrapper_hw_platform_0/design_1_wrapper.bit"
17:47:45 INFO  : Context for 'APU' is selected.
17:47:47 INFO  : Hardware design information is loaded from 'C:/Users/zeyne/hw/multi_proc_zynq_mb_v1/multi_proc_zynq_mb_v1.sdk/design_1_wrapper_hw_platform_0/system.hdf'.
17:47:47 INFO  : 'configparams force-mem-access 1' command is executed.
17:47:47 INFO  : Context for 'APU' is selected.
17:47:47 INFO  : 'ps7_init' command is executed.
17:47:47 INFO  : 'ps7_post_config' command is executed.
17:47:47 INFO  : 'configparams mdm-detect-bscan-mask 2' command is executed.
17:47:48 INFO  : Context for processor 'microblaze_0' is selected.
17:47:48 INFO  : The application 'C:/Users/zeyne/hw/multi_proc_zynq_mb_v1/multi_proc_zynq_mb_v1.sdk/MB_app/Debug/MB_app.elf' is downloaded to processor 'microblaze_0'.
17:47:48 INFO  : Context for processor 'ps7_cortexa9_0' is selected.
17:47:48 INFO  : The application 'C:/Users/zeyne/hw/multi_proc_zynq_mb_v1/multi_proc_zynq_mb_v1.sdk/Zynq_App/Debug/Zynq_App.elf' is downloaded to processor 'ps7_cortexa9_0'.
17:47:48 INFO  : 'configparams force-mem-access 0' command is executed.
17:47:48 INFO  : ----------------XSDB Script----------------
connect -url tcp:127.0.0.1:3121
source C:/Users/zeyne/hw/multi_proc_zynq_mb_v1/multi_proc_zynq_mb_v1.sdk/design_1_wrapper_hw_platform_0/ps7_init.tcl
targets -set -nocase -filter {name =~"APU*" && jtag_cable_name =~ "Digilent Zed 210248A39D0B"} -index 0
rst -system
after 3000
targets -set -filter {jtag_cable_name =~ "Digilent Zed 210248A39D0B" && level==0} -index 1
fpga -file C:/Users/zeyne/hw/multi_proc_zynq_mb_v1/multi_proc_zynq_mb_v1.sdk/design_1_wrapper_hw_platform_0/design_1_wrapper.bit
targets -set -nocase -filter {name =~"APU*" && jtag_cable_name =~ "Digilent Zed 210248A39D0B"} -index 0
loadhw -hw C:/Users/zeyne/hw/multi_proc_zynq_mb_v1/multi_proc_zynq_mb_v1.sdk/design_1_wrapper_hw_platform_0/system.hdf -mem-ranges [list {0x40000000 0xbfffffff}]
configparams force-mem-access 1
targets -set -nocase -filter {name =~"APU*" && jtag_cable_name =~ "Digilent Zed 210248A39D0B"} -index 0
ps7_init
ps7_post_config
configparams mdm-detect-bscan-mask 2
targets -set -nocase -filter {name =~ "microblaze*#0" && bscan=="USER2"  && jtag_cable_name =~ "Digilent Zed 210248A39D0B"} -index 1
dow C:/Users/zeyne/hw/multi_proc_zynq_mb_v1/multi_proc_zynq_mb_v1.sdk/MB_app/Debug/MB_app.elf
targets -set -nocase -filter {name =~ "ARM*#0" && jtag_cable_name =~ "Digilent Zed 210248A39D0B"} -index 0
dow C:/Users/zeyne/hw/multi_proc_zynq_mb_v1/multi_proc_zynq_mb_v1.sdk/Zynq_App/Debug/Zynq_App.elf
configparams force-mem-access 0
----------------End of Script----------------

17:47:48 INFO  : Memory regions updated for context APU
17:47:48 INFO  : Memory regions updated for context MicroBlaze #0
17:47:48 INFO  : Memory regions updated for context MicroBlaze Debug Module at USER2
17:47:48 INFO  : Context for processor 'microblaze_0' is selected.
17:47:48 INFO  : 'con' command is executed.
17:47:48 INFO  : Context for processor 'ps7_cortexa9_0' is selected.
17:47:48 INFO  : 'con' command is executed.
17:47:48 INFO  : ----------------XSDB Script (After Launch)----------------
targets -set -nocase -filter {name =~ "microblaze*#0" && bscan=="USER2"  && jtag_cable_name =~ "Digilent Zed 210248A39D0B"} -index 1
con
targets -set -nocase -filter {name =~ "ARM*#0" && jtag_cable_name =~ "Digilent Zed 210248A39D0B"} -index 0
con
----------------End of Script----------------

17:47:48 INFO  : Launch script is exported to file 'C:\Users\zeyne\hw\multi_proc_zynq_mb_v1\multi_proc_zynq_mb_v1.sdk\.sdk\launch_scripts\xilinx_c-c++_application_(system_debugger)\system_debugger_using_debug_zynq_app.elf_on_local.tcl'
17:48:56 INFO  : Disconnected from the channel tcfchan#7.
17:48:57 INFO  : Connected to target on host '127.0.0.1' and port '3121'.
17:48:57 INFO  : Jtag cable 'Digilent Zed 210248A39D0B' is selected.
17:48:57 INFO  : 'jtag frequency' command is executed.
17:48:57 INFO  : Sourcing of 'C:/Users/zeyne/hw/multi_proc_zynq_mb_v1/multi_proc_zynq_mb_v1.sdk/design_1_wrapper_hw_platform_0/ps7_init.tcl' is done.
17:48:57 INFO  : Context for 'APU' is selected.
17:48:58 INFO  : System reset is completed.
17:49:01 INFO  : 'after 3000' command is executed.
17:49:01 INFO  : 'targets -set -filter {jtag_cable_name =~ "Digilent Zed 210248A39D0B" && level==0} -index 1' command is executed.
17:49:03 INFO  : FPGA configured successfully with bitstream "C:/Users/zeyne/hw/multi_proc_zynq_mb_v1/multi_proc_zynq_mb_v1.sdk/design_1_wrapper_hw_platform_0/design_1_wrapper.bit"
17:49:03 INFO  : Context for 'APU' is selected.
17:49:06 INFO  : Hardware design information is loaded from 'C:/Users/zeyne/hw/multi_proc_zynq_mb_v1/multi_proc_zynq_mb_v1.sdk/design_1_wrapper_hw_platform_0/system.hdf'.
17:49:06 INFO  : 'configparams force-mem-access 1' command is executed.
17:49:06 INFO  : Context for 'APU' is selected.
17:49:06 INFO  : 'ps7_init' command is executed.
17:49:06 INFO  : 'ps7_post_config' command is executed.
17:49:06 INFO  : 'configparams mdm-detect-bscan-mask 2' command is executed.
17:49:06 INFO  : Context for processor 'microblaze_0' is selected.
17:49:06 INFO  : The application 'C:/Users/zeyne/hw/multi_proc_zynq_mb_v1/multi_proc_zynq_mb_v1.sdk/MB_app/Debug/MB_app.elf' is downloaded to processor 'microblaze_0'.
17:49:06 INFO  : Context for processor 'ps7_cortexa9_0' is selected.
17:49:06 INFO  : The application 'C:/Users/zeyne/hw/multi_proc_zynq_mb_v1/multi_proc_zynq_mb_v1.sdk/Zynq_App/Debug/Zynq_App.elf' is downloaded to processor 'ps7_cortexa9_0'.
17:49:06 INFO  : 'configparams force-mem-access 0' command is executed.
17:49:06 INFO  : ----------------XSDB Script----------------
connect -url tcp:127.0.0.1:3121
source C:/Users/zeyne/hw/multi_proc_zynq_mb_v1/multi_proc_zynq_mb_v1.sdk/design_1_wrapper_hw_platform_0/ps7_init.tcl
targets -set -nocase -filter {name =~"APU*" && jtag_cable_name =~ "Digilent Zed 210248A39D0B"} -index 0
rst -system
after 3000
targets -set -filter {jtag_cable_name =~ "Digilent Zed 210248A39D0B" && level==0} -index 1
fpga -file C:/Users/zeyne/hw/multi_proc_zynq_mb_v1/multi_proc_zynq_mb_v1.sdk/design_1_wrapper_hw_platform_0/design_1_wrapper.bit
targets -set -nocase -filter {name =~"APU*" && jtag_cable_name =~ "Digilent Zed 210248A39D0B"} -index 0
loadhw -hw C:/Users/zeyne/hw/multi_proc_zynq_mb_v1/multi_proc_zynq_mb_v1.sdk/design_1_wrapper_hw_platform_0/system.hdf -mem-ranges [list {0x40000000 0xbfffffff}]
configparams force-mem-access 1
targets -set -nocase -filter {name =~"APU*" && jtag_cable_name =~ "Digilent Zed 210248A39D0B"} -index 0
ps7_init
ps7_post_config
configparams mdm-detect-bscan-mask 2
targets -set -nocase -filter {name =~ "microblaze*#0" && bscan=="USER2"  && jtag_cable_name =~ "Digilent Zed 210248A39D0B"} -index 1
dow C:/Users/zeyne/hw/multi_proc_zynq_mb_v1/multi_proc_zynq_mb_v1.sdk/MB_app/Debug/MB_app.elf
targets -set -nocase -filter {name =~ "ARM*#0" && jtag_cable_name =~ "Digilent Zed 210248A39D0B"} -index 0
dow C:/Users/zeyne/hw/multi_proc_zynq_mb_v1/multi_proc_zynq_mb_v1.sdk/Zynq_App/Debug/Zynq_App.elf
configparams force-mem-access 0
----------------End of Script----------------

17:49:06 INFO  : Memory regions updated for context APU
17:49:06 INFO  : Memory regions updated for context MicroBlaze #0
17:49:06 INFO  : Memory regions updated for context MicroBlaze Debug Module at USER2
17:49:07 INFO  : Context for processor 'microblaze_0' is selected.
17:49:07 INFO  : 'con' command is executed.
17:49:07 INFO  : Context for processor 'ps7_cortexa9_0' is selected.
17:49:07 INFO  : 'con' command is executed.
17:49:07 INFO  : ----------------XSDB Script (After Launch)----------------
targets -set -nocase -filter {name =~ "microblaze*#0" && bscan=="USER2"  && jtag_cable_name =~ "Digilent Zed 210248A39D0B"} -index 1
con
targets -set -nocase -filter {name =~ "ARM*#0" && jtag_cable_name =~ "Digilent Zed 210248A39D0B"} -index 0
con
----------------End of Script----------------

17:49:07 INFO  : Launch script is exported to file 'C:\Users\zeyne\hw\multi_proc_zynq_mb_v1\multi_proc_zynq_mb_v1.sdk\.sdk\launch_scripts\xilinx_c-c++_application_(system_debugger)\system_debugger_using_debug_zynq_app.elf_on_local.tcl'
17:50:06 INFO  : Disconnected from the channel tcfchan#8.
17:50:07 INFO  : Connected to target on host '127.0.0.1' and port '3121'.
17:50:07 INFO  : Jtag cable 'Digilent Zed 210248A39D0B' is selected.
17:50:07 INFO  : 'jtag frequency' command is executed.
17:50:07 INFO  : Sourcing of 'C:/Users/zeyne/hw/multi_proc_zynq_mb_v1/multi_proc_zynq_mb_v1.sdk/design_1_wrapper_hw_platform_0/ps7_init.tcl' is done.
17:50:07 INFO  : Context for 'APU' is selected.
17:50:08 INFO  : System reset is completed.
17:50:11 INFO  : 'after 3000' command is executed.
17:50:11 INFO  : 'targets -set -filter {jtag_cable_name =~ "Digilent Zed 210248A39D0B" && level==0} -index 1' command is executed.
17:50:13 INFO  : FPGA configured successfully with bitstream "C:/Users/zeyne/hw/multi_proc_zynq_mb_v1/multi_proc_zynq_mb_v1.sdk/design_1_wrapper_hw_platform_0/design_1_wrapper.bit"
17:50:13 INFO  : Context for 'APU' is selected.
17:50:16 INFO  : Hardware design information is loaded from 'C:/Users/zeyne/hw/multi_proc_zynq_mb_v1/multi_proc_zynq_mb_v1.sdk/design_1_wrapper_hw_platform_0/system.hdf'.
17:50:16 INFO  : 'configparams force-mem-access 1' command is executed.
17:50:16 INFO  : Context for 'APU' is selected.
17:50:16 INFO  : 'ps7_init' command is executed.
17:50:16 INFO  : 'ps7_post_config' command is executed.
17:50:16 INFO  : 'configparams mdm-detect-bscan-mask 2' command is executed.
17:50:16 INFO  : Context for processor 'microblaze_0' is selected.
17:50:16 INFO  : The application 'C:/Users/zeyne/hw/multi_proc_zynq_mb_v1/multi_proc_zynq_mb_v1.sdk/MB_app/Debug/MB_app.elf' is downloaded to processor 'microblaze_0'.
17:50:16 INFO  : Context for processor 'ps7_cortexa9_0' is selected.
17:50:16 INFO  : The application 'C:/Users/zeyne/hw/multi_proc_zynq_mb_v1/multi_proc_zynq_mb_v1.sdk/Zynq_App/Debug/Zynq_App.elf' is downloaded to processor 'ps7_cortexa9_0'.
17:50:16 INFO  : 'configparams force-mem-access 0' command is executed.
17:50:16 INFO  : ----------------XSDB Script----------------
connect -url tcp:127.0.0.1:3121
source C:/Users/zeyne/hw/multi_proc_zynq_mb_v1/multi_proc_zynq_mb_v1.sdk/design_1_wrapper_hw_platform_0/ps7_init.tcl
targets -set -nocase -filter {name =~"APU*" && jtag_cable_name =~ "Digilent Zed 210248A39D0B"} -index 0
rst -system
after 3000
targets -set -filter {jtag_cable_name =~ "Digilent Zed 210248A39D0B" && level==0} -index 1
fpga -file C:/Users/zeyne/hw/multi_proc_zynq_mb_v1/multi_proc_zynq_mb_v1.sdk/design_1_wrapper_hw_platform_0/design_1_wrapper.bit
targets -set -nocase -filter {name =~"APU*" && jtag_cable_name =~ "Digilent Zed 210248A39D0B"} -index 0
loadhw -hw C:/Users/zeyne/hw/multi_proc_zynq_mb_v1/multi_proc_zynq_mb_v1.sdk/design_1_wrapper_hw_platform_0/system.hdf -mem-ranges [list {0x40000000 0xbfffffff}]
configparams force-mem-access 1
targets -set -nocase -filter {name =~"APU*" && jtag_cable_name =~ "Digilent Zed 210248A39D0B"} -index 0
ps7_init
ps7_post_config
configparams mdm-detect-bscan-mask 2
targets -set -nocase -filter {name =~ "microblaze*#0" && bscan=="USER2"  && jtag_cable_name =~ "Digilent Zed 210248A39D0B"} -index 1
dow C:/Users/zeyne/hw/multi_proc_zynq_mb_v1/multi_proc_zynq_mb_v1.sdk/MB_app/Debug/MB_app.elf
targets -set -nocase -filter {name =~ "ARM*#0" && jtag_cable_name =~ "Digilent Zed 210248A39D0B"} -index 0
dow C:/Users/zeyne/hw/multi_proc_zynq_mb_v1/multi_proc_zynq_mb_v1.sdk/Zynq_App/Debug/Zynq_App.elf
configparams force-mem-access 0
----------------End of Script----------------

17:50:16 INFO  : Memory regions updated for context APU
17:50:16 INFO  : Memory regions updated for context MicroBlaze #0
17:50:16 INFO  : Memory regions updated for context MicroBlaze Debug Module at USER2
17:50:17 INFO  : Context for processor 'microblaze_0' is selected.
17:50:17 INFO  : 'con' command is executed.
17:50:17 INFO  : Context for processor 'ps7_cortexa9_0' is selected.
17:50:17 INFO  : 'con' command is executed.
17:50:17 INFO  : ----------------XSDB Script (After Launch)----------------
targets -set -nocase -filter {name =~ "microblaze*#0" && bscan=="USER2"  && jtag_cable_name =~ "Digilent Zed 210248A39D0B"} -index 1
con
targets -set -nocase -filter {name =~ "ARM*#0" && jtag_cable_name =~ "Digilent Zed 210248A39D0B"} -index 0
con
----------------End of Script----------------

17:50:17 INFO  : Launch script is exported to file 'C:\Users\zeyne\hw\multi_proc_zynq_mb_v1\multi_proc_zynq_mb_v1.sdk\.sdk\launch_scripts\xilinx_c-c++_application_(system_debugger)\system_debugger_using_debug_zynq_app.elf_on_local.tcl'
17:51:38 INFO  : Disconnected from the channel tcfchan#9.
17:51:39 INFO  : Connected to target on host '127.0.0.1' and port '3121'.
17:51:39 INFO  : Jtag cable 'Digilent Zed 210248A39D0B' is selected.
17:51:39 INFO  : 'jtag frequency' command is executed.
17:51:39 INFO  : Sourcing of 'C:/Users/zeyne/hw/multi_proc_zynq_mb_v1/multi_proc_zynq_mb_v1.sdk/design_1_wrapper_hw_platform_0/ps7_init.tcl' is done.
17:51:39 INFO  : Context for 'APU' is selected.
17:51:39 INFO  : System reset is completed.
17:51:42 INFO  : 'after 3000' command is executed.
17:51:43 INFO  : 'targets -set -filter {jtag_cable_name =~ "Digilent Zed 210248A39D0B" && level==0} -index 1' command is executed.
17:51:45 INFO  : FPGA configured successfully with bitstream "C:/Users/zeyne/hw/multi_proc_zynq_mb_v1/multi_proc_zynq_mb_v1.sdk/design_1_wrapper_hw_platform_0/design_1_wrapper.bit"
17:51:45 INFO  : Context for 'APU' is selected.
17:51:47 INFO  : Hardware design information is loaded from 'C:/Users/zeyne/hw/multi_proc_zynq_mb_v1/multi_proc_zynq_mb_v1.sdk/design_1_wrapper_hw_platform_0/system.hdf'.
17:51:47 INFO  : 'configparams force-mem-access 1' command is executed.
17:51:47 INFO  : Context for 'APU' is selected.
17:51:48 INFO  : 'ps7_init' command is executed.
17:51:48 INFO  : 'ps7_post_config' command is executed.
17:51:48 INFO  : 'configparams mdm-detect-bscan-mask 2' command is executed.
17:51:48 INFO  : Context for processor 'microblaze_0' is selected.
17:51:48 INFO  : The application 'C:/Users/zeyne/hw/multi_proc_zynq_mb_v1/multi_proc_zynq_mb_v1.sdk/MB_app/Debug/MB_app.elf' is downloaded to processor 'microblaze_0'.
17:51:48 INFO  : Context for processor 'ps7_cortexa9_0' is selected.
17:51:48 INFO  : The application 'C:/Users/zeyne/hw/multi_proc_zynq_mb_v1/multi_proc_zynq_mb_v1.sdk/Zynq_App/Debug/Zynq_App.elf' is downloaded to processor 'ps7_cortexa9_0'.
17:51:48 INFO  : 'configparams force-mem-access 0' command is executed.
17:51:48 INFO  : ----------------XSDB Script----------------
connect -url tcp:127.0.0.1:3121
source C:/Users/zeyne/hw/multi_proc_zynq_mb_v1/multi_proc_zynq_mb_v1.sdk/design_1_wrapper_hw_platform_0/ps7_init.tcl
targets -set -nocase -filter {name =~"APU*" && jtag_cable_name =~ "Digilent Zed 210248A39D0B"} -index 0
rst -system
after 3000
targets -set -filter {jtag_cable_name =~ "Digilent Zed 210248A39D0B" && level==0} -index 1
fpga -file C:/Users/zeyne/hw/multi_proc_zynq_mb_v1/multi_proc_zynq_mb_v1.sdk/design_1_wrapper_hw_platform_0/design_1_wrapper.bit
targets -set -nocase -filter {name =~"APU*" && jtag_cable_name =~ "Digilent Zed 210248A39D0B"} -index 0
loadhw -hw C:/Users/zeyne/hw/multi_proc_zynq_mb_v1/multi_proc_zynq_mb_v1.sdk/design_1_wrapper_hw_platform_0/system.hdf -mem-ranges [list {0x40000000 0xbfffffff}]
configparams force-mem-access 1
targets -set -nocase -filter {name =~"APU*" && jtag_cable_name =~ "Digilent Zed 210248A39D0B"} -index 0
ps7_init
ps7_post_config
configparams mdm-detect-bscan-mask 2
targets -set -nocase -filter {name =~ "microblaze*#0" && bscan=="USER2"  && jtag_cable_name =~ "Digilent Zed 210248A39D0B"} -index 1
dow C:/Users/zeyne/hw/multi_proc_zynq_mb_v1/multi_proc_zynq_mb_v1.sdk/MB_app/Debug/MB_app.elf
targets -set -nocase -filter {name =~ "ARM*#0" && jtag_cable_name =~ "Digilent Zed 210248A39D0B"} -index 0
dow C:/Users/zeyne/hw/multi_proc_zynq_mb_v1/multi_proc_zynq_mb_v1.sdk/Zynq_App/Debug/Zynq_App.elf
configparams force-mem-access 0
----------------End of Script----------------

17:51:48 INFO  : Memory regions updated for context APU
17:51:48 INFO  : Memory regions updated for context MicroBlaze #0
17:51:48 INFO  : Memory regions updated for context MicroBlaze Debug Module at USER2
17:51:48 INFO  : Context for processor 'microblaze_0' is selected.
17:51:48 INFO  : 'con' command is executed.
17:51:48 INFO  : Context for processor 'ps7_cortexa9_0' is selected.
17:51:48 INFO  : 'con' command is executed.
17:51:48 INFO  : ----------------XSDB Script (After Launch)----------------
targets -set -nocase -filter {name =~ "microblaze*#0" && bscan=="USER2"  && jtag_cable_name =~ "Digilent Zed 210248A39D0B"} -index 1
con
targets -set -nocase -filter {name =~ "ARM*#0" && jtag_cable_name =~ "Digilent Zed 210248A39D0B"} -index 0
con
----------------End of Script----------------

17:51:48 INFO  : Launch script is exported to file 'C:\Users\zeyne\hw\multi_proc_zynq_mb_v1\multi_proc_zynq_mb_v1.sdk\.sdk\launch_scripts\xilinx_c-c++_application_(system_debugger)\system_debugger_using_debug_zynq_app.elf_on_local.tcl'
17:54:28 INFO  : Disconnected from the channel tcfchan#10.
17:54:29 INFO  : Connected to target on host '127.0.0.1' and port '3121'.
17:54:30 INFO  : Jtag cable 'Digilent Zed 210248A39D0B' is selected.
17:54:30 INFO  : 'jtag frequency' command is executed.
17:54:30 INFO  : Sourcing of 'C:/Users/zeyne/hw/multi_proc_zynq_mb_v1/multi_proc_zynq_mb_v1.sdk/design_1_wrapper_hw_platform_0/ps7_init.tcl' is done.
17:54:30 INFO  : Context for 'APU' is selected.
17:54:30 INFO  : System reset is completed.
17:54:33 INFO  : 'after 3000' command is executed.
17:54:33 INFO  : 'targets -set -filter {jtag_cable_name =~ "Digilent Zed 210248A39D0B" && level==0} -index 1' command is executed.
17:54:35 INFO  : FPGA configured successfully with bitstream "C:/Users/zeyne/hw/multi_proc_zynq_mb_v1/multi_proc_zynq_mb_v1.sdk/design_1_wrapper_hw_platform_0/design_1_wrapper.bit"
17:54:35 INFO  : Context for 'APU' is selected.
17:54:38 INFO  : Hardware design information is loaded from 'C:/Users/zeyne/hw/multi_proc_zynq_mb_v1/multi_proc_zynq_mb_v1.sdk/design_1_wrapper_hw_platform_0/system.hdf'.
17:54:38 INFO  : 'configparams force-mem-access 1' command is executed.
17:54:38 INFO  : Context for 'APU' is selected.
17:54:38 INFO  : 'ps7_init' command is executed.
17:54:38 INFO  : 'ps7_post_config' command is executed.
17:54:38 INFO  : 'configparams mdm-detect-bscan-mask 2' command is executed.
17:54:38 INFO  : Context for processor 'microblaze_0' is selected.
17:54:38 INFO  : The application 'C:/Users/zeyne/hw/multi_proc_zynq_mb_v1/multi_proc_zynq_mb_v1.sdk/MB_app/Debug/MB_app.elf' is downloaded to processor 'microblaze_0'.
17:54:38 INFO  : Context for processor 'ps7_cortexa9_0' is selected.
17:54:38 INFO  : The application 'C:/Users/zeyne/hw/multi_proc_zynq_mb_v1/multi_proc_zynq_mb_v1.sdk/Zynq_App/Debug/Zynq_App.elf' is downloaded to processor 'ps7_cortexa9_0'.
17:54:38 INFO  : 'configparams force-mem-access 0' command is executed.
17:54:38 INFO  : ----------------XSDB Script----------------
connect -url tcp:127.0.0.1:3121
source C:/Users/zeyne/hw/multi_proc_zynq_mb_v1/multi_proc_zynq_mb_v1.sdk/design_1_wrapper_hw_platform_0/ps7_init.tcl
targets -set -nocase -filter {name =~"APU*" && jtag_cable_name =~ "Digilent Zed 210248A39D0B"} -index 0
rst -system
after 3000
targets -set -filter {jtag_cable_name =~ "Digilent Zed 210248A39D0B" && level==0} -index 1
fpga -file C:/Users/zeyne/hw/multi_proc_zynq_mb_v1/multi_proc_zynq_mb_v1.sdk/design_1_wrapper_hw_platform_0/design_1_wrapper.bit
targets -set -nocase -filter {name =~"APU*" && jtag_cable_name =~ "Digilent Zed 210248A39D0B"} -index 0
loadhw -hw C:/Users/zeyne/hw/multi_proc_zynq_mb_v1/multi_proc_zynq_mb_v1.sdk/design_1_wrapper_hw_platform_0/system.hdf -mem-ranges [list {0x40000000 0xbfffffff}]
configparams force-mem-access 1
targets -set -nocase -filter {name =~"APU*" && jtag_cable_name =~ "Digilent Zed 210248A39D0B"} -index 0
ps7_init
ps7_post_config
configparams mdm-detect-bscan-mask 2
targets -set -nocase -filter {name =~ "microblaze*#0" && bscan=="USER2"  && jtag_cable_name =~ "Digilent Zed 210248A39D0B"} -index 1
dow C:/Users/zeyne/hw/multi_proc_zynq_mb_v1/multi_proc_zynq_mb_v1.sdk/MB_app/Debug/MB_app.elf
targets -set -nocase -filter {name =~ "ARM*#0" && jtag_cable_name =~ "Digilent Zed 210248A39D0B"} -index 0
dow C:/Users/zeyne/hw/multi_proc_zynq_mb_v1/multi_proc_zynq_mb_v1.sdk/Zynq_App/Debug/Zynq_App.elf
configparams force-mem-access 0
----------------End of Script----------------

17:54:39 INFO  : Memory regions updated for context APU
17:54:39 INFO  : Memory regions updated for context MicroBlaze #0
17:54:39 INFO  : Memory regions updated for context MicroBlaze Debug Module at USER2
17:54:39 INFO  : Context for processor 'microblaze_0' is selected.
17:54:39 INFO  : 'con' command is executed.
17:54:39 INFO  : Context for processor 'ps7_cortexa9_0' is selected.
17:54:39 INFO  : 'con' command is executed.
17:54:39 INFO  : ----------------XSDB Script (After Launch)----------------
targets -set -nocase -filter {name =~ "microblaze*#0" && bscan=="USER2"  && jtag_cable_name =~ "Digilent Zed 210248A39D0B"} -index 1
con
targets -set -nocase -filter {name =~ "ARM*#0" && jtag_cable_name =~ "Digilent Zed 210248A39D0B"} -index 0
con
----------------End of Script----------------

17:54:39 INFO  : Launch script is exported to file 'C:\Users\zeyne\hw\multi_proc_zynq_mb_v1\multi_proc_zynq_mb_v1.sdk\.sdk\launch_scripts\xilinx_c-c++_application_(system_debugger)\system_debugger_using_debug_zynq_app.elf_on_local.tcl'
18:01:18 WARN  : channel "tcfchan#6" closed
18:01:18 INFO  : Disconnected from the channel tcfchan#11.
17:25:55 INFO  : Registering command handlers for SDK TCF services
17:25:56 INFO  : Launching XSCT server: xsct.bat -interactive C:\Users\zeyne\hw\Cuma_15.04.2022_MB\Cuma_15.04.2022_MB.sdk\temp_xsdb_launch_script.tcl
17:26:00 INFO  : XSCT server has started successfully.
17:26:02 INFO  : Successfully done setting XSCT server connection channel  
17:26:02 INFO  : Successfully done setting SDK workspace  
17:26:02 INFO  : Processing command line option -hwspec C:/Users/zeyne/hw/Cuma_15.04.2022_MB/Cuma_15.04.2022_MB.sdk/design_1_wrapper.hdf.
19:37:43 INFO  : Launching XSCT server: xsct.bat -interactive C:\Users\zeyne\hw\pazar_24.04.2022\pazar_24.04.2022.sdk\temp_xsdb_launch_script.tcl
19:37:45 INFO  : XSCT server has started successfully.
19:37:49 INFO  : Successfully done setting XSCT server connection channel  
19:37:49 INFO  : Successfully done setting SDK workspace  
19:37:53 INFO  : Registering command handlers for SDK TCF services
19:37:53 INFO  : Processing command line option -hwspec C:/Users/zeyne/hw/pazar_24.04.2022/pazar_24.04.2022.sdk/design_1_wrapper.hdf.
15:34:10 INFO  : Registering command handlers for SDK TCF services
15:34:12 INFO  : Launching XSCT server: xsct.bat -interactive C:\Users\zeyne\hw\pazar_24.04.2022\pazar_24.04.2022.sdk\temp_xsdb_launch_script.tcl
15:34:17 INFO  : XSCT server has started successfully.
15:34:31 INFO  : Successfully done setting XSCT server connection channel  
15:34:31 INFO  : Successfully done setting SDK workspace  
15:34:31 INFO  : Processing command line option -hwspec C:/Users/zeyne/hw/pazar_24.04.2022/pazar_24.04.2022.sdk/design_1_wrapper.hdf.
15:34:31 INFO  : Checking for hwspec changes in the project design_1_wrapper_hw_platform_2.
15:53:50 INFO  : 'targets -set -filter {jtag_cable_name =~ "Digilent Zed 210248A39D0C" && level==0} -index 1' command is executed.
15:53:50 INFO  : 'fpga -state' command is executed.
15:53:56 INFO  : Memory regions updated for context APU
15:54:24 INFO  : Connected to target on host '127.0.0.1' and port '3121'.
15:54:24 INFO  : 'targets -set -filter {jtag_cable_name =~ "Digilent Zed 210248A39D0C" && level==0} -index 1' command is executed.
15:54:26 INFO  : FPGA configured successfully with bitstream "C:/Users/zeyne/hw/pazar_24.04.2022/pazar_24.04.2022.sdk/design_1_wrapper_hw_platform_0/download.bit"
15:54:39 INFO  : 'targets -set -filter {jtag_cable_name =~ "Digilent Zed 210248A39D0C" && level==0} -index 1' command is executed.
15:54:39 INFO  : 'fpga -state' command is executed.
15:54:39 INFO  : Connected to target on host '127.0.0.1' and port '3121'.
15:54:39 INFO  : Jtag cable 'Digilent Zed 210248A39D0C' is selected.
15:54:39 INFO  : 'jtag frequency' command is executed.
15:54:39 INFO  : Sourcing of 'C:/Users/zeyne/hw/pazar_24.04.2022/pazar_24.04.2022.sdk/design_1_wrapper_hw_platform_2/ps7_init.tcl' is done.
15:54:39 INFO  : Context for 'APU' is selected.
15:54:40 INFO  : Hardware design information is loaded from 'C:/Users/zeyne/hw/pazar_24.04.2022/pazar_24.04.2022.sdk/design_1_wrapper_hw_platform_2/system.hdf'.
15:54:40 INFO  : 'configparams force-mem-access 1' command is executed.
15:54:40 INFO  : Context for 'APU' is selected.
15:54:40 INFO  : 'stop' command is executed.
15:54:40 INFO  : 'ps7_init' command is executed.
15:54:40 INFO  : 'ps7_post_config' command is executed.
15:54:40 INFO  : 'configparams mdm-detect-bscan-mask 2' command is executed.
15:54:40 INFO  : Context for processor 'microblaze_0' is selected.
15:54:40 INFO  : Processor reset is completed for 'microblaze_0'.
15:54:43 ERROR : no targets found with "name =~ "microblaze*#1" && bscan=="USER2"  && jtag_cable_name =~ "Digilent Zed 210248A39D0C"". available targets:
  1  APU
     2  ARM Cortex-A9 MPCore #0 (Suspended)
     3  ARM Cortex-A9 MPCore #1 (Suspended)
  4  xc7z020
     5  MicroBlaze Debug Module at USER2
        6* MicroBlaze #0 (Stop)
15:54:43 INFO  : ----------------XSDB Script----------------
connect -url tcp:127.0.0.1:3121
source C:/Users/zeyne/hw/pazar_24.04.2022/pazar_24.04.2022.sdk/design_1_wrapper_hw_platform_2/ps7_init.tcl
targets -set -nocase -filter {name =~"APU*" && jtag_cable_name =~ "Digilent Zed 210248A39D0C"} -index 0
loadhw -hw C:/Users/zeyne/hw/pazar_24.04.2022/pazar_24.04.2022.sdk/design_1_wrapper_hw_platform_2/system.hdf -mem-ranges [list {0x40000000 0xbfffffff}]
configparams force-mem-access 1
targets -set -nocase -filter {name =~"APU*" && jtag_cable_name =~ "Digilent Zed 210248A39D0C"} -index 0
stop
ps7_init
ps7_post_config
configparams mdm-detect-bscan-mask 2
targets -set -nocase -filter {name =~ "microblaze*#0" && bscan=="USER2"  && jtag_cable_name =~ "Digilent Zed 210248A39D0C"} -index 1
rst -processor
targets -set -nocase -filter {name =~ "microblaze*#1" && bscan=="USER2"  && jtag_cable_name =~ "Digilent Zed 210248A39D0C"} -index 1
----------------End of Script----------------

15:55:18 INFO  : 'targets -set -filter {jtag_cable_name =~ "Digilent Zed 210248A39D0C" && level==0} -index 1' command is executed.
15:55:18 INFO  : 'fpga -state' command is executed.
15:55:18 INFO  : Connected to target on host '127.0.0.1' and port '3121'.
15:55:18 INFO  : Jtag cable 'Digilent Zed 210248A39D0C' is selected.
15:55:18 INFO  : 'jtag frequency' command is executed.
15:55:18 INFO  : Sourcing of 'C:/Users/zeyne/hw/pazar_24.04.2022/pazar_24.04.2022.sdk/design_1_wrapper_hw_platform_2/ps7_init.tcl' is done.
15:55:18 INFO  : Context for 'APU' is selected.
15:55:18 INFO  : Hardware design information is loaded from 'C:/Users/zeyne/hw/pazar_24.04.2022/pazar_24.04.2022.sdk/design_1_wrapper_hw_platform_2/system.hdf'.
15:55:18 INFO  : 'configparams force-mem-access 1' command is executed.
15:55:18 INFO  : Context for 'APU' is selected.
15:55:18 INFO  : 'stop' command is executed.
15:55:19 INFO  : 'ps7_init' command is executed.
15:55:19 INFO  : 'ps7_post_config' command is executed.
15:55:19 INFO  : 'configparams mdm-detect-bscan-mask 2' command is executed.
15:55:19 INFO  : Context for processor 'microblaze_0' is selected.
15:55:19 INFO  : Processor reset is completed for 'microblaze_0'.
15:55:22 ERROR : no targets found with "name =~ "microblaze*#1" && bscan=="USER2"  && jtag_cable_name =~ "Digilent Zed 210248A39D0C"". available targets:
  1  APU
     2  ARM Cortex-A9 MPCore #0 (Suspended)
     3  ARM Cortex-A9 MPCore #1 (Suspended)
  4  xc7z020
     5  MicroBlaze Debug Module at USER2
        6* MicroBlaze #0 (External debug request)
15:55:22 INFO  : ----------------XSDB Script----------------
connect -url tcp:127.0.0.1:3121
source C:/Users/zeyne/hw/pazar_24.04.2022/pazar_24.04.2022.sdk/design_1_wrapper_hw_platform_2/ps7_init.tcl
targets -set -nocase -filter {name =~"APU*" && jtag_cable_name =~ "Digilent Zed 210248A39D0C"} -index 0
loadhw -hw C:/Users/zeyne/hw/pazar_24.04.2022/pazar_24.04.2022.sdk/design_1_wrapper_hw_platform_2/system.hdf -mem-ranges [list {0x40000000 0xbfffffff}]
configparams force-mem-access 1
targets -set -nocase -filter {name =~"APU*" && jtag_cable_name =~ "Digilent Zed 210248A39D0C"} -index 0
stop
ps7_init
ps7_post_config
configparams mdm-detect-bscan-mask 2
targets -set -nocase -filter {name =~ "microblaze*#0" && bscan=="USER2"  && jtag_cable_name =~ "Digilent Zed 210248A39D0C"} -index 1
rst -processor
targets -set -nocase -filter {name =~ "microblaze*#1" && bscan=="USER2"  && jtag_cable_name =~ "Digilent Zed 210248A39D0C"} -index 1
----------------End of Script----------------

16:01:02 INFO  : Connected to target on host '127.0.0.1' and port '3121'.
16:01:02 INFO  : 'targets -set -filter {jtag_cable_name =~ "Digilent Zed 210248A39D0C" && level==0} -index 1' command is executed.
16:01:05 INFO  : FPGA configured successfully with bitstream "C:/Users/zeyne/hw/pazar_24.04.2022/pazar_24.04.2022.sdk/design_1_wrapper_hw_platform_2/download.bit"
16:01:41 INFO  : 'targets -set -filter {jtag_cable_name =~ "Digilent Zed 210248A39D0C" && level==0} -index 1' command is executed.
16:01:41 INFO  : 'fpga -state' command is executed.
16:01:41 INFO  : Connected to target on host '127.0.0.1' and port '3121'.
16:01:41 INFO  : Jtag cable 'Digilent Zed 210248A39D0C' is selected.
16:01:41 INFO  : 'jtag frequency' command is executed.
16:01:41 INFO  : Sourcing of 'C:/Users/zeyne/hw/pazar_24.04.2022/pazar_24.04.2022.sdk/design_1_wrapper_hw_platform_2/ps7_init.tcl' is done.
16:01:41 INFO  : Context for 'APU' is selected.
16:01:41 INFO  : Hardware design information is loaded from 'C:/Users/zeyne/hw/pazar_24.04.2022/pazar_24.04.2022.sdk/design_1_wrapper_hw_platform_2/system.hdf'.
16:01:41 INFO  : 'configparams force-mem-access 1' command is executed.
16:01:41 INFO  : Context for 'APU' is selected.
16:01:41 INFO  : 'stop' command is executed.
16:01:42 INFO  : 'ps7_init' command is executed.
16:01:42 INFO  : 'ps7_post_config' command is executed.
16:01:42 INFO  : 'configparams mdm-detect-bscan-mask 2' command is executed.
16:01:42 INFO  : Context for processor 'microblaze_0' is selected.
16:01:42 INFO  : Processor reset is completed for 'microblaze_0'.
16:01:42 INFO  : Context for processor 'microblaze_1' is selected.
16:01:42 INFO  : Processor reset is completed for 'microblaze_1'.
16:01:42 INFO  : Context for processor 'microblaze_0' is selected.
16:01:42 INFO  : The application 'C:/Users/zeyne/hw/pazar_24.04.2022/pazar_24.04.2022.sdk/MB1_mutex/Debug/MB1_mutex.elf' is downloaded to processor 'microblaze_0'.
16:01:42 INFO  : Context for processor 'microblaze_1' is selected.
16:01:42 INFO  : The application 'C:/Users/zeyne/hw/pazar_24.04.2022/pazar_24.04.2022.sdk/MB2_mutex/Debug/MB2_mutex.elf' is downloaded to processor 'microblaze_1'.
16:01:42 INFO  : 'configparams force-mem-access 0' command is executed.
16:01:42 INFO  : ----------------XSDB Script----------------
connect -url tcp:127.0.0.1:3121
source C:/Users/zeyne/hw/pazar_24.04.2022/pazar_24.04.2022.sdk/design_1_wrapper_hw_platform_2/ps7_init.tcl
targets -set -nocase -filter {name =~"APU*" && jtag_cable_name =~ "Digilent Zed 210248A39D0C"} -index 0
loadhw -hw C:/Users/zeyne/hw/pazar_24.04.2022/pazar_24.04.2022.sdk/design_1_wrapper_hw_platform_2/system.hdf -mem-ranges [list {0x40000000 0xbfffffff}]
configparams force-mem-access 1
targets -set -nocase -filter {name =~"APU*" && jtag_cable_name =~ "Digilent Zed 210248A39D0C"} -index 0
stop
ps7_init
ps7_post_config
configparams mdm-detect-bscan-mask 2
targets -set -nocase -filter {name =~ "microblaze*#0" && bscan=="USER2"  && jtag_cable_name =~ "Digilent Zed 210248A39D0C"} -index 1
rst -processor
targets -set -nocase -filter {name =~ "microblaze*#1" && bscan=="USER2"  && jtag_cable_name =~ "Digilent Zed 210248A39D0C"} -index 1
rst -processor
targets -set -nocase -filter {name =~ "microblaze*#0" && bscan=="USER2"  && jtag_cable_name =~ "Digilent Zed 210248A39D0C"} -index 1
dow C:/Users/zeyne/hw/pazar_24.04.2022/pazar_24.04.2022.sdk/MB1_mutex/Debug/MB1_mutex.elf
targets -set -nocase -filter {name =~ "microblaze*#1" && bscan=="USER2"  && jtag_cable_name =~ "Digilent Zed 210248A39D0C"} -index 1
dow C:/Users/zeyne/hw/pazar_24.04.2022/pazar_24.04.2022.sdk/MB2_mutex/Debug/MB2_mutex.elf
configparams force-mem-access 0
----------------End of Script----------------

16:01:42 INFO  : Memory regions updated for context APU
16:01:42 INFO  : Memory regions updated for context MicroBlaze #0
16:01:42 INFO  : Memory regions updated for context MicroBlaze #1
16:01:42 INFO  : Memory regions updated for context MicroBlaze #0
16:01:43 INFO  : Context for processor 'microblaze_0' is selected.
16:01:43 INFO  : 'con' command is executed.
16:01:43 INFO  : Context for processor 'microblaze_1' is selected.
16:01:43 INFO  : 'con' command is executed.
16:01:43 INFO  : ----------------XSDB Script (After Launch)----------------
targets -set -nocase -filter {name =~ "microblaze*#0" && bscan=="USER2"  && jtag_cable_name =~ "Digilent Zed 210248A39D0C"} -index 1
con
targets -set -nocase -filter {name =~ "microblaze*#1" && bscan=="USER2"  && jtag_cable_name =~ "Digilent Zed 210248A39D0C"} -index 1
con
----------------End of Script----------------

16:01:43 INFO  : Launch script is exported to file 'C:\Users\zeyne\hw\pazar_24.04.2022\pazar_24.04.2022.sdk\.sdk\launch_scripts\xilinx_c-c++_application_(system_debugger)\system_debugger_using_debug_mb1_mutex.elf_on_local.tcl'
16:02:34 INFO  : Disconnected from the channel tcfchan#1.
16:02:35 INFO  : 'targets -set -filter {jtag_cable_name =~ "Digilent Zed 210248A39D0C" && level==0} -index 1' command is executed.
16:02:35 INFO  : 'fpga -state' command is executed.
16:02:35 INFO  : Connected to target on host '127.0.0.1' and port '3121'.
16:02:36 INFO  : Jtag cable 'Digilent Zed 210248A39D0C' is selected.
16:02:36 INFO  : 'jtag frequency' command is executed.
16:02:36 INFO  : Sourcing of 'C:/Users/zeyne/hw/pazar_24.04.2022/pazar_24.04.2022.sdk/design_1_wrapper_hw_platform_2/ps7_init.tcl' is done.
16:02:36 INFO  : Context for 'APU' is selected.
16:02:39 INFO  : Hardware design information is loaded from 'C:/Users/zeyne/hw/pazar_24.04.2022/pazar_24.04.2022.sdk/design_1_wrapper_hw_platform_2/system.hdf'.
16:02:39 INFO  : 'configparams force-mem-access 1' command is executed.
16:02:39 INFO  : Context for 'APU' is selected.
16:02:39 INFO  : 'stop' command is executed.
16:02:39 INFO  : 'ps7_init' command is executed.
16:02:39 INFO  : 'ps7_post_config' command is executed.
16:02:39 INFO  : 'configparams mdm-detect-bscan-mask 2' command is executed.
16:02:39 INFO  : Context for processor 'microblaze_0' is selected.
16:02:39 INFO  : Processor reset is completed for 'microblaze_0'.
16:02:39 INFO  : Context for processor 'microblaze_1' is selected.
16:02:40 INFO  : Processor reset is completed for 'microblaze_1'.
16:02:40 INFO  : Context for processor 'microblaze_0' is selected.
16:02:40 INFO  : The application 'C:/Users/zeyne/hw/pazar_24.04.2022/pazar_24.04.2022.sdk/MB1_mutex/Debug/MB1_mutex.elf' is downloaded to processor 'microblaze_0'.
16:02:40 INFO  : Context for processor 'microblaze_1' is selected.
16:02:40 INFO  : The application 'C:/Users/zeyne/hw/pazar_24.04.2022/pazar_24.04.2022.sdk/MB2_mutex/Debug/MB2_mutex.elf' is downloaded to processor 'microblaze_1'.
16:02:40 INFO  : 'configparams force-mem-access 0' command is executed.
16:02:40 INFO  : ----------------XSDB Script----------------
connect -url tcp:127.0.0.1:3121
source C:/Users/zeyne/hw/pazar_24.04.2022/pazar_24.04.2022.sdk/design_1_wrapper_hw_platform_2/ps7_init.tcl
targets -set -nocase -filter {name =~"APU*" && jtag_cable_name =~ "Digilent Zed 210248A39D0C"} -index 0
loadhw -hw C:/Users/zeyne/hw/pazar_24.04.2022/pazar_24.04.2022.sdk/design_1_wrapper_hw_platform_2/system.hdf -mem-ranges [list {0x40000000 0xbfffffff}]
configparams force-mem-access 1
targets -set -nocase -filter {name =~"APU*" && jtag_cable_name =~ "Digilent Zed 210248A39D0C"} -index 0
stop
ps7_init
ps7_post_config
configparams mdm-detect-bscan-mask 2
targets -set -nocase -filter {name =~ "microblaze*#0" && bscan=="USER2"  && jtag_cable_name =~ "Digilent Zed 210248A39D0C"} -index 1
rst -processor
targets -set -nocase -filter {name =~ "microblaze*#1" && bscan=="USER2"  && jtag_cable_name =~ "Digilent Zed 210248A39D0C"} -index 1
rst -processor
targets -set -nocase -filter {name =~ "microblaze*#0" && bscan=="USER2"  && jtag_cable_name =~ "Digilent Zed 210248A39D0C"} -index 1
dow C:/Users/zeyne/hw/pazar_24.04.2022/pazar_24.04.2022.sdk/MB1_mutex/Debug/MB1_mutex.elf
targets -set -nocase -filter {name =~ "microblaze*#1" && bscan=="USER2"  && jtag_cable_name =~ "Digilent Zed 210248A39D0C"} -index 1
dow C:/Users/zeyne/hw/pazar_24.04.2022/pazar_24.04.2022.sdk/MB2_mutex/Debug/MB2_mutex.elf
configparams force-mem-access 0
----------------End of Script----------------

16:02:40 INFO  : Memory regions updated for context APU
16:02:40 INFO  : Memory regions updated for context MicroBlaze #0
16:02:40 INFO  : Memory regions updated for context MicroBlaze #1
16:02:40 INFO  : Memory regions updated for context MicroBlaze #0
16:02:40 INFO  : Context for processor 'microblaze_0' is selected.
16:02:40 INFO  : 'con' command is executed.
16:02:40 INFO  : Context for processor 'microblaze_1' is selected.
16:02:40 INFO  : 'con' command is executed.
16:02:40 INFO  : ----------------XSDB Script (After Launch)----------------
targets -set -nocase -filter {name =~ "microblaze*#0" && bscan=="USER2"  && jtag_cable_name =~ "Digilent Zed 210248A39D0C"} -index 1
con
targets -set -nocase -filter {name =~ "microblaze*#1" && bscan=="USER2"  && jtag_cable_name =~ "Digilent Zed 210248A39D0C"} -index 1
con
----------------End of Script----------------

16:02:40 INFO  : Launch script is exported to file 'C:\Users\zeyne\hw\pazar_24.04.2022\pazar_24.04.2022.sdk\.sdk\launch_scripts\xilinx_c-c++_application_(system_debugger)\system_debugger_using_debug_mb1_mutex.elf_on_local.tcl'
16:34:43 INFO  : Disconnected from the channel tcfchan#2.
16:34:44 INFO  : 'targets -set -filter {jtag_cable_name =~ "Digilent Zed 210248A39D0C" && level==0} -index 1' command is executed.
16:34:44 INFO  : 'fpga -state' command is executed.
16:34:44 INFO  : Connected to target on host '127.0.0.1' and port '3121'.
16:34:44 INFO  : Jtag cable 'Digilent Zed 210248A39D0C' is selected.
16:34:44 INFO  : 'jtag frequency' command is executed.
16:34:44 INFO  : Sourcing of 'C:/Users/zeyne/hw/pazar_24.04.2022/pazar_24.04.2022.sdk/design_1_wrapper_hw_platform_2/ps7_init.tcl' is done.
16:34:44 INFO  : Context for 'APU' is selected.
16:34:44 INFO  : Hardware design information is loaded from 'C:/Users/zeyne/hw/pazar_24.04.2022/pazar_24.04.2022.sdk/design_1_wrapper_hw_platform_2/system.hdf'.
16:34:44 INFO  : 'configparams force-mem-access 1' command is executed.
16:34:44 INFO  : Context for 'APU' is selected.
16:34:44 INFO  : 'stop' command is executed.
16:34:45 INFO  : 'ps7_init' command is executed.
16:34:45 INFO  : 'ps7_post_config' command is executed.
16:34:45 INFO  : 'configparams mdm-detect-bscan-mask 2' command is executed.
16:34:45 INFO  : Context for processor 'microblaze_0' is selected.
16:34:45 INFO  : Processor reset is completed for 'microblaze_0'.
16:34:45 INFO  : Context for processor 'microblaze_1' is selected.
16:34:45 INFO  : Processor reset is completed for 'microblaze_1'.
16:34:45 INFO  : Context for processor 'microblaze_0' is selected.
16:34:45 INFO  : The application 'C:/Users/zeyne/hw/pazar_24.04.2022/pazar_24.04.2022.sdk/MB1_mutex/Debug/MB1_mutex.elf' is downloaded to processor 'microblaze_0'.
16:34:45 INFO  : Context for processor 'microblaze_1' is selected.
16:34:45 INFO  : The application 'C:/Users/zeyne/hw/pazar_24.04.2022/pazar_24.04.2022.sdk/MB2_mutex/Debug/MB2_mutex.elf' is downloaded to processor 'microblaze_1'.
16:34:45 INFO  : 'configparams force-mem-access 0' command is executed.
16:34:45 INFO  : ----------------XSDB Script----------------
connect -url tcp:127.0.0.1:3121
source C:/Users/zeyne/hw/pazar_24.04.2022/pazar_24.04.2022.sdk/design_1_wrapper_hw_platform_2/ps7_init.tcl
targets -set -nocase -filter {name =~"APU*" && jtag_cable_name =~ "Digilent Zed 210248A39D0C"} -index 0
loadhw -hw C:/Users/zeyne/hw/pazar_24.04.2022/pazar_24.04.2022.sdk/design_1_wrapper_hw_platform_2/system.hdf -mem-ranges [list {0x40000000 0xbfffffff}]
configparams force-mem-access 1
targets -set -nocase -filter {name =~"APU*" && jtag_cable_name =~ "Digilent Zed 210248A39D0C"} -index 0
stop
ps7_init
ps7_post_config
configparams mdm-detect-bscan-mask 2
targets -set -nocase -filter {name =~ "microblaze*#0" && bscan=="USER2"  && jtag_cable_name =~ "Digilent Zed 210248A39D0C"} -index 1
rst -processor
targets -set -nocase -filter {name =~ "microblaze*#1" && bscan=="USER2"  && jtag_cable_name =~ "Digilent Zed 210248A39D0C"} -index 1
rst -processor
targets -set -nocase -filter {name =~ "microblaze*#0" && bscan=="USER2"  && jtag_cable_name =~ "Digilent Zed 210248A39D0C"} -index 1
dow C:/Users/zeyne/hw/pazar_24.04.2022/pazar_24.04.2022.sdk/MB1_mutex/Debug/MB1_mutex.elf
targets -set -nocase -filter {name =~ "microblaze*#1" && bscan=="USER2"  && jtag_cable_name =~ "Digilent Zed 210248A39D0C"} -index 1
dow C:/Users/zeyne/hw/pazar_24.04.2022/pazar_24.04.2022.sdk/MB2_mutex/Debug/MB2_mutex.elf
configparams force-mem-access 0
----------------End of Script----------------

16:34:45 INFO  : Memory regions updated for context APU
16:34:45 INFO  : Memory regions updated for context MicroBlaze #0
16:34:45 INFO  : Memory regions updated for context MicroBlaze #1
16:34:45 INFO  : Memory regions updated for context MicroBlaze #0
16:34:45 INFO  : Context for processor 'microblaze_0' is selected.
16:34:45 INFO  : 'con' command is executed.
16:34:45 INFO  : Context for processor 'microblaze_1' is selected.
16:34:45 INFO  : 'con' command is executed.
16:34:45 INFO  : ----------------XSDB Script (After Launch)----------------
targets -set -nocase -filter {name =~ "microblaze*#0" && bscan=="USER2"  && jtag_cable_name =~ "Digilent Zed 210248A39D0C"} -index 1
con
targets -set -nocase -filter {name =~ "microblaze*#1" && bscan=="USER2"  && jtag_cable_name =~ "Digilent Zed 210248A39D0C"} -index 1
con
----------------End of Script----------------

16:34:45 INFO  : Launch script is exported to file 'C:\Users\zeyne\hw\pazar_24.04.2022\pazar_24.04.2022.sdk\.sdk\launch_scripts\xilinx_c-c++_application_(system_debugger)\system_debugger_using_debug_mb1_mutex.elf_on_local.tcl'
16:35:20 INFO  : Disconnected from the channel tcfchan#3.
16:35:21 INFO  : 'targets -set -filter {jtag_cable_name =~ "Digilent Zed 210248A39D0C" && level==0} -index 1' command is executed.
16:35:21 INFO  : 'fpga -state' command is executed.
16:35:21 INFO  : Connected to target on host '127.0.0.1' and port '3121'.
16:35:21 INFO  : Jtag cable 'Digilent Zed 210248A39D0C' is selected.
16:35:21 INFO  : 'jtag frequency' command is executed.
16:35:21 INFO  : Sourcing of 'C:/Users/zeyne/hw/pazar_24.04.2022/pazar_24.04.2022.sdk/design_1_wrapper_hw_platform_2/ps7_init.tcl' is done.
16:35:21 INFO  : Context for 'APU' is selected.
16:35:21 INFO  : Hardware design information is loaded from 'C:/Users/zeyne/hw/pazar_24.04.2022/pazar_24.04.2022.sdk/design_1_wrapper_hw_platform_2/system.hdf'.
16:35:21 INFO  : 'configparams force-mem-access 1' command is executed.
16:35:21 INFO  : Context for 'APU' is selected.
16:35:21 INFO  : 'stop' command is executed.
16:35:22 INFO  : 'ps7_init' command is executed.
16:35:22 INFO  : 'ps7_post_config' command is executed.
16:35:22 INFO  : 'configparams mdm-detect-bscan-mask 2' command is executed.
16:35:22 INFO  : Context for processor 'microblaze_0' is selected.
16:35:22 INFO  : Processor reset is completed for 'microblaze_0'.
16:35:22 INFO  : Context for processor 'microblaze_1' is selected.
16:35:22 INFO  : Processor reset is completed for 'microblaze_1'.
16:35:22 INFO  : Context for processor 'microblaze_0' is selected.
16:35:22 INFO  : The application 'C:/Users/zeyne/hw/pazar_24.04.2022/pazar_24.04.2022.sdk/MB1_mutex/Debug/MB1_mutex.elf' is downloaded to processor 'microblaze_0'.
16:35:22 INFO  : Context for processor 'microblaze_1' is selected.
16:35:22 INFO  : The application 'C:/Users/zeyne/hw/pazar_24.04.2022/pazar_24.04.2022.sdk/MB2_mutex/Debug/MB2_mutex.elf' is downloaded to processor 'microblaze_1'.
16:35:22 INFO  : 'configparams force-mem-access 0' command is executed.
16:35:22 INFO  : ----------------XSDB Script----------------
connect -url tcp:127.0.0.1:3121
source C:/Users/zeyne/hw/pazar_24.04.2022/pazar_24.04.2022.sdk/design_1_wrapper_hw_platform_2/ps7_init.tcl
targets -set -nocase -filter {name =~"APU*" && jtag_cable_name =~ "Digilent Zed 210248A39D0C"} -index 0
loadhw -hw C:/Users/zeyne/hw/pazar_24.04.2022/pazar_24.04.2022.sdk/design_1_wrapper_hw_platform_2/system.hdf -mem-ranges [list {0x40000000 0xbfffffff}]
configparams force-mem-access 1
targets -set -nocase -filter {name =~"APU*" && jtag_cable_name =~ "Digilent Zed 210248A39D0C"} -index 0
stop
ps7_init
ps7_post_config
configparams mdm-detect-bscan-mask 2
targets -set -nocase -filter {name =~ "microblaze*#0" && bscan=="USER2"  && jtag_cable_name =~ "Digilent Zed 210248A39D0C"} -index 1
rst -processor
targets -set -nocase -filter {name =~ "microblaze*#1" && bscan=="USER2"  && jtag_cable_name =~ "Digilent Zed 210248A39D0C"} -index 1
rst -processor
targets -set -nocase -filter {name =~ "microblaze*#0" && bscan=="USER2"  && jtag_cable_name =~ "Digilent Zed 210248A39D0C"} -index 1
dow C:/Users/zeyne/hw/pazar_24.04.2022/pazar_24.04.2022.sdk/MB1_mutex/Debug/MB1_mutex.elf
targets -set -nocase -filter {name =~ "microblaze*#1" && bscan=="USER2"  && jtag_cable_name =~ "Digilent Zed 210248A39D0C"} -index 1
dow C:/Users/zeyne/hw/pazar_24.04.2022/pazar_24.04.2022.sdk/MB2_mutex/Debug/MB2_mutex.elf
configparams force-mem-access 0
----------------End of Script----------------

16:35:22 INFO  : Memory regions updated for context APU
16:35:22 INFO  : Memory regions updated for context MicroBlaze #0
16:35:22 INFO  : Memory regions updated for context MicroBlaze #1
16:35:22 INFO  : Memory regions updated for context MicroBlaze #0
16:35:22 INFO  : Context for processor 'microblaze_0' is selected.
16:35:22 INFO  : 'con' command is executed.
16:35:22 INFO  : Context for processor 'microblaze_1' is selected.
16:35:22 INFO  : 'con' command is executed.
16:35:22 INFO  : ----------------XSDB Script (After Launch)----------------
targets -set -nocase -filter {name =~ "microblaze*#0" && bscan=="USER2"  && jtag_cable_name =~ "Digilent Zed 210248A39D0C"} -index 1
con
targets -set -nocase -filter {name =~ "microblaze*#1" && bscan=="USER2"  && jtag_cable_name =~ "Digilent Zed 210248A39D0C"} -index 1
con
----------------End of Script----------------

16:35:22 INFO  : Launch script is exported to file 'C:\Users\zeyne\hw\pazar_24.04.2022\pazar_24.04.2022.sdk\.sdk\launch_scripts\xilinx_c-c++_application_(system_debugger)\system_debugger_using_debug_mb1_mutex.elf_on_local.tcl'
11:19:12 INFO  : Registering command handlers for SDK TCF services
11:19:13 INFO  : Launching XSCT server: xsct.bat -interactive C:\Users\berke\Desktop\OKUL\SoC\SoC_Project_Final\pazar_24.04.2022\pazar_24.04.2022.sdk\temp_xsdb_launch_script.tcl
11:19:15 INFO  : XSCT server has started successfully.
11:19:18 INFO  : Successfully done setting XSCT server connection channel  
11:19:18 INFO  : Successfully done setting SDK workspace  
11:19:18 INFO  : Processing command line option -hwspec C:/Users/berke/Desktop/OKUL/SoC/SoC_Project_Final/pazar_24.04.2022/pazar_24.04.2022.sdk/design_1_wrapper.hdf.
